Using TensorFlow backend.
The PostScript backend does not support transparency; partially transparent artists will be rendered opaque.
The PostScript backend does not support transparency; partially transparent artists will be rendered opaque.
{'epochs': 10, 'checkpoint': 'results/cifar10/RPS_net_cifar10', 'savepoint': 'results/cifar10/pathnet_cifar10', 'dataset': 'CIFAR10', 'num_class': 10, 'class_per_task': 2, 'M': 8, 'L': 9, 'N': 1, 'lr': 0.001, 'train_batch': 64, 'test_batch': 64, 'workers': 16, 'resume': False, 'arch': 'res-18', 'start_epoch': 0, 'evaluate': False, 'sess': 0, 'test_case': 0, 'schedule': [6, 8, 16], 'gamma': 0.5, 'rigidness_coff': 2.5, 'jump': 1}
    Total params: 89.55M
Starting with session 0
test case : 0
#################################################################################
path
 [[1. 0. 0. 0. 0. 0. 0. 0.]
 [1. 0. 0. 0. 0. 0. 0. 0.]
 [1. 0. 0. 0. 0. 0. 0. 0.]
 [1. 0. 0. 0. 0. 0. 0. 0.]
 [1. 0. 0. 0. 0. 0. 0. 0.]
 [1. 0. 0. 0. 0. 0. 0. 0.]
 [1. 0. 0. 0. 0. 0. 0. 0.]
 [1. 0. 0. 0. 0. 0. 0. 0.]
 [1. 0. 0. 0. 0. 0. 0. 0.]]
fixed_path
 [[0. 0. 0. 0. 0. 0. 0. 0.]
 [0. 0. 0. 0. 0. 0. 0. 0.]
 [0. 0. 0. 0. 0. 0. 0. 0.]
 [0. 0. 0. 0. 0. 0. 0. 0.]
 [0. 0. 0. 0. 0. 0. 0. 0.]
 [0. 0. 0. 0. 0. 0. 0. 0.]
 [0. 0. 0. 0. 0. 0. 0. 0.]
 [0. 0. 0. 0. 0. 0. 0. 0.]
 [0. 0. 0. 0. 0. 0. 0. 0.]]
train_path
 [[1. 0. 0. 0. 0. 0. 0. 0.]
 [1. 0. 0. 0. 0. 0. 0. 0.]
 [1. 0. 0. 0. 0. 0. 0. 0.]
 [1. 0. 0. 0. 0. 0. 0. 0.]
 [1. 0. 0. 0. 0. 0. 0. 0.]
 [1. 0. 0. 0. 0. 0. 0. 0.]
 [1. 0. 0. 0. 0. 0. 0. 0.]
 [1. 0. 0. 0. 0. 0. 0. 0.]
 [1. 0. 0. 0. 0. 0. 0. 0.]]
infer_path
 [[1. 0. 0. 0. 0. 0. 0. 0.]
 [1. 0. 0. 0. 0. 0. 0. 0.]
 [1. 0. 0. 0. 0. 0. 0. 0.]
 [1. 0. 0. 0. 0. 0. 0. 0.]
 [1. 0. 0. 0. 0. 0. 0. 0.]
 [1. 0. 0. 0. 0. 0. 0. 0.]
 [1. 0. 0. 0. 0. 0. 0. 0.]
 [1. 0. 0. 0. 0. 0. 0. 0.]
 [1. 0. 0. 0. 0. 0. 0. 0.]]
Number of layers being trained :  13

Epoch: [1 | 10] LR: 0.001000 Sess: 0

Epoch: [2 | 10] LR: 0.001000 Sess: 0

Epoch: [3 | 10] LR: 0.001000 Sess: 0

Epoch: [4 | 10] LR: 0.001000 Sess: 0

Epoch: [5 | 10] LR: 0.001000 Sess: 0

Epoch: [6 | 10] LR: 0.001000 Sess: 0

Epoch: [7 | 10] LR: 0.000500 Sess: 0

Epoch: [8 | 10] LR: 0.000500 Sess: 0

Epoch: [9 | 10] LR: 0.000250 Sess: 0

Epoch: [10 | 10] LR: 0.000250 Sess: 0
Best acc:
97.8
Files already downloaded and verified
Truth: airplane
Predicted: automobile
Truth: airplane
Predicted: airplane
Truth: airplane
Predicted: automobile
Truth: airplane
Predicted: bird
Truth: airplane
Predicted: automobile
Truth: automobile
Predicted: automobile
Truth: automobile
Predicted: automobile
Truth: automobile
Predicted: automobile
Truth: automobile
Predicted: automobile
Truth: automobile
Predicted: automobile
session_0_0_log.txt
97.8 0
tensor([[947.,  14.,  39.,  ...,   0.,   0.,   0.],
        [ 14., 969.,  17.,  ...,   0.,   0.,   0.],
        [  0.,   0.,   0.,  ...,   0.,   0.,   0.],
        ...,
        [  0.,   0.,   0.,  ...,   0.,   0.,   0.],
        [  0.,   0.,   0.,  ...,   0.,   0.,   0.],
        [  0.,   0.,   0.,  ...,   0.,   0.,   0.]])
done with session 0
#################################################################################
10
Using TensorFlow backend.
/home/abanyi17/RPSnet-master/captum/lib64/python3.6/site-packages/torch/nn/_reduction.py:42: UserWarning: size_average and reduce args will be deprecated, please use reduction='none' instead.
  warnings.warn(warning.format(ret))
The PostScript backend does not support transparency; partially transparent artists will be rendered opaque.
The PostScript backend does not support transparency; partially transparent artists will be rendered opaque.
{'epochs': 10, 'checkpoint': 'results/cifar10/RPS_net_cifar10', 'savepoint': 'results/cifar10/pathnet_cifar10', 'dataset': 'CIFAR10', 'num_class': 10, 'class_per_task': 2, 'M': 8, 'L': 9, 'N': 1, 'lr': 0.001, 'train_batch': 64, 'test_batch': 64, 'workers': 16, 'resume': False, 'arch': 'res-18', 'start_epoch': 0, 'evaluate': False, 'sess': 0, 'test_case': 0, 'schedule': [6, 8, 16], 'gamma': 0.5, 'rigidness_coff': 2.5, 'jump': 1}
    Total params: 89.55M
session_0_0_log.txt
97.8 0
Starting with session 1
test case : 0
#################################################################################
path
 [[0. 0. 0. 0. 0. 0. 0. 1.]
 [0. 0. 0. 0. 0. 0. 1. 0.]
 [0. 0. 0. 0. 1. 0. 0. 0.]
 [1. 0. 0. 0. 0. 0. 0. 0.]
 [0. 0. 0. 0. 1. 0. 0. 0.]
 [0. 0. 1. 0. 0. 0. 0. 0.]
 [0. 0. 0. 0. 0. 0. 1. 0.]
 [0. 0. 0. 0. 0. 0. 1. 0.]
 [0. 1. 0. 0. 0. 0. 0. 0.]]
fixed_path
 [[1. 0. 0. 0. 0. 0. 0. 0.]
 [1. 0. 0. 0. 0. 0. 0. 0.]
 [1. 0. 0. 0. 0. 0. 0. 0.]
 [1. 0. 0. 0. 0. 0. 0. 0.]
 [1. 0. 0. 0. 0. 0. 0. 0.]
 [1. 0. 0. 0. 0. 0. 0. 0.]
 [1. 0. 0. 0. 0. 0. 0. 0.]
 [1. 0. 0. 0. 0. 0. 0. 0.]
 [1. 0. 0. 0. 0. 0. 0. 0.]]
train_path
 [[0. 0. 0. 0. 0. 0. 0. 1.]
 [0. 0. 0. 0. 0. 0. 1. 0.]
 [0. 0. 0. 0. 1. 0. 0. 0.]
 [0. 0. 0. 0. 0. 0. 0. 0.]
 [0. 0. 0. 0. 1. 0. 0. 0.]
 [0. 0. 1. 0. 0. 0. 0. 0.]
 [0. 0. 0. 0. 0. 0. 1. 0.]
 [0. 0. 0. 0. 0. 0. 1. 0.]
 [0. 1. 0. 0. 0. 0. 0. 0.]]
infer_path
 [[1. 0. 0. 0. 0. 0. 0. 1.]
 [1. 0. 0. 0. 0. 0. 1. 0.]
 [1. 0. 0. 0. 1. 0. 0. 0.]
 [1. 0. 0. 0. 0. 0. 0. 0.]
 [1. 0. 0. 0. 1. 0. 0. 0.]
 [1. 0. 1. 0. 0. 0. 0. 0.]
 [1. 0. 0. 0. 0. 0. 1. 0.]
 [1. 0. 0. 0. 0. 0. 1. 0.]
 [1. 1. 0. 0. 0. 0. 0. 0.]]
Number of layers being trained :  12

Epoch: [1 | 10] LR: 0.001000 Sess: 1

Epoch: [2 | 10] LR: 0.001000 Sess: 1

Epoch: [3 | 10] LR: 0.001000 Sess: 1

Epoch: [4 | 10] LR: 0.001000 Sess: 1

Epoch: [5 | 10] LR: 0.001000 Sess: 1

Epoch: [6 | 10] LR: 0.001000 Sess: 1

Epoch: [7 | 10] LR: 0.000500 Sess: 1

Epoch: [8 | 10] LR: 0.000500 Sess: 1

Epoch: [9 | 10] LR: 0.000250 Sess: 1

Epoch: [10 | 10] LR: 0.000250 Sess: 1
Best acc:
89.025
Files already downloaded and verified
Truth: airplane
Predicted: automobile
Truth: airplane
Predicted: airplane
Truth: airplane
Predicted: automobile
Truth: airplane
Predicted: automobile
Truth: airplane
Predicted: automobile
Truth: automobile
Predicted: automobile
Truth: automobile
Predicted: automobile
Truth: automobile
Predicted: automobile
Truth: automobile
Predicted: automobile
Truth: automobile
Predicted: automobile
session_1_0_log.txt
89.025 0
tensor([[850.,  15.,  79.,  ...,   0.,   0.,   0.],
        [ 15., 942.,  15.,  ...,   0.,   0.,   0.],
        [ 29.,   1., 855.,  ...,   0.,   0.,   0.],
        ...,
        [  0.,   0.,   0.,  ...,   0.,   0.,   0.],
        [  0.,   0.,   0.,  ...,   0.,   0.,   0.],
        [  0.,   0.,   0.,  ...,   0.,   0.,   0.]])
done with session 1
#################################################################################
10
