Start Time: 
2024-10-13_22:17:24

Using TensorFlow backend.
The PostScript backend does not support transparency; partially transparent artists will be rendered opaque.
The PostScript backend does not support transparency; partially transparent artists will be rendered opaque.
{'epochs': 10, 'checkpoint': 'results/mnist/RPS_net_mnist', 'savepoint': 'results/mnist/pathnet_mnist', 'dataset': 'MNIST', 'num_class': 10, 'class_per_task': 2, 'M': 8, 'L': 9, 'N': 1, 'lr': 0.001, 'train_batch': 128, 'test_batch': 128, 'workers': 16, 'resume': False, 'arch': 'res-18', 'start_epoch': 0, 'evaluate': False, 'sess': 0, 'test_case': 0, 'schedule': [6, 8, 16], 'gamma': 0.5, 'rigidness_coff': 2.5, 'jump': 1}
    Total params: 2.92M
Load Shape:  (10000, 784)
Starting with session 0
test case : 0
#################################################################################
path
 [[1. 0. 0. 0. 0. 0. 0. 0.]
 [1. 0. 0. 0. 0. 0. 0. 0.]
 [1. 0. 0. 0. 0. 0. 0. 0.]
 [1. 0. 0. 0. 0. 0. 0. 0.]
 [1. 0. 0. 0. 0. 0. 0. 0.]
 [1. 0. 0. 0. 0. 0. 0. 0.]
 [1. 0. 0. 0. 0. 0. 0. 0.]
 [1. 0. 0. 0. 0. 0. 0. 0.]
 [1. 0. 0. 0. 0. 0. 0. 0.]]
fixed_path
 [[0. 0. 0. 0. 0. 0. 0. 0.]
 [0. 0. 0. 0. 0. 0. 0. 0.]
 [0. 0. 0. 0. 0. 0. 0. 0.]
 [0. 0. 0. 0. 0. 0. 0. 0.]
 [0. 0. 0. 0. 0. 0. 0. 0.]
 [0. 0. 0. 0. 0. 0. 0. 0.]
 [0. 0. 0. 0. 0. 0. 0. 0.]
 [0. 0. 0. 0. 0. 0. 0. 0.]
 [0. 0. 0. 0. 0. 0. 0. 0.]]
train_path
 [[1. 0. 0. 0. 0. 0. 0. 0.]
 [1. 0. 0. 0. 0. 0. 0. 0.]
 [1. 0. 0. 0. 0. 0. 0. 0.]
 [1. 0. 0. 0. 0. 0. 0. 0.]
 [1. 0. 0. 0. 0. 0. 0. 0.]
 [1. 0. 0. 0. 0. 0. 0. 0.]
 [1. 0. 0. 0. 0. 0. 0. 0.]
 [1. 0. 0. 0. 0. 0. 0. 0.]
 [1. 0. 0. 0. 0. 0. 0. 0.]]
infer_path
 [[1. 0. 0. 0. 0. 0. 0. 0.]
 [1. 0. 0. 0. 0. 0. 0. 0.]
 [1. 0. 0. 0. 0. 0. 0. 0.]
 [1. 0. 0. 0. 0. 0. 0. 0.]
 [1. 0. 0. 0. 0. 0. 0. 0.]
 [1. 0. 0. 0. 0. 0. 0. 0.]
 [1. 0. 0. 0. 0. 0. 0. 0.]
 [1. 0. 0. 0. 0. 0. 0. 0.]
 [1. 0. 0. 0. 0. 0. 0. 0.]]
Number of layers being trained :  3

Epoch: [1 | 10] LR: 0.001000 Sess: 0

Epoch: [2 | 10] LR: 0.001000 Sess: 0

Epoch: [3 | 10] LR: 0.001000 Sess: 0

Epoch: [4 | 10] LR: 0.001000 Sess: 0

Epoch: [5 | 10] LR: 0.001000 Sess: 0

Epoch: [6 | 10] LR: 0.001000 Sess: 0

Epoch: [7 | 10] LR: 0.000500 Sess: 0

Epoch: [8 | 10] LR: 0.000500 Sess: 0

Epoch: [9 | 10] LR: 0.000250 Sess: 0

Epoch: [10 | 10] LR: 0.000250 Sess: 0
Best acc:
100.0
Sal Shape:  (10, 784)
Truth: 0 - zero
Predicted: 0 - zero
Truth: 0 - zero
Predicted: 0 - zero
Truth: 0 - zero
Predicted: 0 - zero
Truth: 0 - zero
Predicted: 0 - zero
Truth: 0 - zero
Predicted: 0 - zero
Truth: 1 - one
Predicted: 1 - one
Truth: 1 - one
Predicted: 1 - one
Truth: 1 - one
Predicted: 1 - one
Truth: 1 - one
Predicted: 1 - one
Truth: 1 - one
Predicted: 1 - one
session_0_0_log.txt
100.0 0
tensor([[ 979.,    0.,    0.,  ...,    0.,    0.,    0.],
        [   0., 1134.,    0.,  ...,    0.,    0.,    0.],
        [   0.,    0.,    0.,  ...,    0.,    0.,    0.],
        ...,
        [   0.,    0.,    0.,  ...,    0.,    0.,    0.],
        [   0.,    0.,    0.,  ...,    0.,    0.,    0.],
        [   0.,    0.,    0.,  ...,    0.,    0.,    0.]])
done with session 0
#################################################################################
10
Using TensorFlow backend.
/home/abanyi17/RPSnet-master/captum/lib64/python3.6/site-packages/torch/nn/_reduction.py:42: UserWarning: size_average and reduce args will be deprecated, please use reduction='none' instead.
  warnings.warn(warning.format(ret))
The PostScript backend does not support transparency; partially transparent artists will be rendered opaque.
The PostScript backend does not support transparency; partially transparent artists will be rendered opaque.
{'epochs': 10, 'checkpoint': 'results/mnist/RPS_net_mnist', 'savepoint': 'results/mnist/pathnet_mnist', 'dataset': 'MNIST', 'num_class': 10, 'class_per_task': 2, 'M': 8, 'L': 9, 'N': 1, 'lr': 0.001, 'train_batch': 128, 'test_batch': 128, 'workers': 16, 'resume': False, 'arch': 'res-18', 'start_epoch': 0, 'evaluate': False, 'sess': 0, 'test_case': 0, 'schedule': [6, 8, 16], 'gamma': 0.5, 'rigidness_coff': 2.5, 'jump': 1}
    Total params: 2.92M
Load Shape:  (10000, 784)
session_0_0_log.txt
100.0 0
Starting with session 1
test case : 0
#################################################################################
path
 [[0. 0. 0. 0. 0. 0. 0. 1.]
 [0. 0. 0. 0. 0. 0. 1. 0.]
 [0. 1. 0. 0. 0. 0. 0. 0.]
 [0. 0. 1. 0. 0. 0. 0. 0.]
 [0. 0. 0. 0. 0. 1. 0. 0.]
 [1. 0. 0. 0. 0. 0. 0. 0.]
 [0. 0. 0. 0. 0. 1. 0. 0.]
 [0. 0. 0. 0. 0. 0. 1. 0.]
 [0. 0. 0. 0. 0. 1. 0. 0.]]
fixed_path
 [[1. 0. 0. 0. 0. 0. 0. 0.]
 [1. 0. 0. 0. 0. 0. 0. 0.]
 [1. 0. 0. 0. 0. 0. 0. 0.]
 [1. 0. 0. 0. 0. 0. 0. 0.]
 [1. 0. 0. 0. 0. 0. 0. 0.]
 [1. 0. 0. 0. 0. 0. 0. 0.]
 [1. 0. 0. 0. 0. 0. 0. 0.]
 [1. 0. 0. 0. 0. 0. 0. 0.]
 [1. 0. 0. 0. 0. 0. 0. 0.]]
train_path
 [[0. 0. 0. 0. 0. 0. 0. 1.]
 [0. 0. 0. 0. 0. 0. 1. 0.]
 [0. 1. 0. 0. 0. 0. 0. 0.]
 [0. 0. 1. 0. 0. 0. 0. 0.]
 [0. 0. 0. 0. 0. 1. 0. 0.]
 [0. 0. 0. 0. 0. 0. 0. 0.]
 [0. 0. 0. 0. 0. 1. 0. 0.]
 [0. 0. 0. 0. 0. 0. 1. 0.]
 [0. 0. 0. 0. 0. 1. 0. 0.]]
infer_path
 [[1. 0. 0. 0. 0. 0. 0. 1.]
 [1. 0. 0. 0. 0. 0. 1. 0.]
 [1. 1. 0. 0. 0. 0. 0. 0.]
 [1. 0. 1. 0. 0. 0. 0. 0.]
 [1. 0. 0. 0. 0. 1. 0. 0.]
 [1. 0. 0. 0. 0. 0. 0. 0.]
 [1. 0. 0. 0. 0. 1. 0. 0.]
 [1. 0. 0. 0. 0. 0. 1. 0.]
 [1. 0. 0. 0. 0. 1. 0. 0.]]
Number of layers being trained :  3

Epoch: [1 | 10] LR: 0.001000 Sess: 1

Epoch: [2 | 10] LR: 0.001000 Sess: 1

Epoch: [3 | 10] LR: 0.001000 Sess: 1

Epoch: [4 | 10] LR: 0.001000 Sess: 1

Epoch: [5 | 10] LR: 0.001000 Sess: 1

Epoch: [6 | 10] LR: 0.001000 Sess: 1

Epoch: [7 | 10] LR: 0.000500 Sess: 1

Epoch: [8 | 10] LR: 0.000500 Sess: 1

Epoch: [9 | 10] LR: 0.000250 Sess: 1

Epoch: [10 | 10] LR: 0.000250 Sess: 1
Best acc:
99.5669954293962
Sal Shape:  (10, 784)
Truth: 0 - zero
Predicted: 0 - zero
Truth: 0 - zero
Predicted: 0 - zero
Truth: 0 - zero
Predicted: 0 - zero
Truth: 0 - zero
Predicted: 0 - zero
Truth: 0 - zero
Predicted: 0 - zero
Truth: 1 - one
Predicted: 1 - one
Truth: 1 - one
Predicted: 1 - one
Truth: 1 - one
Predicted: 1 - one
Truth: 1 - one
Predicted: 1 - one
Truth: 1 - one
Predicted: 1 - one
session_1_0_log.txt
99.566995 0
tensor([[9.7400e+02, 0.0000e+00, 4.0000e+00,  ..., 0.0000e+00, 0.0000e+00,
         0.0000e+00],
        [1.0000e+00, 1.1270e+03, 5.0000e+00,  ..., 0.0000e+00, 0.0000e+00,
         0.0000e+00],
        [1.0000e+00, 0.0000e+00, 1.0290e+03,  ..., 0.0000e+00, 0.0000e+00,
         0.0000e+00],
        ...,
        [0.0000e+00, 0.0000e+00, 0.0000e+00,  ..., 0.0000e+00, 0.0000e+00,
         0.0000e+00],
        [0.0000e+00, 0.0000e+00, 0.0000e+00,  ..., 0.0000e+00, 0.0000e+00,
         0.0000e+00],
        [0.0000e+00, 0.0000e+00, 0.0000e+00,  ..., 0.0000e+00, 0.0000e+00,
         0.0000e+00]])
done with session 1
#################################################################################
10
Using TensorFlow backend.
/home/abanyi17/RPSnet-master/captum/lib64/python3.6/site-packages/torch/nn/_reduction.py:42: UserWarning: size_average and reduce args will be deprecated, please use reduction='none' instead.
  warnings.warn(warning.format(ret))
The PostScript backend does not support transparency; partially transparent artists will be rendered opaque.
The PostScript backend does not support transparency; partially transparent artists will be rendered opaque.
{'epochs': 10, 'checkpoint': 'results/mnist/RPS_net_mnist', 'savepoint': 'results/mnist/pathnet_mnist', 'dataset': 'MNIST', 'num_class': 10, 'class_per_task': 2, 'M': 8, 'L': 9, 'N': 1, 'lr': 0.001, 'train_batch': 128, 'test_batch': 128, 'workers': 16, 'resume': False, 'arch': 'res-18', 'start_epoch': 0, 'evaluate': False, 'sess': 0, 'test_case': 0, 'schedule': [6, 8, 16], 'gamma': 0.5, 'rigidness_coff': 2.5, 'jump': 1}
    Total params: 2.92M
Load Shape:  (10000, 784)
session_1_0_log.txt
99.566995 0
Starting with session 2
test case : 0
#################################################################################
path
 [[0. 0. 0. 0. 0. 0. 0. 1.]
 [0. 0. 0. 1. 0. 0. 0. 0.]
 [0. 0. 0. 0. 0. 0. 1. 0.]
 [0. 0. 1. 0. 0. 0. 0. 0.]
 [0. 1. 0. 0. 0. 0. 0. 0.]
 [0. 0. 0. 0. 0. 1. 0. 0.]
 [0. 0. 0. 0. 0. 0. 0. 1.]
 [0. 0. 0. 0. 0. 0. 0. 1.]
 [1. 0. 0. 0. 0. 0. 0. 0.]]
fixed_path
 [[1. 0. 0. 0. 0. 0. 0. 1.]
 [1. 0. 0. 0. 0. 0. 1. 0.]
 [1. 1. 0. 0. 0. 0. 0. 0.]
 [1. 0. 1. 0. 0. 0. 0. 0.]
 [1. 0. 0. 0. 0. 1. 0. 0.]
 [1. 0. 0. 0. 0. 0. 0. 0.]
 [1. 0. 0. 0. 0. 1. 0. 0.]
 [1. 0. 0. 0. 0. 0. 1. 0.]
 [1. 0. 0. 0. 0. 1. 0. 0.]]
train_path
 [[0. 0. 0. 0. 0. 0. 0. 0.]
 [0. 0. 0. 1. 0. 0. 0. 0.]
 [0. 0. 0. 0. 0. 0. 1. 0.]
 [0. 0. 0. 0. 0. 0. 0. 0.]
 [0. 1. 0. 0. 0. 0. 0. 0.]
 [0. 0. 0. 0. 0. 1. 0. 0.]
 [0. 0. 0. 0. 0. 0. 0. 1.]
 [0. 0. 0. 0. 0. 0. 0. 1.]
 [0. 0. 0. 0. 0. 0. 0. 0.]]
infer_path
 [[1. 0. 0. 0. 0. 0. 0. 1.]
 [1. 0. 0. 1. 0. 0. 1. 0.]
 [1. 1. 0. 0. 0. 0. 1. 0.]
 [1. 0. 1. 0. 0. 0. 0. 0.]
 [1. 1. 0. 0. 0. 1. 0. 0.]
 [1. 0. 0. 0. 0. 1. 0. 0.]
 [1. 0. 0. 0. 0. 1. 0. 1.]
 [1. 0. 0. 0. 0. 0. 1. 1.]
 [1. 0. 0. 0. 0. 1. 0. 0.]]
Number of layers being trained :  2

Epoch: [1 | 10] LR: 0.001000 Sess: 2

Epoch: [2 | 10] LR: 0.001000 Sess: 2

Epoch: [3 | 10] LR: 0.001000 Sess: 2

Epoch: [4 | 10] LR: 0.001000 Sess: 2

Epoch: [5 | 10] LR: 0.001000 Sess: 2

Epoch: [6 | 10] LR: 0.001000 Sess: 2

Epoch: [7 | 10] LR: 0.000500 Sess: 2

Epoch: [8 | 10] LR: 0.000500 Sess: 2

Epoch: [9 | 10] LR: 0.000250 Sess: 2

Epoch: [10 | 10] LR: 0.000250 Sess: 2
Best acc:
98.42480517327144
Sal Shape:  (10, 784)
Truth: 0 - zero
Predicted: 0 - zero
Truth: 0 - zero
Predicted: 0 - zero
Truth: 0 - zero
Predicted: 0 - zero
Truth: 0 - zero
Predicted: 0 - zero
Truth: 0 - zero
Predicted: 0 - zero
Truth: 1 - one
Predicted: 1 - one
Truth: 1 - one
Predicted: 1 - one
Truth: 1 - one
Predicted: 1 - one
Truth: 1 - one
Predicted: 1 - one
Truth: 1 - one
Predicted: 1 - one
session_2_0_log.txt
98.424805 0
tensor([[9.7300e+02, 0.0000e+00, 2.0000e+00,  ..., 0.0000e+00, 0.0000e+00,
         0.0000e+00],
        [0.0000e+00, 1.1220e+03, 4.0000e+00,  ..., 0.0000e+00, 0.0000e+00,
         0.0000e+00],
        [2.0000e+00, 1.0000e+00, 1.0090e+03,  ..., 0.0000e+00, 0.0000e+00,
         0.0000e+00],
        ...,
        [0.0000e+00, 0.0000e+00, 0.0000e+00,  ..., 0.0000e+00, 0.0000e+00,
         0.0000e+00],
        [0.0000e+00, 0.0000e+00, 0.0000e+00,  ..., 0.0000e+00, 0.0000e+00,
         0.0000e+00],
        [0.0000e+00, 0.0000e+00, 0.0000e+00,  ..., 0.0000e+00, 0.0000e+00,
         0.0000e+00]])
done with session 2
#################################################################################
10
Using TensorFlow backend.
/home/abanyi17/RPSnet-master/captum/lib64/python3.6/site-packages/torch/nn/_reduction.py:42: UserWarning: size_average and reduce args will be deprecated, please use reduction='none' instead.
  warnings.warn(warning.format(ret))
The PostScript backend does not support transparency; partially transparent artists will be rendered opaque.
The PostScript backend does not support transparency; partially transparent artists will be rendered opaque.
{'epochs': 10, 'checkpoint': 'results/mnist/RPS_net_mnist', 'savepoint': 'results/mnist/pathnet_mnist', 'dataset': 'MNIST', 'num_class': 10, 'class_per_task': 2, 'M': 8, 'L': 9, 'N': 1, 'lr': 0.001, 'train_batch': 128, 'test_batch': 128, 'workers': 16, 'resume': False, 'arch': 'res-18', 'start_epoch': 0, 'evaluate': False, 'sess': 0, 'test_case': 0, 'schedule': [6, 8, 16], 'gamma': 0.5, 'rigidness_coff': 2.5, 'jump': 1}
    Total params: 2.92M
Load Shape:  (10000, 784)
session_2_0_log.txt
98.424805 0
Starting with session 3
test case : 0
#################################################################################
path
 [[0. 0. 0. 0. 0. 0. 1. 0.]
 [0. 0. 0. 0. 1. 0. 0. 0.]
 [1. 0. 0. 0. 0. 0. 0. 0.]
 [1. 0. 0. 0. 0. 0. 0. 0.]
 [0. 0. 0. 1. 0. 0. 0. 0.]
 [0. 0. 0. 0. 0. 1. 0. 0.]
 [0. 0. 0. 0. 0. 1. 0. 0.]
 [0. 0. 0. 1. 0. 0. 0. 0.]
 [0. 0. 1. 0. 0. 0. 0. 0.]]
fixed_path
 [[1. 0. 0. 0. 0. 0. 0. 1.]
 [1. 0. 0. 1. 0. 0. 1. 0.]
 [1. 1. 0. 0. 0. 0. 1. 0.]
 [1. 0. 1. 0. 0. 0. 0. 0.]
 [1. 1. 0. 0. 0. 1. 0. 0.]
 [1. 0. 0. 0. 0. 1. 0. 0.]
 [1. 0. 0. 0. 0. 1. 0. 1.]
 [1. 0. 0. 0. 0. 0. 1. 1.]
 [1. 0. 0. 0. 0. 1. 0. 0.]]
train_path
 [[0. 0. 0. 0. 0. 0. 1. 0.]
 [0. 0. 0. 0. 1. 0. 0. 0.]
 [0. 0. 0. 0. 0. 0. 0. 0.]
 [0. 0. 0. 0. 0. 0. 0. 0.]
 [0. 0. 0. 1. 0. 0. 0. 0.]
 [0. 0. 0. 0. 0. 0. 0. 0.]
 [0. 0. 0. 0. 0. 0. 0. 0.]
 [0. 0. 0. 1. 0. 0. 0. 0.]
 [0. 0. 1. 0. 0. 0. 0. 0.]]
infer_path
 [[1. 0. 0. 0. 0. 0. 1. 1.]
 [1. 0. 0. 1. 1. 0. 1. 0.]
 [1. 1. 0. 0. 0. 0. 1. 0.]
 [1. 0. 1. 0. 0. 0. 0. 0.]
 [1. 1. 0. 1. 0. 1. 0. 0.]
 [1. 0. 0. 0. 0. 1. 0. 0.]
 [1. 0. 0. 0. 0. 1. 0. 1.]
 [1. 0. 0. 1. 0. 0. 1. 1.]
 [1. 0. 1. 0. 0. 1. 0. 0.]]
Number of layers being trained :  3

Epoch: [1 | 10] LR: 0.001000 Sess: 3

Epoch: [2 | 10] LR: 0.001000 Sess: 3

Epoch: [3 | 10] LR: 0.001000 Sess: 3

Epoch: [4 | 10] LR: 0.001000 Sess: 3

Epoch: [5 | 10] LR: 0.001000 Sess: 3

Epoch: [6 | 10] LR: 0.001000 Sess: 3

Epoch: [7 | 10] LR: 0.000500 Sess: 3

Epoch: [8 | 10] LR: 0.000500 Sess: 3

Epoch: [9 | 10] LR: 0.000250 Sess: 3

Epoch: [10 | 10] LR: 0.000250 Sess: 3
Best acc:
97.44293376574778
Sal Shape:  (10, 784)
Truth: 0 - zero
Predicted: 0 - zero
Truth: 0 - zero
Predicted: 0 - zero
Truth: 0 - zero
Predicted: 0 - zero
Truth: 0 - zero
Predicted: 0 - zero
Truth: 0 - zero
Predicted: 0 - zero
Truth: 1 - one
Predicted: 1 - one
Truth: 1 - one
Predicted: 1 - one
Truth: 1 - one
Predicted: 1 - one
Truth: 1 - one
Predicted: 1 - one
Truth: 1 - one
Predicted: 1 - one
session_3_0_log.txt
97.442934 0
tensor([[9.5700e+02, 0.0000e+00, 1.0000e+00,  ..., 0.0000e+00, 0.0000e+00,
         0.0000e+00],
        [0.0000e+00, 1.1190e+03, 2.0000e+00,  ..., 0.0000e+00, 0.0000e+00,
         0.0000e+00],
        [7.0000e+00, 0.0000e+00, 9.7900e+02,  ..., 0.0000e+00, 0.0000e+00,
         0.0000e+00],
        ...,
        [0.0000e+00, 0.0000e+00, 0.0000e+00,  ..., 0.0000e+00, 0.0000e+00,
         0.0000e+00],
        [0.0000e+00, 0.0000e+00, 0.0000e+00,  ..., 0.0000e+00, 0.0000e+00,
         0.0000e+00],
        [0.0000e+00, 0.0000e+00, 0.0000e+00,  ..., 0.0000e+00, 0.0000e+00,
         0.0000e+00]])
done with session 3
#################################################################################
10
Using TensorFlow backend.
/home/abanyi17/RPSnet-master/captum/lib64/python3.6/site-packages/torch/nn/_reduction.py:42: UserWarning: size_average and reduce args will be deprecated, please use reduction='none' instead.
  warnings.warn(warning.format(ret))
The PostScript backend does not support transparency; partially transparent artists will be rendered opaque.
The PostScript backend does not support transparency; partially transparent artists will be rendered opaque.
{'epochs': 10, 'checkpoint': 'results/mnist/RPS_net_mnist', 'savepoint': 'results/mnist/pathnet_mnist', 'dataset': 'MNIST', 'num_class': 10, 'class_per_task': 2, 'M': 8, 'L': 9, 'N': 1, 'lr': 0.001, 'train_batch': 128, 'test_batch': 128, 'workers': 16, 'resume': False, 'arch': 'res-18', 'start_epoch': 0, 'evaluate': False, 'sess': 0, 'test_case': 0, 'schedule': [6, 8, 16], 'gamma': 0.5, 'rigidness_coff': 2.5, 'jump': 1}
    Total params: 2.92M
Load Shape:  (10000, 784)
session_3_0_log.txt
97.442934 0
Starting with session 4
test case : 0
#################################################################################
path
 [[0. 0. 0. 1. 0. 0. 0. 0.]
 [0. 1. 0. 0. 0. 0. 0. 0.]
 [0. 0. 0. 0. 0. 1. 0. 0.]
 [0. 0. 0. 0. 1. 0. 0. 0.]
 [0. 0. 0. 0. 0. 0. 0. 1.]
 [0. 0. 0. 0. 0. 1. 0. 0.]
 [0. 0. 0. 1. 0. 0. 0. 0.]
 [0. 0. 0. 1. 0. 0. 0. 0.]
 [0. 0. 0. 0. 0. 0. 1. 0.]]
fixed_path
 [[1. 0. 0. 0. 0. 0. 1. 1.]
 [1. 0. 0. 1. 1. 0. 1. 0.]
 [1. 1. 0. 0. 0. 0. 1. 0.]
 [1. 0. 1. 0. 0. 0. 0. 0.]
 [1. 1. 0. 1. 0. 1. 0. 0.]
 [1. 0. 0. 0. 0. 1. 0. 0.]
 [1. 0. 0. 0. 0. 1. 0. 1.]
 [1. 0. 0. 1. 0. 0. 1. 1.]
 [1. 0. 1. 0. 0. 1. 0. 0.]]
train_path
 [[0. 0. 0. 1. 0. 0. 0. 0.]
 [0. 1. 0. 0. 0. 0. 0. 0.]
 [0. 0. 0. 0. 0. 1. 0. 0.]
 [0. 0. 0. 0. 1. 0. 0. 0.]
 [0. 0. 0. 0. 0. 0. 0. 1.]
 [0. 0. 0. 0. 0. 0. 0. 0.]
 [0. 0. 0. 1. 0. 0. 0. 0.]
 [0. 0. 0. 0. 0. 0. 0. 0.]
 [0. 0. 0. 0. 0. 0. 1. 0.]]
infer_path
 [[1. 0. 0. 1. 0. 0. 1. 1.]
 [1. 1. 0. 1. 1. 0. 1. 0.]
 [1. 1. 0. 0. 0. 1. 1. 0.]
 [1. 0. 1. 0. 1. 0. 0. 0.]
 [1. 1. 0. 1. 0. 1. 0. 1.]
 [1. 0. 0. 0. 0. 1. 0. 0.]
 [1. 0. 0. 1. 0. 1. 0. 1.]
 [1. 0. 0. 1. 0. 0. 1. 1.]
 [1. 0. 1. 0. 0. 1. 1. 0.]]
Number of layers being trained :  3

Epoch: [1 | 10] LR: 0.001000 Sess: 4

Epoch: [2 | 10] LR: 0.001000 Sess: 4

Epoch: [3 | 10] LR: 0.001000 Sess: 4

Epoch: [4 | 10] LR: 0.001000 Sess: 4

Epoch: [5 | 10] LR: 0.001000 Sess: 4

Epoch: [6 | 10] LR: 0.001000 Sess: 4

Epoch: [7 | 10] LR: 0.000500 Sess: 4

Epoch: [8 | 10] LR: 0.000500 Sess: 4

Epoch: [9 | 10] LR: 0.000250 Sess: 4

Epoch: [10 | 10] LR: 0.000250 Sess: 4
Best acc:
95.24
Sal Shape:  (10, 784)
Truth: 0 - zero
Predicted: 0 - zero
Truth: 0 - zero
Predicted: 0 - zero
Truth: 0 - zero
Predicted: 0 - zero
Truth: 0 - zero
Predicted: 0 - zero
Truth: 0 - zero
Predicted: 0 - zero
Truth: 1 - one
Predicted: 1 - one
Truth: 1 - one
Predicted: 1 - one
Truth: 1 - one
Predicted: 1 - one
Truth: 1 - one
Predicted: 1 - one
Truth: 1 - one
Predicted: 1 - one
session_4_0_log.txt
95.24 0
tensor([[ 961.,    0.,    0.,  ...,    0.,    0.,    0.],
        [   0., 1112.,    4.,  ...,    0.,    0.,    0.],
        [  10.,    5.,  948.,  ...,    0.,    0.,    0.],
        ...,
        [   0.,    0.,    0.,  ...,    0.,    0.,    0.],
        [   0.,    0.,    0.,  ...,    0.,    0.,    0.],
        [   0.,    0.,    0.,  ...,    0.,    0.,    0.]])
done with session 4
#################################################################################
10
End Time: 
2024-10-13_23:22:17

