Using TensorFlow backend.
The PostScript backend does not support transparency; partially transparent artists will be rendered opaque.
The PostScript backend does not support transparency; partially transparent artists will be rendered opaque.
{'epochs': 10, 'checkpoint': 'results/mnist/RPS_net_minst', 'savepoint': 'results/mnist/pathnet_mnist', 'dataset': 'MNIST', 'num_class': 10, 'class_per_task': 2, 'M': 8, 'L': 9, 'N': 1, 'lr': 0.001, 'train_batch': 128, 'test_batch': 128, 'workers': 16, 'resume': False, 'arch': 'res-18', 'start_epoch': 0, 'evaluate': False, 'sess': 0, 'test_case': 0, 'schedule': [6, 8, 16], 'gamma': 0.5, 'rigidness_coff': 2.5, 'jump': 1}
    Total params: 2.92M
Starting with session 0
test case : 0
#################################################################################
path
 [[1. 0. 0. 0. 0. 0. 0. 0.]
 [1. 0. 0. 0. 0. 0. 0. 0.]
 [1. 0. 0. 0. 0. 0. 0. 0.]
 [1. 0. 0. 0. 0. 0. 0. 0.]
 [1. 0. 0. 0. 0. 0. 0. 0.]
 [1. 0. 0. 0. 0. 0. 0. 0.]
 [1. 0. 0. 0. 0. 0. 0. 0.]
 [1. 0. 0. 0. 0. 0. 0. 0.]
 [1. 0. 0. 0. 0. 0. 0. 0.]]
fixed_path
 [[0. 0. 0. 0. 0. 0. 0. 0.]
 [0. 0. 0. 0. 0. 0. 0. 0.]
 [0. 0. 0. 0. 0. 0. 0. 0.]
 [0. 0. 0. 0. 0. 0. 0. 0.]
 [0. 0. 0. 0. 0. 0. 0. 0.]
 [0. 0. 0. 0. 0. 0. 0. 0.]
 [0. 0. 0. 0. 0. 0. 0. 0.]
 [0. 0. 0. 0. 0. 0. 0. 0.]
 [0. 0. 0. 0. 0. 0. 0. 0.]]
train_path
 [[1. 0. 0. 0. 0. 0. 0. 0.]
 [1. 0. 0. 0. 0. 0. 0. 0.]
 [1. 0. 0. 0. 0. 0. 0. 0.]
 [1. 0. 0. 0. 0. 0. 0. 0.]
 [1. 0. 0. 0. 0. 0. 0. 0.]
 [1. 0. 0. 0. 0. 0. 0. 0.]
 [1. 0. 0. 0. 0. 0. 0. 0.]
 [1. 0. 0. 0. 0. 0. 0. 0.]
 [1. 0. 0. 0. 0. 0. 0. 0.]]
infer_path
 [[1. 0. 0. 0. 0. 0. 0. 0.]
 [1. 0. 0. 0. 0. 0. 0. 0.]
 [1. 0. 0. 0. 0. 0. 0. 0.]
 [1. 0. 0. 0. 0. 0. 0. 0.]
 [1. 0. 0. 0. 0. 0. 0. 0.]
 [1. 0. 0. 0. 0. 0. 0. 0.]
 [1. 0. 0. 0. 0. 0. 0. 0.]
 [1. 0. 0. 0. 0. 0. 0. 0.]
 [1. 0. 0. 0. 0. 0. 0. 0.]]
Number of layers being trained :  3

Epoch: [1 | 10] LR: 0.001000 Sess: 0

Epoch: [2 | 10] LR: 0.001000 Sess: 0

Epoch: [3 | 10] LR: 0.001000 Sess: 0

Epoch: [4 | 10] LR: 0.001000 Sess: 0

Epoch: [5 | 10] LR: 0.001000 Sess: 0

Epoch: [6 | 10] LR: 0.001000 Sess: 0

Epoch: [7 | 10] LR: 0.000500 Sess: 0

Epoch: [8 | 10] LR: 0.000500 Sess: 0

Epoch: [9 | 10] LR: 0.000250 Sess: 0

Epoch: [10 | 10] LR: 0.000250 Sess: 0
Best acc:
99.95271867612293
99.952719 0
tensor([[ 979.,    0.,    0.,  ...,    0.,    0.,    0.],
        [   0., 1135.,    0.,  ...,    0.,    0.,    0.],
        [   0.,    0.,    0.,  ...,    0.,    0.,    0.],
        ...,
        [   0.,    0.,    0.,  ...,    0.,    0.,    0.],
        [   0.,    0.,    0.,  ...,    0.,    0.,    0.],
        [   0.,    0.,    0.,  ...,    0.,    0.,    0.]])
done with session 0
#################################################################################
10
Using TensorFlow backend.
/home/abanyi17/RPSnet-master/captum/lib64/python3.6/site-packages/torch/nn/_reduction.py:42: UserWarning: size_average and reduce args will be deprecated, please use reduction='none' instead.
  warnings.warn(warning.format(ret))
The PostScript backend does not support transparency; partially transparent artists will be rendered opaque.
The PostScript backend does not support transparency; partially transparent artists will be rendered opaque.
{'epochs': 10, 'checkpoint': 'results/mnist/RPS_net_minst', 'savepoint': 'results/mnist/pathnet_mnist', 'dataset': 'MNIST', 'num_class': 10, 'class_per_task': 2, 'M': 8, 'L': 9, 'N': 1, 'lr': 0.001, 'train_batch': 128, 'test_batch': 128, 'workers': 16, 'resume': False, 'arch': 'res-18', 'start_epoch': 0, 'evaluate': False, 'sess': 0, 'test_case': 0, 'schedule': [6, 8, 16], 'gamma': 0.5, 'rigidness_coff': 2.5, 'jump': 1}
    Total params: 2.92M
99.952719 0
Starting with session 1
test case : 0
#################################################################################
path
 [[0. 0. 0. 0. 0. 1. 0. 0.]
 [0. 0. 0. 0. 0. 0. 0. 1.]
 [0. 0. 0. 0. 0. 0. 0. 1.]
 [0. 0. 0. 0. 0. 0. 0. 1.]
 [0. 0. 0. 1. 0. 0. 0. 0.]
 [0. 0. 0. 0. 0. 0. 0. 1.]
 [0. 0. 0. 0. 1. 0. 0. 0.]
 [0. 0. 0. 1. 0. 0. 0. 0.]
 [1. 0. 0. 0. 0. 0. 0. 0.]]
fixed_path
 [[1. 0. 0. 0. 0. 0. 0. 0.]
 [1. 0. 0. 0. 0. 0. 0. 0.]
 [1. 0. 0. 0. 0. 0. 0. 0.]
 [1. 0. 0. 0. 0. 0. 0. 0.]
 [1. 0. 0. 0. 0. 0. 0. 0.]
 [1. 0. 0. 0. 0. 0. 0. 0.]
 [1. 0. 0. 0. 0. 0. 0. 0.]
 [1. 0. 0. 0. 0. 0. 0. 0.]
 [1. 0. 0. 0. 0. 0. 0. 0.]]
train_path
 [[0. 0. 0. 0. 0. 1. 0. 0.]
 [0. 0. 0. 0. 0. 0. 0. 1.]
 [0. 0. 0. 0. 0. 0. 0. 1.]
 [0. 0. 0. 0. 0. 0. 0. 1.]
 [0. 0. 0. 1. 0. 0. 0. 0.]
 [0. 0. 0. 0. 0. 0. 0. 1.]
 [0. 0. 0. 0. 1. 0. 0. 0.]
 [0. 0. 0. 1. 0. 0. 0. 0.]
 [0. 0. 0. 0. 0. 0. 0. 0.]]
infer_path
 [[1. 0. 0. 0. 0. 1. 0. 0.]
 [1. 0. 0. 0. 0. 0. 0. 1.]
 [1. 0. 0. 0. 0. 0. 0. 1.]
 [1. 0. 0. 0. 0. 0. 0. 1.]
 [1. 0. 0. 1. 0. 0. 0. 0.]
 [1. 0. 0. 0. 0. 0. 0. 1.]
 [1. 0. 0. 0. 1. 0. 0. 0.]
 [1. 0. 0. 1. 0. 0. 0. 0.]
 [1. 0. 0. 0. 0. 0. 0. 0.]]
Number of layers being trained :  3

Epoch: [1 | 10] LR: 0.001000 Sess: 1

Epoch: [2 | 10] LR: 0.001000 Sess: 1

Epoch: [3 | 10] LR: 0.001000 Sess: 1

Epoch: [4 | 10] LR: 0.001000 Sess: 1

Epoch: [5 | 10] LR: 0.001000 Sess: 1

Epoch: [6 | 10] LR: 0.001000 Sess: 1

Epoch: [7 | 10] LR: 0.000500 Sess: 1

Epoch: [8 | 10] LR: 0.000500 Sess: 1

Epoch: [9 | 10] LR: 0.000250 Sess: 1

Epoch: [10 | 10] LR: 0.000250 Sess: 1
Best acc:
99.5669954293962
99.566995 0
tensor([[9.7400e+02, 0.0000e+00, 3.0000e+00,  ..., 0.0000e+00, 0.0000e+00,
         0.0000e+00],
        [1.0000e+00, 1.1270e+03, 5.0000e+00,  ..., 0.0000e+00, 0.0000e+00,
         0.0000e+00],
        [2.0000e+00, 1.0000e+00, 1.0280e+03,  ..., 0.0000e+00, 0.0000e+00,
         0.0000e+00],
        ...,
        [0.0000e+00, 0.0000e+00, 0.0000e+00,  ..., 0.0000e+00, 0.0000e+00,
         0.0000e+00],
        [0.0000e+00, 0.0000e+00, 0.0000e+00,  ..., 0.0000e+00, 0.0000e+00,
         0.0000e+00],
        [0.0000e+00, 0.0000e+00, 0.0000e+00,  ..., 0.0000e+00, 0.0000e+00,
         0.0000e+00]])
done with session 1
#################################################################################
10
Using TensorFlow backend.
/home/abanyi17/RPSnet-master/captum/lib64/python3.6/site-packages/torch/nn/_reduction.py:42: UserWarning: size_average and reduce args will be deprecated, please use reduction='none' instead.
  warnings.warn(warning.format(ret))
The PostScript backend does not support transparency; partially transparent artists will be rendered opaque.
The PostScript backend does not support transparency; partially transparent artists will be rendered opaque.
{'epochs': 10, 'checkpoint': 'results/mnist/RPS_net_minst', 'savepoint': 'results/mnist/pathnet_mnist', 'dataset': 'MNIST', 'num_class': 10, 'class_per_task': 2, 'M': 8, 'L': 9, 'N': 1, 'lr': 0.001, 'train_batch': 128, 'test_batch': 128, 'workers': 16, 'resume': False, 'arch': 'res-18', 'start_epoch': 0, 'evaluate': False, 'sess': 0, 'test_case': 0, 'schedule': [6, 8, 16], 'gamma': 0.5, 'rigidness_coff': 2.5, 'jump': 1}
    Total params: 2.92M
99.566995 0
Starting with session 2
test case : 0
#################################################################################
path
 [[0. 0. 0. 0. 0. 0. 0. 1.]
 [1. 0. 0. 0. 0. 0. 0. 0.]
 [0. 1. 0. 0. 0. 0. 0. 0.]
 [0. 1. 0. 0. 0. 0. 0. 0.]
 [1. 0. 0. 0. 0. 0. 0. 0.]
 [1. 0. 0. 0. 0. 0. 0. 0.]
 [0. 0. 0. 0. 0. 0. 0. 1.]
 [0. 0. 0. 0. 0. 1. 0. 0.]
 [1. 0. 0. 0. 0. 0. 0. 0.]]
fixed_path
 [[1. 0. 0. 0. 0. 1. 0. 0.]
 [1. 0. 0. 0. 0. 0. 0. 1.]
 [1. 0. 0. 0. 0. 0. 0. 1.]
 [1. 0. 0. 0. 0. 0. 0. 1.]
 [1. 0. 0. 1. 0. 0. 0. 0.]
 [1. 0. 0. 0. 0. 0. 0. 1.]
 [1. 0. 0. 0. 1. 0. 0. 0.]
 [1. 0. 0. 1. 0. 0. 0. 0.]
 [1. 0. 0. 0. 0. 0. 0. 0.]]
train_path
 [[0. 0. 0. 0. 0. 0. 0. 1.]
 [0. 0. 0. 0. 0. 0. 0. 0.]
 [0. 1. 0. 0. 0. 0. 0. 0.]
 [0. 1. 0. 0. 0. 0. 0. 0.]
 [0. 0. 0. 0. 0. 0. 0. 0.]
 [0. 0. 0. 0. 0. 0. 0. 0.]
 [0. 0. 0. 0. 0. 0. 0. 1.]
 [0. 0. 0. 0. 0. 1. 0. 0.]
 [0. 0. 0. 0. 0. 0. 0. 0.]]
infer_path
 [[1. 0. 0. 0. 0. 1. 0. 1.]
 [1. 0. 0. 0. 0. 0. 0. 1.]
 [1. 1. 0. 0. 0. 0. 0. 1.]
 [1. 1. 0. 0. 0. 0. 0. 1.]
 [1. 0. 0. 1. 0. 0. 0. 0.]
 [1. 0. 0. 0. 0. 0. 0. 1.]
 [1. 0. 0. 0. 1. 0. 0. 1.]
 [1. 0. 0. 1. 0. 1. 0. 0.]
 [1. 0. 0. 0. 0. 0. 0. 0.]]
Number of layers being trained :  2

Epoch: [1 | 10] LR: 0.001000 Sess: 2

Epoch: [2 | 10] LR: 0.001000 Sess: 2

Epoch: [3 | 10] LR: 0.001000 Sess: 2

Epoch: [4 | 10] LR: 0.001000 Sess: 2

Epoch: [5 | 10] LR: 0.001000 Sess: 2

Epoch: [6 | 10] LR: 0.001000 Sess: 2

Epoch: [7 | 10] LR: 0.000500 Sess: 2

Epoch: [8 | 10] LR: 0.000500 Sess: 2

Epoch: [9 | 10] LR: 0.000250 Sess: 2

Epoch: [10 | 10] LR: 0.000250 Sess: 2
Best acc:
98.78958713314542
98.789587 0
tensor([[9.7400e+02, 0.0000e+00, 1.0000e+00,  ..., 0.0000e+00, 0.0000e+00,
         0.0000e+00],
        [0.0000e+00, 1.1270e+03, 6.0000e+00,  ..., 0.0000e+00, 0.0000e+00,
         0.0000e+00],
        [7.0000e+00, 1.0000e+00, 1.0050e+03,  ..., 0.0000e+00, 0.0000e+00,
         0.0000e+00],
        ...,
        [0.0000e+00, 0.0000e+00, 0.0000e+00,  ..., 0.0000e+00, 0.0000e+00,
         0.0000e+00],
        [0.0000e+00, 0.0000e+00, 0.0000e+00,  ..., 0.0000e+00, 0.0000e+00,
         0.0000e+00],
        [0.0000e+00, 0.0000e+00, 0.0000e+00,  ..., 0.0000e+00, 0.0000e+00,
         0.0000e+00]])
done with session 2
#################################################################################
10
Using TensorFlow backend.
/home/abanyi17/RPSnet-master/captum/lib64/python3.6/site-packages/torch/nn/_reduction.py:42: UserWarning: size_average and reduce args will be deprecated, please use reduction='none' instead.
  warnings.warn(warning.format(ret))
The PostScript backend does not support transparency; partially transparent artists will be rendered opaque.
The PostScript backend does not support transparency; partially transparent artists will be rendered opaque.
{'epochs': 10, 'checkpoint': 'results/mnist/RPS_net_minst', 'savepoint': 'results/mnist/pathnet_mnist', 'dataset': 'MNIST', 'num_class': 10, 'class_per_task': 2, 'M': 8, 'L': 9, 'N': 1, 'lr': 0.001, 'train_batch': 128, 'test_batch': 128, 'workers': 16, 'resume': False, 'arch': 'res-18', 'start_epoch': 0, 'evaluate': False, 'sess': 0, 'test_case': 0, 'schedule': [6, 8, 16], 'gamma': 0.5, 'rigidness_coff': 2.5, 'jump': 1}
    Total params: 2.92M
98.789587 0
Starting with session 3
test case : 0
#################################################################################
path
 [[0. 0. 0. 0. 0. 1. 0. 0.]
 [0. 1. 0. 0. 0. 0. 0. 0.]
 [0. 0. 0. 1. 0. 0. 0. 0.]
 [0. 1. 0. 0. 0. 0. 0. 0.]
 [0. 0. 0. 0. 0. 0. 1. 0.]
 [0. 1. 0. 0. 0. 0. 0. 0.]
 [0. 1. 0. 0. 0. 0. 0. 0.]
 [0. 0. 0. 1. 0. 0. 0. 0.]
 [0. 0. 0. 0. 0. 1. 0. 0.]]
fixed_path
 [[1. 0. 0. 0. 0. 1. 0. 1.]
 [1. 0. 0. 0. 0. 0. 0. 1.]
 [1. 1. 0. 0. 0. 0. 0. 1.]
 [1. 1. 0. 0. 0. 0. 0. 1.]
 [1. 0. 0. 1. 0. 0. 0. 0.]
 [1. 0. 0. 0. 0. 0. 0. 1.]
 [1. 0. 0. 0. 1. 0. 0. 1.]
 [1. 0. 0. 1. 0. 1. 0. 0.]
 [1. 0. 0. 0. 0. 0. 0. 0.]]
train_path
 [[0. 0. 0. 0. 0. 0. 0. 0.]
 [0. 1. 0. 0. 0. 0. 0. 0.]
 [0. 0. 0. 1. 0. 0. 0. 0.]
 [0. 0. 0. 0. 0. 0. 0. 0.]
 [0. 0. 0. 0. 0. 0. 1. 0.]
 [0. 1. 0. 0. 0. 0. 0. 0.]
 [0. 1. 0. 0. 0. 0. 0. 0.]
 [0. 0. 0. 0. 0. 0. 0. 0.]
 [0. 0. 0. 0. 0. 1. 0. 0.]]
infer_path
 [[1. 0. 0. 0. 0. 1. 0. 1.]
 [1. 1. 0. 0. 0. 0. 0. 1.]
 [1. 1. 0. 1. 0. 0. 0. 1.]
 [1. 1. 0. 0. 0. 0. 0. 1.]
 [1. 0. 0. 1. 0. 0. 1. 0.]
 [1. 1. 0. 0. 0. 0. 0. 1.]
 [1. 1. 0. 0. 1. 0. 0. 1.]
 [1. 0. 0. 1. 0. 1. 0. 0.]
 [1. 0. 0. 0. 0. 1. 0. 0.]]
Number of layers being trained :  2

Epoch: [1 | 10] LR: 0.001000 Sess: 3

Epoch: [2 | 10] LR: 0.001000 Sess: 3

Epoch: [3 | 10] LR: 0.001000 Sess: 3

Epoch: [4 | 10] LR: 0.001000 Sess: 3

Epoch: [5 | 10] LR: 0.001000 Sess: 3

Epoch: [6 | 10] LR: 0.001000 Sess: 3

Epoch: [7 | 10] LR: 0.000500 Sess: 3

Epoch: [8 | 10] LR: 0.000500 Sess: 3

Epoch: [9 | 10] LR: 0.000250 Sess: 3

Epoch: [10 | 10] LR: 0.000250 Sess: 3
Best acc:
96.9065735312461
96.906574 0
tensor([[9.6200e+02, 0.0000e+00, 2.0000e+00,  ..., 0.0000e+00, 0.0000e+00,
         0.0000e+00],
        [0.0000e+00, 1.1200e+03, 3.0000e+00,  ..., 0.0000e+00, 0.0000e+00,
         0.0000e+00],
        [1.1000e+01, 1.0000e+00, 9.7200e+02,  ..., 0.0000e+00, 0.0000e+00,
         0.0000e+00],
        ...,
        [0.0000e+00, 0.0000e+00, 0.0000e+00,  ..., 0.0000e+00, 0.0000e+00,
         0.0000e+00],
        [0.0000e+00, 0.0000e+00, 0.0000e+00,  ..., 0.0000e+00, 0.0000e+00,
         0.0000e+00],
        [0.0000e+00, 0.0000e+00, 0.0000e+00,  ..., 0.0000e+00, 0.0000e+00,
         0.0000e+00]])
done with session 3
#################################################################################
10
Using TensorFlow backend.
/home/abanyi17/RPSnet-master/captum/lib64/python3.6/site-packages/torch/nn/_reduction.py:42: UserWarning: size_average and reduce args will be deprecated, please use reduction='none' instead.
  warnings.warn(warning.format(ret))
The PostScript backend does not support transparency; partially transparent artists will be rendered opaque.
The PostScript backend does not support transparency; partially transparent artists will be rendered opaque.
{'epochs': 10, 'checkpoint': 'results/mnist/RPS_net_minst', 'savepoint': 'results/mnist/pathnet_mnist', 'dataset': 'MNIST', 'num_class': 10, 'class_per_task': 2, 'M': 8, 'L': 9, 'N': 1, 'lr': 0.001, 'train_batch': 128, 'test_batch': 128, 'workers': 16, 'resume': False, 'arch': 'res-18', 'start_epoch': 0, 'evaluate': False, 'sess': 0, 'test_case': 0, 'schedule': [6, 8, 16], 'gamma': 0.5, 'rigidness_coff': 2.5, 'jump': 1}
    Total params: 2.92M
96.906574 0
Starting with session 4
test case : 0
#################################################################################
path
 [[0. 0. 0. 0. 1. 0. 0. 0.]
 [0. 0. 0. 0. 1. 0. 0. 0.]
 [0. 0. 0. 0. 0. 0. 1. 0.]
 [0. 0. 0. 0. 0. 1. 0. 0.]
 [0. 0. 0. 0. 0. 1. 0. 0.]
 [0. 0. 0. 0. 0. 0. 0. 1.]
 [0. 0. 0. 1. 0. 0. 0. 0.]
 [0. 0. 1. 0. 0. 0. 0. 0.]
 [0. 0. 0. 0. 0. 1. 0. 0.]]
fixed_path
 [[1. 0. 0. 0. 0. 1. 0. 1.]
 [1. 1. 0. 0. 0. 0. 0. 1.]
 [1. 1. 0. 1. 0. 0. 0. 1.]
 [1. 1. 0. 0. 0. 0. 0. 1.]
 [1. 0. 0. 1. 0. 0. 1. 0.]
 [1. 1. 0. 0. 0. 0. 0. 1.]
 [1. 1. 0. 0. 1. 0. 0. 1.]
 [1. 0. 0. 1. 0. 1. 0. 0.]
 [1. 0. 0. 0. 0. 1. 0. 0.]]
train_path
 [[0. 0. 0. 0. 1. 0. 0. 0.]
 [0. 0. 0. 0. 1. 0. 0. 0.]
 [0. 0. 0. 0. 0. 0. 1. 0.]
 [0. 0. 0. 0. 0. 1. 0. 0.]
 [0. 0. 0. 0. 0. 1. 0. 0.]
 [0. 0. 0. 0. 0. 0. 0. 0.]
 [0. 0. 0. 1. 0. 0. 0. 0.]
 [0. 0. 1. 0. 0. 0. 0. 0.]
 [0. 0. 0. 0. 0. 0. 0. 0.]]
infer_path
 [[1. 0. 0. 0. 1. 1. 0. 1.]
 [1. 1. 0. 0. 1. 0. 0. 1.]
 [1. 1. 0. 1. 0. 0. 1. 1.]
 [1. 1. 0. 0. 0. 1. 0. 1.]
 [1. 0. 0. 1. 0. 1. 1. 0.]
 [1. 1. 0. 0. 0. 0. 0. 1.]
 [1. 1. 0. 1. 1. 0. 0. 1.]
 [1. 0. 1. 1. 0. 1. 0. 0.]
 [1. 0. 0. 0. 0. 1. 0. 0.]]
Number of layers being trained :  3

Epoch: [1 | 10] LR: 0.001000 Sess: 4

Epoch: [2 | 10] LR: 0.001000 Sess: 4

Epoch: [3 | 10] LR: 0.001000 Sess: 4

Epoch: [4 | 10] LR: 0.001000 Sess: 4

Epoch: [5 | 10] LR: 0.001000 Sess: 4

Epoch: [6 | 10] LR: 0.001000 Sess: 4

Epoch: [7 | 10] LR: 0.000500 Sess: 4

Epoch: [8 | 10] LR: 0.000500 Sess: 4

Epoch: [9 | 10] LR: 0.000250 Sess: 4

Epoch: [10 | 10] LR: 0.000250 Sess: 4
Best acc:
95.66
95.66 0
tensor([[ 960.,    0.,    0.,  ...,    0.,    0.,    0.],
        [   0., 1103.,    5.,  ...,    0.,    0.,    0.],
        [   3.,    0.,  948.,  ...,    0.,    0.,    0.],
        ...,
        [   0.,    0.,    0.,  ...,    0.,    0.,    0.],
        [   0.,    0.,    0.,  ...,    0.,    0.,    0.],
        [   0.,    0.,    0.,  ...,    0.,    0.,    0.]])
done with session 4
#################################################################################
10
