Start Time: 
2024-10-14_12:03:51

{'checkpoint': 'results/cifar100/meta2_cifar_T10_71', 'savepoint': 'models/cifar100/meta2_cifar_T10_71', 'data_path': '../Datasets/CIFAR100/', 'num_class': 100, 'class_per_task': 10, 'num_task': 10, 'test_samples_per_class': 100, 'dataset': 'cifar100', 'optimizer': 'radam', 'epochs': 70, 'lr': 0.01, 'train_batch': 128, 'test_batch': 100, 'workers': 16, 'sess': 0, 'schedule': [20, 40, 60], 'gamma': 0.2, 'random_classes': False, 'validation': 0, 'memory': 2000, 'mu': 1, 'beta': 1.0, 'r': 2}
  Total params: 1.25M 
Files already downloaded and verified
Files already downloaded and verified
Seed: 7572
0
[10, 10, 10, 10, 10, 10, 10, 10, 10, 10]
{'min_class': 0, 'max_class': 10, 'task': 0, 'max_task': 10, 'n_train_data': 5000, 'n_test_data': 1000}
{0: 1000}

Epoch: [1 | 70] LR: 0.010000 Sess: 0
/home/abanyi17/iTAML-master/radam.py:45: UserWarning: This overload of addcmul_ is deprecated:
	addcmul_(Number value, Tensor tensor1, Tensor tensor2)
Consider using one of the following signatures instead:
	addcmul_(Tensor tensor1, Tensor tensor2, *, Number value) (Triggered internally at  ../torch/csrc/utils/python_arg_parser.cpp:1050.)
  exp_avg_sq.mul_(beta2).addcmul_(1 - beta2, grad, grad)
35.00000000000001
{4: 57, 9: 70, 6: 26, 2: 31, 0: 64, 1: 44, 5: 8, 8: 20, 3: 13, 7: 17}

Epoch: [2 | 70] LR: 0.010000 Sess: 0
29.400000000000002
{6: 35, 2: 11, 0: 99, 8: 21, 1: 47, 4: 28, 7: 18, 3: 3, 5: 15, 9: 17}

Epoch: [3 | 70] LR: 0.010000 Sess: 0
53.00000000000001
{4: 53, 8: 37, 9: 46, 6: 81, 2: 43, 0: 63, 1: 64, 5: 71, 3: 21, 7: 51}

Epoch: [4 | 70] LR: 0.010000 Sess: 0
55.800000000000004
{3: 44, 8: 66, 9: 89, 2: 37, 6: 36, 0: 69, 1: 85, 4: 37, 7: 57, 5: 38}

Epoch: [5 | 70] LR: 0.010000 Sess: 0
58.6
{4: 62, 3: 32, 8: 36, 9: 55, 6: 44, 2: 48, 0: 82, 1: 81, 5: 92, 7: 54}

Epoch: [6 | 70] LR: 0.010000 Sess: 0
65.89999999999999
{3: 59, 8: 64, 9: 67, 6: 61, 1: 87, 2: 75, 0: 73, 4: 34, 7: 78, 5: 61}

Epoch: [7 | 70] LR: 0.010000 Sess: 0
59.300000000000004
{6: 76, 3: 75, 9: 86, 1: 89, 2: 64, 0: 88, 4: 37, 5: 38, 7: 25, 8: 15}

Epoch: [8 | 70] LR: 0.010000 Sess: 0
56.3
{6: 99, 3: 44, 9: 84, 2: 21, 0: 85, 1: 70, 5: 77, 4: 33, 7: 38, 8: 12}

Epoch: [9 | 70] LR: 0.010000 Sess: 0
64.6
{4: 75, 3: 57, 8: 59, 9: 55, 6: 89, 1: 73, 2: 50, 0: 91, 5: 71, 7: 26}

Epoch: [10 | 70] LR: 0.010000 Sess: 0
67.4
{6: 87, 3: 61, 8: 77, 9: 86, 2: 72, 0: 92, 1: 70, 7: 59, 5: 59, 4: 11}

Epoch: [11 | 70] LR: 0.010000 Sess: 0
71.3
{3: 76, 8: 87, 9: 86, 6: 65, 1: 79, 2: 77, 0: 93, 4: 15, 7: 64, 5: 71}

Epoch: [12 | 70] LR: 0.010000 Sess: 0
62.0
{6: 89, 4: 81, 3: 60, 1: 87, 2: 62, 0: 97, 7: 47, 9: 42, 5: 37, 8: 18}

Epoch: [13 | 70] LR: 0.010000 Sess: 0
61.1
{6: 99, 8: 72, 9: 79, 4: 26, 2: 61, 0: 93, 5: 81, 1: 32, 7: 59, 3: 9}

Epoch: [14 | 70] LR: 0.010000 Sess: 0
74.1
{3: 78, 8: 64, 6: 84, 1: 96, 2: 66, 0: 89, 5: 86, 9: 60, 4: 34, 7: 84}

Epoch: [15 | 70] LR: 0.010000 Sess: 0
76.10000000000001
{4: 66, 3: 46, 8: 80, 9: 84, 6: 75, 1: 97, 2: 70, 0: 93, 5: 79, 7: 71}

Epoch: [16 | 70] LR: 0.010000 Sess: 0
68.8
{4: 48, 3: 35, 8: 82, 9: 67, 6: 61, 1: 96, 2: 83, 0: 81, 7: 74, 5: 61}

Epoch: [17 | 70] LR: 0.010000 Sess: 0
72.80000000000001
{6: 93, 3: 92, 8: 80, 9: 81, 4: 23, 1: 93, 2: 30, 0: 94, 5: 86, 7: 56}

Epoch: [18 | 70] LR: 0.010000 Sess: 0
79.10000000000001
{6: 79, 4: 73, 3: 39, 8: 94, 9: 87, 1: 90, 7: 85, 2: 85, 0: 92, 5: 67}

Epoch: [19 | 70] LR: 0.010000 Sess: 0
82.2
{6: 87, 4: 95, 3: 46, 8: 88, 9: 80, 1: 85, 2: 79, 0: 99, 5: 84, 7: 79}

Epoch: [20 | 70] LR: 0.010000 Sess: 0
76.9
{4: 69, 3: 64, 8: 40, 9: 87, 6: 80, 1: 91, 2: 58, 0: 100, 5: 96, 7: 84}

Epoch: [21 | 70] LR: 0.002000 Sess: 0
86.9
{6: 94, 4: 72, 3: 82, 8: 89, 9: 90, 1: 94, 2: 85, 0: 94, 5: 92, 7: 77}

Epoch: [22 | 70] LR: 0.002000 Sess: 0
87.6
{6: 91, 4: 79, 3: 77, 8: 91, 9: 91, 1: 96, 2: 84, 0: 96, 5: 86, 7: 85}

Epoch: [23 | 70] LR: 0.002000 Sess: 0
87.7
{6: 89, 4: 73, 3: 80, 8: 92, 9: 92, 1: 93, 7: 88, 2: 86, 0: 96, 5: 88}

Epoch: [24 | 70] LR: 0.002000 Sess: 0
88.8
{6: 94, 4: 89, 3: 69, 8: 89, 9: 93, 1: 96, 2: 84, 0: 97, 5: 90, 7: 87}

Epoch: [25 | 70] LR: 0.002000 Sess: 0
86.19999999999999
{6: 87, 4: 65, 3: 77, 8: 93, 9: 91, 1: 92, 2: 81, 0: 95, 5: 93, 7: 88}

Epoch: [26 | 70] LR: 0.002000 Sess: 0
86.3
{6: 88, 4: 60, 3: 84, 8: 94, 9: 90, 1: 96, 7: 86, 2: 83, 0: 93, 5: 89}

Epoch: [27 | 70] LR: 0.002000 Sess: 0
86.49999999999999
{6: 83, 4: 95, 3: 56, 8: 86, 9: 91, 1: 91, 7: 91, 2: 89, 0: 95, 5: 88}

Epoch: [28 | 70] LR: 0.002000 Sess: 0
85.80000000000001
{6: 81, 4: 71, 3: 79, 8: 94, 9: 94, 1: 93, 2: 88, 0: 95, 5: 84, 7: 79}

Epoch: [29 | 70] LR: 0.002000 Sess: 0
87.70000000000002
{6: 81, 4: 87, 3: 79, 8: 92, 9: 89, 1: 95, 7: 86, 2: 88, 0: 98, 5: 82}

Epoch: [30 | 70] LR: 0.002000 Sess: 0
89.1
{4: 83, 3: 80, 8: 94, 9: 93, 6: 87, 1: 94, 2: 92, 0: 96, 5: 91, 7: 81}

Epoch: [31 | 70] LR: 0.002000 Sess: 0
88.2
{6: 93, 4: 77, 3: 80, 8: 95, 9: 93, 1: 96, 2: 82, 0: 92, 5: 92, 7: 82}

Epoch: [32 | 70] LR: 0.002000 Sess: 0
87.2
{4: 80, 3: 79, 8: 82, 9: 95, 6: 82, 1: 93, 7: 88, 2: 89, 0: 95, 5: 89}

Epoch: [33 | 70] LR: 0.002000 Sess: 0
88.69999999999999
{6: 90, 4: 84, 3: 74, 8: 93, 9: 95, 1: 96, 2: 88, 0: 97, 5: 88, 7: 82}

Epoch: [34 | 70] LR: 0.002000 Sess: 0
86.7
{4: 87, 3: 70, 8: 87, 9: 95, 6: 72, 1: 89, 7: 94, 2: 87, 0: 97, 5: 89}

Epoch: [35 | 70] LR: 0.002000 Sess: 0
85.99999999999999
{6: 84, 4: 80, 3: 57, 8: 96, 9: 91, 1: 95, 7: 88, 2: 82, 0: 99, 5: 88}

Epoch: [36 | 70] LR: 0.002000 Sess: 0
86.99999999999999
{6: 90, 4: 89, 3: 68, 8: 86, 9: 96, 1: 93, 7: 77, 2: 89, 0: 98, 5: 84}

Epoch: [37 | 70] LR: 0.002000 Sess: 0
88.10000000000002
{6: 96, 4: 76, 3: 83, 8: 84, 9: 94, 1: 95, 7: 84, 2: 86, 0: 98, 5: 85}

Epoch: [38 | 70] LR: 0.002000 Sess: 0
88.1
{6: 87, 4: 93, 3: 66, 8: 95, 9: 95, 1: 92, 7: 90, 2: 86, 0: 93, 5: 84}

Epoch: [39 | 70] LR: 0.002000 Sess: 0
87.8
{6: 92, 4: 78, 3: 77, 8: 96, 9: 94, 1: 95, 7: 85, 2: 77, 0: 97, 5: 87}

Epoch: [40 | 70] LR: 0.002000 Sess: 0
88.2
{6: 88, 4: 70, 3: 88, 8: 94, 9: 93, 1: 93, 7: 84, 2: 88, 0: 94, 5: 90}

Epoch: [41 | 70] LR: 0.000400 Sess: 0
89.10000000000001
{6: 89, 4: 89, 3: 74, 8: 90, 9: 92, 1: 92, 7: 88, 2: 89, 0: 95, 5: 93}

Epoch: [42 | 70] LR: 0.000400 Sess: 0
89.0
{6: 89, 4: 90, 3: 68, 8: 91, 9: 94, 1: 93, 7: 90, 2: 87, 0: 97, 5: 91}

Epoch: [43 | 70] LR: 0.000400 Sess: 0
89.6
{6: 89, 4: 90, 3: 73, 8: 92, 9: 93, 1: 93, 7: 90, 2: 88, 0: 97, 5: 91}

Epoch: [44 | 70] LR: 0.000400 Sess: 0
89.1
{6: 89, 4: 85, 3: 75, 8: 90, 9: 95, 1: 94, 7: 90, 2: 87, 0: 97, 5: 89}

Epoch: [45 | 70] LR: 0.000400 Sess: 0
89.3
{6: 91, 4: 84, 3: 77, 8: 91, 9: 92, 1: 94, 7: 89, 2: 88, 0: 97, 5: 90}

Epoch: [46 | 70] LR: 0.000400 Sess: 0
89.50000000000001
{6: 86, 4: 83, 3: 81, 8: 92, 9: 95, 1: 94, 7: 90, 2: 87, 0: 97, 5: 90}

Epoch: [47 | 70] LR: 0.000400 Sess: 0
89.30000000000001
{6: 86, 4: 85, 3: 77, 8: 92, 9: 94, 1: 93, 7: 89, 2: 86, 0: 97, 5: 94}

Epoch: [48 | 70] LR: 0.000400 Sess: 0
89.10000000000001
{6: 92, 4: 85, 3: 74, 8: 90, 9: 94, 1: 94, 7: 88, 2: 86, 0: 98, 5: 90}

Epoch: [49 | 70] LR: 0.000400 Sess: 0
89.3
{6: 86, 4: 88, 3: 73, 8: 92, 9: 94, 1: 95, 7: 91, 2: 88, 0: 96, 5: 90}

Epoch: [50 | 70] LR: 0.000400 Sess: 0
88.8
{6: 84, 4: 82, 3: 76, 8: 92, 9: 96, 1: 92, 7: 91, 2: 88, 0: 97, 5: 90}

Epoch: [51 | 70] LR: 0.000400 Sess: 0
89.6
{6: 92, 4: 92, 3: 69, 8: 90, 9: 95, 1: 95, 7: 88, 2: 87, 0: 99, 5: 89}

Epoch: [52 | 70] LR: 0.000400 Sess: 0
88.8
{6: 88, 4: 91, 3: 70, 8: 91, 9: 94, 1: 93, 7: 89, 2: 89, 0: 95, 5: 88}

Epoch: [53 | 70] LR: 0.000400 Sess: 0
89.3
{6: 89, 4: 89, 3: 72, 8: 92, 9: 95, 1: 92, 7: 89, 2: 87, 0: 98, 5: 90}

Epoch: [54 | 70] LR: 0.000400 Sess: 0
89.2
{6: 90, 4: 90, 3: 68, 8: 92, 9: 95, 1: 93, 7: 89, 2: 88, 0: 97, 5: 90}

Epoch: [55 | 70] LR: 0.000400 Sess: 0
90.30000000000001
{6: 92, 4: 91, 3: 73, 8: 92, 9: 95, 1: 95, 7: 89, 2: 89, 0: 96, 5: 91}

Epoch: [56 | 70] LR: 0.000400 Sess: 0
88.39999999999999
{6: 91, 4: 74, 3: 74, 8: 95, 9: 96, 1: 94, 7: 84, 2: 90, 0: 97, 5: 89}

Epoch: [57 | 70] LR: 0.000400 Sess: 0
89.0
{6: 83, 4: 87, 3: 75, 8: 92, 9: 93, 1: 92, 7: 93, 2: 88, 0: 96, 5: 91}

Epoch: [58 | 70] LR: 0.000400 Sess: 0
89.3
{6: 94, 4: 92, 3: 67, 8: 91, 9: 95, 1: 93, 7: 85, 2: 89, 0: 96, 5: 91}

Epoch: [59 | 70] LR: 0.000400 Sess: 0
89.69999999999999
{6: 92, 4: 84, 3: 75, 8: 91, 9: 95, 1: 93, 7: 90, 2: 88, 0: 98, 5: 91}

Epoch: [60 | 70] LR: 0.000400 Sess: 0
89.9
{6: 87, 4: 86, 3: 78, 8: 92, 9: 95, 1: 94, 7: 89, 2: 88, 0: 97, 5: 93}

Epoch: [61 | 70] LR: 0.000080 Sess: 0
90.7
{6: 92, 4: 89, 3: 78, 8: 95, 9: 94, 1: 94, 7: 86, 2: 89, 0: 97, 5: 93}

Epoch: [62 | 70] LR: 0.000080 Sess: 0
89.2
{6: 93, 4: 89, 3: 70, 8: 92, 9: 92, 1: 93, 7: 87, 2: 87, 0: 95, 5: 94}

Epoch: [63 | 70] LR: 0.000080 Sess: 0
90.0
{6: 94, 4: 89, 3: 74, 8: 94, 9: 94, 1: 94, 7: 85, 2: 88, 0: 96, 5: 92}

Epoch: [64 | 70] LR: 0.000080 Sess: 0
90.39999999999999
{6: 89, 4: 90, 3: 75, 8: 93, 9: 94, 1: 96, 7: 86, 2: 90, 0: 97, 5: 94}

Epoch: [65 | 70] LR: 0.000080 Sess: 0
89.3
{6: 94, 4: 85, 3: 75, 8: 90, 9: 93, 1: 92, 7: 89, 2: 84, 0: 98, 5: 93}

Epoch: [66 | 70] LR: 0.000080 Sess: 0
90.1
{6: 91, 4: 88, 3: 79, 8: 91, 9: 96, 1: 95, 7: 87, 2: 85, 0: 98, 5: 91}

Epoch: [67 | 70] LR: 0.000080 Sess: 0
90.3
{6: 89, 4: 91, 3: 76, 8: 91, 9: 95, 1: 95, 7: 86, 2: 90, 0: 98, 5: 92}

Epoch: [68 | 70] LR: 0.000080 Sess: 0
90.0
{6: 90, 4: 90, 3: 76, 8: 91, 9: 94, 1: 94, 7: 88, 2: 86, 0: 98, 5: 93}

Epoch: [69 | 70] LR: 0.000080 Sess: 0
89.7
{6: 89, 4: 86, 3: 78, 8: 90, 9: 97, 1: 94, 7: 88, 2: 86, 0: 98, 5: 91}

Epoch: [70 | 70] LR: 0.000080 Sess: 0
The PostScript backend does not support transparency; partially transparent artists will be rendered opaque.
The PostScript backend does not support transparency; partially transparent artists will be rendered opaque.
89.80000000000001
{6: 92, 4: 88, 3: 75, 8: 89, 9: 95, 1: 94, 7: 89, 2: 88, 0: 96, 5: 92}
2000
Training meta tasks:	 0
89.80000000000001
{0: 96, 1: 94, 2: 88, 3: 75, 4: 88, 5: 92, 6: 92, 7: 89, 8: 89, 9: 95}
Files already downloaded and verified
Truth: apple
Predicted: apple
Truth: aquarium_fish
Predicted: aquarium_fish
Truth: baby
Predicted: baby
Truth: bear
Predicted: beaver
Truth: beaver
Predicted: beaver
Truth: bed
Predicted: bed
Truth: bee
Predicted: bee
Truth: beetle
Predicted: aquarium_fish
Truth: bicycle
Predicted: bicycle
Truth: bottle
Predicted: bottle
1
[10, 10, 10, 10, 10, 10, 10, 10, 10, 10]
{'min_class': 10, 'max_class': 20, 'task': 1, 'max_task': 10, 'n_train_data': 7000, 'n_test_data': 2000}
{0: 1000, 1: 1000}

Epoch: [1 | 70] LR: 0.010000 Sess: 1
79.8
15.700000000000001
{8: 87, 5: 84, 2: 53, 9: 85, 7: 84, 1: 92, 6: 95, 3: 56, 4: 67, 0: 95, 17: 51, 10: 9, 14: 6, 11: 19, 13: 24, 12: 6, 16: 8, 18: 14, 19: 4, 15: 16}

Epoch: [2 | 70] LR: 0.010000 Sess: 1
59.70000000000001
23.799999999999997
{8: 56, 2: 44, 9: 60, 7: 83, 1: 95, 6: 49, 4: 98, 0: 85, 3: 15, 5: 12, 10: 39, 11: 37, 13: 36, 18: 36, 17: 31, 16: 11, 12: 12, 19: 10, 14: 16, 15: 10}

Epoch: [3 | 70] LR: 0.010000 Sess: 1
73.0
32.7
{8: 74, 2: 85, 5: 70, 9: 73, 7: 82, 3: 55, 1: 92, 6: 44, 0: 90, 4: 65, 17: 78, 10: 37, 11: 6, 13: 49, 12: 14, 16: 37, 14: 13, 18: 41, 15: 33, 19: 19}

Epoch: [4 | 70] LR: 0.010000 Sess: 1
70.70000000000002
23.2
{8: 66, 2: 62, 5: 92, 9: 89, 7: 32, 3: 53, 1: 60, 6: 76, 4: 81, 0: 96, 17: 68, 10: 17, 18: 43, 19: 37, 14: 9, 16: 6, 11: 30, 13: 6, 12: 4, 15: 12}

Epoch: [5 | 70] LR: 0.010000 Sess: 1
66.5
43.60000000000001
{8: 85, 5: 57, 9: 91, 7: 57, 3: 75, 1: 70, 6: 73, 0: 96, 2: 31, 4: 30, 12: 67, 17: 85, 10: 28, 13: 55, 14: 30, 11: 54, 16: 28, 18: 57, 19: 22, 15: 10}

Epoch: [6 | 70] LR: 0.010000 Sess: 1
65.0
40.7
{8: 57, 2: 82, 5: 63, 7: 75, 9: 43, 1: 83, 6: 58, 4: 89, 3: 38, 0: 62, 12: 29, 17: 88, 10: 50, 18: 67, 16: 62, 13: 23, 14: 18, 15: 50, 19: 20}

Epoch: [7 | 70] LR: 0.010000 Sess: 1
59.6
55.89999999999999
{8: 84, 2: 62, 5: 73, 7: 71, 1: 87, 6: 58, 4: 60, 3: 13, 0: 49, 9: 39, 17: 88, 10: 41, 13: 59, 18: 63, 14: 56, 16: 86, 11: 54, 19: 49, 12: 26, 15: 37}

Epoch: [8 | 70] LR: 0.010000 Sess: 1
70.09999999999998
53.1
{8: 83, 5: 49, 9: 86, 0: 97, 3: 65, 1: 86, 6: 68, 7: 43, 4: 53, 2: 71, 12: 61, 17: 79, 14: 57, 10: 45, 13: 71, 18: 74, 16: 37, 11: 35, 15: 46, 19: 26}

Epoch: [9 | 70] LR: 0.010000 Sess: 1
61.800000000000004
49.1
{8: 58, 2: 67, 5: 68, 9: 71, 3: 41, 1: 85, 6: 59, 7: 40, 4: 45, 0: 84, 10: 41, 12: 47, 17: 61, 14: 81, 13: 77, 18: 34, 16: 35, 11: 19, 15: 53, 19: 43}

Epoch: [10 | 70] LR: 0.010000 Sess: 1
70.10000000000001
39.800000000000004
{8: 91, 2: 78, 5: 86, 9: 64, 3: 90, 1: 80, 6: 62, 7: 49, 4: 23, 0: 78, 17: 86, 14: 45, 10: 49, 16: 66, 15: 31, 13: 24, 11: 29, 12: 31, 18: 31, 19: 6}

Epoch: [11 | 70] LR: 0.010000 Sess: 1
67.2
56.800000000000004
{8: 77, 2: 36, 5: 67, 6: 74, 9: 56, 7: 65, 3: 51, 1: 90, 4: 71, 0: 85, 10: 59, 12: 64, 11: 76, 17: 65, 14: 45, 13: 63, 19: 52, 18: 55, 16: 49, 15: 40}

Epoch: [12 | 70] LR: 0.010000 Sess: 1
62.699999999999996
59.0
{8: 78, 5: 68, 9: 70, 7: 48, 3: 42, 1: 93, 6: 84, 4: 20, 0: 92, 2: 32, 12: 64, 17: 69, 14: 45, 10: 53, 13: 63, 18: 66, 16: 67, 11: 58, 19: 44, 15: 61}

Epoch: [13 | 70] LR: 0.010000 Sess: 1
66.39999999999999
61.00000000000001
{8: 87, 2: 45, 5: 49, 9: 66, 7: 86, 1: 84, 6: 58, 4: 59, 0: 92, 3: 38, 12: 60, 11: 83, 17: 77, 14: 49, 10: 40, 13: 64, 18: 58, 16: 68, 19: 44, 15: 67}

Epoch: [14 | 70] LR: 0.010000 Sess: 1
62.699999999999996
65.00000000000001
{8: 93, 9: 59, 7: 51, 3: 22, 1: 83, 6: 45, 5: 62, 4: 83, 0: 96, 2: 33, 12: 72, 11: 80, 17: 81, 14: 41, 10: 39, 13: 87, 18: 70, 16: 68, 19: 63, 15: 49}

Epoch: [15 | 70] LR: 0.010000 Sess: 1
74.3
54.300000000000004
{8: 77, 2: 51, 9: 81, 3: 67, 1: 82, 6: 85, 7: 62, 5: 69, 4: 74, 0: 95, 10: 68, 11: 66, 17: 95, 14: 43, 13: 87, 18: 51, 16: 42, 19: 25, 12: 35, 15: 31}

Epoch: [16 | 70] LR: 0.010000 Sess: 1
69.0
60.0
{8: 87, 5: 87, 2: 56, 9: 82, 7: 69, 3: 46, 1: 78, 6: 61, 4: 37, 0: 87, 12: 49, 17: 90, 14: 49, 10: 68, 13: 68, 18: 72, 11: 47, 19: 43, 16: 48, 15: 66}

Epoch: [17 | 70] LR: 0.010000 Sess: 1
59.0
61.80000000000001
{8: 82, 5: 78, 9: 79, 0: 98, 6: 50, 7: 60, 4: 42, 1: 57, 3: 25, 2: 19, 10: 74, 12: 54, 17: 76, 14: 82, 13: 60, 16: 42, 11: 79, 19: 36, 18: 32, 15: 83}

Epoch: [18 | 70] LR: 0.010000 Sess: 1
72.4
54.0
{8: 87, 2: 84, 5: 72, 9: 77, 7: 67, 3: 56, 1: 78, 6: 59, 4: 82, 0: 62, 12: 60, 17: 80, 10: 43, 13: 84, 18: 55, 14: 48, 16: 56, 11: 22, 15: 71, 19: 21}

Epoch: [19 | 70] LR: 0.010000 Sess: 1
64.2
58.50000000000001
{8: 77, 2: 79, 9: 66, 7: 66, 3: 37, 1: 77, 6: 46, 5: 61, 0: 81, 4: 52, 12: 52, 17: 89, 14: 36, 10: 54, 13: 81, 18: 86, 16: 69, 11: 4, 19: 56, 15: 58}

Epoch: [20 | 70] LR: 0.010000 Sess: 1
66.6
56.3
{8: 76, 2: 72, 9: 78, 7: 73, 3: 67, 1: 64, 6: 22, 4: 67, 0: 92, 5: 55, 10: 44, 12: 59, 11: 32, 17: 69, 14: 41, 13: 88, 18: 71, 16: 70, 15: 54, 19: 35}

Epoch: [21 | 70] LR: 0.002000 Sess: 1
80.1
65.9
{8: 86, 2: 73, 5: 78, 9: 86, 7: 81, 3: 50, 1: 90, 6: 80, 4: 80, 0: 97, 10: 68, 12: 62, 17: 90, 13: 85, 18: 72, 14: 62, 16: 74, 19: 54, 11: 26, 15: 66}

Epoch: [22 | 70] LR: 0.002000 Sess: 1
79.0
68.3
{8: 86, 2: 77, 5: 77, 9: 81, 7: 79, 3: 60, 1: 91, 6: 67, 4: 78, 0: 94, 10: 76, 12: 75, 17: 89, 14: 63, 13: 86, 18: 70, 16: 75, 19: 60, 11: 20, 15: 69}

Epoch: [23 | 70] LR: 0.002000 Sess: 1
79.8
68.80000000000001
{8: 87, 2: 73, 5: 78, 9: 88, 7: 85, 3: 60, 1: 90, 6: 63, 4: 83, 0: 91, 10: 67, 12: 78, 17: 90, 14: 62, 13: 82, 18: 74, 16: 79, 19: 55, 11: 31, 15: 70}

Epoch: [24 | 70] LR: 0.002000 Sess: 1
78.39999999999999
71.4
{8: 87, 2: 70, 5: 78, 9: 78, 7: 82, 3: 49, 1: 88, 6: 81, 4: 78, 0: 93, 10: 78, 12: 76, 17: 90, 13: 84, 18: 71, 14: 62, 16: 80, 11: 43, 19: 65, 15: 65}

Epoch: [25 | 70] LR: 0.002000 Sess: 1
76.30000000000001
73.4
{8: 84, 2: 59, 5: 81, 9: 78, 7: 77, 3: 57, 1: 87, 6: 77, 4: 69, 0: 94, 10: 71, 12: 80, 17: 92, 14: 65, 13: 86, 18: 75, 16: 76, 11: 58, 19: 62, 15: 69}

Epoch: [26 | 70] LR: 0.002000 Sess: 1
78.1
71.7
{8: 82, 5: 83, 2: 64, 9: 81, 7: 80, 3: 55, 1: 87, 6: 70, 4: 85, 0: 94, 10: 75, 12: 77, 17: 88, 14: 67, 13: 88, 18: 74, 16: 79, 11: 43, 19: 60, 15: 66}

Epoch: [27 | 70] LR: 0.002000 Sess: 1
76.9
72.1
{8: 88, 2: 65, 5: 77, 9: 82, 7: 79, 3: 59, 1: 88, 6: 75, 4: 76, 0: 80, 10: 87, 12: 72, 17: 92, 14: 61, 13: 82, 18: 70, 16: 69, 11: 53, 19: 57, 15: 78}

Epoch: [28 | 70] LR: 0.002000 Sess: 1
76.6
74.4
{8: 85, 2: 52, 5: 83, 9: 81, 7: 80, 3: 60, 1: 91, 6: 66, 4: 74, 0: 94, 10: 74, 12: 69, 11: 60, 17: 91, 14: 74, 13: 86, 18: 73, 16: 75, 19: 67, 15: 75}

Epoch: [29 | 70] LR: 0.002000 Sess: 1
76.60000000000001
71.89999999999999
{8: 85, 2: 72, 5: 85, 9: 77, 7: 81, 3: 45, 1: 86, 6: 73, 4: 87, 0: 75, 10: 75, 12: 86, 17: 89, 14: 60, 13: 81, 18: 72, 16: 82, 19: 56, 11: 42, 15: 76}

Epoch: [30 | 70] LR: 0.002000 Sess: 1
77.2
72.4
{8: 80, 2: 73, 5: 82, 9: 77, 7: 82, 3: 49, 1: 91, 6: 73, 4: 86, 0: 79, 10: 80, 12: 72, 17: 90, 14: 67, 13: 82, 18: 71, 16: 77, 19: 59, 11: 45, 15: 81}

Epoch: [31 | 70] LR: 0.002000 Sess: 1
75.3
71.4
{8: 85, 5: 86, 2: 71, 9: 73, 7: 80, 3: 54, 1: 87, 6: 83, 4: 84, 0: 50, 10: 87, 12: 78, 17: 94, 14: 61, 13: 75, 18: 64, 16: 74, 19: 54, 11: 50, 15: 77}

Epoch: [32 | 70] LR: 0.002000 Sess: 1
77.7
71.80000000000001
{8: 84, 5: 83, 2: 65, 9: 80, 7: 82, 3: 37, 1: 90, 6: 76, 4: 87, 0: 93, 12: 75, 17: 87, 14: 68, 10: 73, 13: 90, 18: 72, 16: 72, 19: 65, 15: 73, 11: 43}

Epoch: [33 | 70] LR: 0.002000 Sess: 1
76.8
73.5
{8: 80, 5: 83, 2: 56, 9: 83, 7: 78, 3: 57, 1: 81, 6: 77, 4: 83, 0: 90, 10: 78, 12: 81, 17: 90, 13: 79, 18: 74, 14: 72, 16: 77, 19: 61, 11: 56, 15: 67}

Epoch: [34 | 70] LR: 0.002000 Sess: 1
75.5
70.39999999999999
{8: 85, 2: 72, 5: 84, 9: 81, 7: 84, 3: 58, 1: 78, 6: 68, 4: 62, 0: 83, 10: 74, 12: 81, 17: 84, 14: 59, 13: 81, 18: 78, 16: 80, 11: 37, 19: 61, 15: 69}

Epoch: [35 | 70] LR: 0.002000 Sess: 1
75.80000000000001
75.0
{8: 88, 2: 58, 5: 82, 9: 82, 7: 82, 3: 44, 1: 77, 6: 75, 4: 79, 0: 91, 12: 79, 11: 69, 17: 90, 14: 67, 10: 76, 13: 83, 18: 69, 16: 72, 19: 66, 15: 79}

Epoch: [36 | 70] LR: 0.002000 Sess: 1
69.0
76.5
{8: 83, 2: 41, 5: 78, 9: 79, 7: 76, 3: 29, 1: 89, 6: 59, 4: 81, 0: 75, 10: 77, 12: 79, 11: 83, 17: 89, 14: 72, 13: 85, 18: 64, 16: 62, 19: 75, 15: 79}

Epoch: [37 | 70] LR: 0.002000 Sess: 1
73.3
71.4
{8: 83, 2: 60, 5: 79, 9: 83, 7: 80, 3: 28, 1: 87, 6: 77, 4: 86, 0: 70, 10: 73, 12: 76, 11: 66, 17: 86, 13: 81, 18: 70, 14: 64, 16: 69, 19: 65, 15: 64}

Epoch: [38 | 70] LR: 0.002000 Sess: 1
73.4
70.10000000000001
{8: 79, 2: 67, 5: 76, 9: 64, 7: 84, 3: 64, 1: 88, 6: 69, 4: 63, 0: 80, 10: 86, 12: 76, 17: 92, 13: 83, 18: 79, 14: 45, 16: 81, 11: 61, 19: 37, 15: 61}

Epoch: [39 | 70] LR: 0.002000 Sess: 1
75.39999999999999
70.30000000000001
{8: 85, 2: 66, 5: 82, 9: 83, 7: 79, 3: 45, 1: 86, 6: 78, 4: 80, 0: 70, 12: 82, 17: 85, 10: 74, 13: 81, 18: 68, 14: 65, 16: 67, 11: 51, 19: 59, 15: 71}

Epoch: [40 | 70] LR: 0.002000 Sess: 1
76.9
70.1
{8: 88, 2: 73, 5: 81, 9: 80, 7: 76, 3: 38, 1: 90, 6: 75, 4: 84, 0: 84, 12: 77, 17: 95, 14: 64, 10: 59, 13: 81, 18: 68, 16: 81, 19: 65, 11: 42, 15: 69}

Epoch: [41 | 70] LR: 0.000400 Sess: 1
76.4
73.7
{8: 88, 5: 81, 2: 64, 9: 82, 7: 77, 3: 44, 1: 89, 6: 77, 4: 81, 0: 81, 12: 84, 17: 89, 10: 69, 13: 82, 18: 74, 14: 65, 16: 82, 19: 63, 11: 51, 15: 78}

Epoch: [42 | 70] LR: 0.000400 Sess: 1
76.9
74.1
{8: 85, 5: 79, 2: 64, 9: 84, 7: 77, 3: 51, 1: 91, 6: 74, 4: 78, 0: 86, 12: 85, 17: 91, 10: 75, 13: 82, 18: 77, 14: 64, 16: 81, 19: 66, 11: 45, 15: 75}

Epoch: [43 | 70] LR: 0.000400 Sess: 1
75.7
74.9
{8: 87, 2: 66, 5: 82, 9: 73, 7: 79, 3: 45, 1: 88, 6: 76, 4: 78, 0: 83, 10: 76, 12: 84, 17: 89, 13: 83, 18: 76, 14: 65, 16: 82, 11: 52, 19: 65, 15: 77}

Epoch: [44 | 70] LR: 0.000400 Sess: 1
76.0
74.10000000000001
{8: 88, 5: 82, 2: 66, 9: 80, 7: 75, 3: 42, 1: 89, 6: 78, 4: 81, 0: 79, 10: 73, 12: 85, 17: 89, 13: 83, 18: 73, 14: 66, 16: 83, 19: 69, 11: 46, 15: 74}

Epoch: [45 | 70] LR: 0.000400 Sess: 1
76.6
74.7
{8: 87, 2: 62, 5: 85, 9: 81, 7: 80, 3: 47, 1: 90, 6: 76, 4: 79, 0: 79, 12: 86, 17: 88, 10: 73, 13: 81, 18: 74, 14: 64, 16: 81, 11: 60, 19: 65, 15: 75}

Epoch: [46 | 70] LR: 0.000400 Sess: 1
75.80000000000001
75.10000000000001
{8: 87, 2: 56, 5: 83, 9: 82, 7: 80, 3: 47, 1: 91, 6: 72, 4: 81, 0: 79, 12: 84, 17: 90, 14: 67, 10: 74, 13: 83, 18: 76, 16: 81, 19: 64, 11: 57, 15: 75}

Epoch: [47 | 70] LR: 0.000400 Sess: 1
75.5
74.7
{8: 86, 5: 84, 2: 66, 9: 83, 7: 82, 3: 48, 1: 89, 6: 70, 4: 81, 0: 66, 10: 85, 12: 84, 17: 90, 13: 83, 18: 73, 14: 65, 16: 73, 11: 48, 19: 69, 15: 77}

Epoch: [48 | 70] LR: 0.000400 Sess: 1
76.29999999999998
73.6
{8: 86, 2: 70, 5: 81, 9: 81, 7: 81, 3: 48, 1: 91, 6: 73, 4: 80, 0: 72, 12: 85, 17: 90, 10: 72, 13: 83, 18: 75, 14: 66, 16: 79, 11: 47, 19: 63, 15: 76}

Epoch: [49 | 70] LR: 0.000400 Sess: 1
76.69999999999999
73.5
{8: 87, 5: 80, 2: 67, 9: 83, 7: 78, 3: 53, 1: 91, 6: 74, 4: 80, 0: 74, 10: 77, 12: 83, 17: 92, 13: 80, 18: 70, 14: 67, 16: 74, 11: 56, 19: 61, 15: 75}

Epoch: [50 | 70] LR: 0.000400 Sess: 1
76.3
75.39999999999999
{8: 89, 2: 65, 5: 80, 9: 81, 7: 76, 3: 47, 1: 86, 6: 78, 4: 81, 0: 80, 10: 77, 12: 84, 11: 61, 17: 90, 13: 85, 18: 74, 14: 68, 16: 75, 19: 66, 15: 74}

Epoch: [51 | 70] LR: 0.000400 Sess: 1
75.3
76.0
{8: 88, 2: 62, 5: 79, 9: 81, 7: 79, 3: 54, 1: 90, 6: 72, 4: 83, 0: 65, 10: 80, 12: 84, 11: 61, 17: 90, 13: 83, 18: 73, 14: 68, 16: 78, 19: 65, 15: 78}

Epoch: [52 | 70] LR: 0.000400 Sess: 1
75.39999999999999
75.7
{8: 85, 2: 61, 5: 81, 9: 76, 7: 79, 3: 54, 1: 87, 6: 77, 4: 83, 0: 71, 10: 77, 12: 86, 11: 63, 17: 90, 13: 84, 18: 73, 14: 66, 16: 79, 19: 65, 15: 74}

Epoch: [53 | 70] LR: 0.000400 Sess: 1
75.1
76.00000000000001
{8: 86, 2: 60, 5: 83, 9: 80, 7: 73, 3: 44, 1: 86, 6: 81, 4: 79, 0: 79, 10: 73, 12: 85, 11: 63, 17: 89, 13: 82, 18: 76, 14: 67, 16: 81, 19: 69, 15: 75}

Epoch: [54 | 70] LR: 0.000400 Sess: 1
74.79999999999998
74.2
{8: 83, 2: 64, 5: 85, 9: 81, 7: 78, 3: 50, 1: 88, 6: 72, 4: 80, 0: 67, 10: 79, 12: 84, 11: 61, 17: 90, 13: 82, 18: 70, 14: 64, 16: 79, 19: 61, 15: 72}

Epoch: [55 | 70] LR: 0.000400 Sess: 1
73.6
77.3
{8: 85, 2: 57, 5: 79, 9: 82, 7: 78, 3: 52, 1: 87, 6: 69, 4: 82, 0: 65, 10: 79, 12: 84, 11: 69, 17: 89, 14: 70, 13: 84, 18: 75, 16: 78, 19: 70, 15: 75}

Epoch: [56 | 70] LR: 0.000400 Sess: 1
75.6
75.2
{8: 86, 2: 60, 5: 82, 9: 82, 7: 75, 3: 50, 1: 88, 6: 79, 4: 79, 0: 75, 12: 78, 11: 68, 17: 90, 10: 73, 13: 83, 18: 76, 14: 71, 16: 76, 19: 65, 15: 72}

Epoch: [57 | 70] LR: 0.000400 Sess: 1
75.70000000000002
75.10000000000001
{8: 85, 5: 83, 2: 63, 9: 84, 7: 76, 3: 53, 1: 90, 6: 78, 4: 80, 0: 65, 10: 83, 12: 85, 11: 57, 17: 89, 13: 81, 18: 75, 14: 66, 16: 77, 19: 63, 15: 75}

Epoch: [58 | 70] LR: 0.000400 Sess: 1
75.7
75.0
{8: 86, 5: 84, 2: 57, 9: 79, 7: 75, 3: 52, 1: 90, 6: 80, 4: 80, 0: 74, 12: 84, 11: 62, 17: 91, 10: 77, 13: 84, 18: 70, 14: 69, 16: 76, 19: 65, 15: 72}

Epoch: [59 | 70] LR: 0.000400 Sess: 1
75.1
75.9
{8: 83, 2: 55, 5: 80, 9: 76, 7: 80, 3: 54, 1: 89, 6: 77, 4: 83, 0: 74, 12: 84, 11: 69, 17: 93, 10: 75, 13: 82, 18: 74, 14: 65, 16: 80, 19: 63, 15: 74}

Epoch: [60 | 70] LR: 0.000400 Sess: 1
76.3
74.5
{8: 85, 5: 81, 2: 66, 9: 85, 7: 80, 3: 53, 1: 88, 6: 75, 4: 78, 0: 72, 10: 81, 12: 83, 17: 89, 13: 86, 18: 74, 14: 66, 16: 74, 11: 56, 19: 63, 15: 73}

Epoch: [61 | 70] LR: 0.000080 Sess: 1
75.2
75.9
{8: 84, 5: 81, 2: 62, 9: 83, 7: 77, 3: 49, 1: 91, 6: 74, 4: 78, 0: 73, 10: 80, 12: 85, 11: 59, 17: 89, 13: 85, 18: 74, 14: 68, 16: 75, 19: 67, 15: 77}

Epoch: [62 | 70] LR: 0.000080 Sess: 1
76.0
74.39999999999999
{8: 85, 5: 79, 2: 63, 9: 85, 7: 76, 3: 53, 1: 88, 6: 75, 4: 77, 0: 79, 12: 80, 17: 89, 10: 77, 13: 85, 18: 76, 14: 70, 16: 73, 11: 56, 19: 63, 15: 75}

Epoch: [63 | 70] LR: 0.000080 Sess: 1
75.8
74.89999999999999
{8: 84, 5: 82, 2: 59, 9: 85, 7: 75, 3: 54, 1: 89, 6: 76, 4: 78, 0: 76, 12: 80, 11: 60, 17: 89, 10: 79, 13: 87, 18: 76, 14: 69, 16: 73, 19: 63, 15: 73}

Epoch: [64 | 70] LR: 0.000080 Sess: 1
75.9
76.30000000000001
{8: 84, 5: 82, 2: 60, 9: 85, 7: 79, 3: 53, 1: 89, 6: 74, 4: 79, 0: 74, 12: 82, 11: 65, 17: 89, 10: 79, 13: 86, 18: 79, 14: 67, 16: 74, 19: 69, 15: 73}

Epoch: [65 | 70] LR: 0.000080 Sess: 1
75.19999999999999
76.6
{8: 83, 5: 83, 2: 52, 9: 83, 7: 79, 3: 55, 1: 89, 6: 74, 4: 78, 0: 76, 10: 78, 12: 84, 11: 72, 17: 92, 13: 84, 18: 78, 14: 63, 16: 75, 19: 65, 15: 75}

Epoch: [66 | 70] LR: 0.000080 Sess: 1
75.1
76.7
{8: 83, 5: 83, 2: 55, 9: 83, 7: 78, 3: 52, 1: 91, 6: 73, 4: 77, 0: 76, 10: 80, 12: 83, 11: 66, 17: 90, 14: 68, 13: 85, 18: 76, 16: 75, 19: 69, 15: 75}

Epoch: [67 | 70] LR: 0.000080 Sess: 1
74.6
76.7
{8: 86, 5: 83, 2: 54, 9: 82, 7: 78, 3: 50, 1: 92, 6: 69, 4: 78, 0: 74, 10: 79, 12: 84, 11: 69, 17: 89, 14: 67, 13: 85, 18: 73, 16: 76, 19: 70, 15: 75}

Epoch: [68 | 70] LR: 0.000080 Sess: 1
74.7
77.1
{8: 84, 5: 80, 2: 58, 9: 83, 7: 76, 3: 48, 1: 89, 6: 75, 4: 78, 0: 76, 10: 81, 12: 84, 11: 65, 17: 91, 13: 83, 18: 79, 14: 65, 16: 78, 19: 71, 15: 74}

Epoch: [69 | 70] LR: 0.000080 Sess: 1
74.89999999999999
75.9
{8: 83, 5: 82, 2: 57, 9: 83, 7: 74, 3: 52, 1: 89, 6: 76, 4: 78, 0: 75, 10: 80, 12: 83, 11: 65, 17: 90, 13: 83, 18: 75, 14: 66, 16: 75, 19: 67, 15: 75}

Epoch: [70 | 70] LR: 0.000080 Sess: 1
The PostScript backend does not support transparency; partially transparent artists will be rendered opaque.
The PostScript backend does not support transparency; partially transparent artists will be rendered opaque.
74.1
76.3
{8: 83, 5: 78, 2: 57, 9: 85, 7: 75, 3: 49, 1: 87, 6: 70, 4: 78, 0: 79, 12: 83, 11: 67, 17: 89, 14: 70, 10: 75, 13: 82, 18: 77, 16: 75, 19: 67, 15: 78}
2000
Training meta tasks:	 0
Training meta tasks:	 1
89.10000000000001
87.4
{0: 95, 1: 96, 2: 89, 3: 83, 4: 82, 5: 90, 6: 87, 7: 90, 8: 89, 9: 90, 10: 91, 11: 95, 12: 86, 13: 87, 14: 84, 15: 80, 16: 86, 17: 96, 18: 80, 19: 89}
Files already downloaded and verified
Truth: apple
Predicted: apple
Truth: aquarium_fish
Predicted: aquarium_fish
Truth: baby
Predicted: boy
Truth: bear
Predicted: beaver
Truth: beaver
Predicted: beaver
Truth: bed
Predicted: bed
Truth: bee
Predicted: bee
Truth: beetle
Predicted: aquarium_fish
Truth: bicycle
Predicted: bicycle
Truth: bottle
Predicted: bottle
2
[10, 10, 10, 10, 10, 10, 10, 10, 10, 10]
{'min_class': 20, 'max_class': 30, 'task': 2, 'max_task': 10, 'n_train_data': 7000, 'n_test_data': 3000}
{0: 1000, 1: 1000, 2: 1000}

Epoch: [1 | 70] LR: 0.010000 Sess: 2
73.3
61.1
8.700000000000001
{8: 72, 5: 78, 2: 76, 9: 70, 7: 71, 3: 61, 1: 90, 6: 59, 4: 71, 0: 85, 10: 79, 12: 53, 17: 98, 13: 76, 18: 74, 14: 60, 16: 40, 19: 50, 15: 76, 11: 5, 23: 31, 22: 7, 28: 17, 27: 3, 21: 12, 26: 1, 24: 2, 29: 6, 20: 4, 25: 4}

Epoch: [2 | 70] LR: 0.010000 Sess: 2
66.8
67.39999999999999
17.2
{8: 75, 2: 53, 9: 72, 7: 83, 3: 35, 1: 76, 6: 60, 5: 71, 4: 50, 0: 93, 10: 50, 12: 78, 11: 60, 17: 88, 13: 74, 14: 56, 16: 65, 19: 69, 18: 73, 15: 61, 23: 63, 21: 24, 27: 2, 20: 22, 28: 34, 22: 21, 24: 1, 29: 3, 25: 1, 26: 1}

Epoch: [3 | 70] LR: 0.010000 Sess: 2
68.2
59.300000000000004
24.000000000000004
{8: 82, 2: 64, 5: 68, 6: 87, 9: 64, 7: 69, 3: 34, 1: 67, 4: 54, 0: 93, 12: 67, 11: 64, 17: 80, 10: 35, 13: 79, 16: 76, 19: 61, 18: 46, 15: 46, 14: 39, 21: 28, 27: 26, 26: 19, 20: 37, 24: 15, 29: 3, 23: 65, 22: 18, 28: 23, 25: 6}

Epoch: [4 | 70] LR: 0.010000 Sess: 2
64.60000000000001
51.599999999999994
22.2
{8: 79, 2: 55, 9: 79, 7: 52, 3: 65, 6: 81, 5: 50, 0: 92, 1: 68, 4: 25, 10: 48, 12: 54, 17: 92, 14: 71, 16: 73, 11: 13, 13: 67, 18: 46, 19: 24, 15: 28, 21: 30, 22: 17, 24: 15, 20: 43, 23: 54, 28: 33, 27: 10, 25: 8, 29: 7, 26: 5}

Epoch: [5 | 70] LR: 0.010000 Sess: 2
65.80000000000001
53.6
30.5
{8: 85, 5: 83, 2: 53, 9: 75, 7: 58, 0: 96, 3: 43, 1: 84, 6: 61, 4: 20, 10: 24, 17: 89, 13: 85, 18: 70, 14: 61, 16: 51, 19: 70, 12: 45, 11: 22, 15: 19, 20: 54, 29: 36, 24: 17, 23: 56, 27: 11, 22: 39, 21: 39, 28: 34, 26: 17, 25: 2}

Epoch: [6 | 70] LR: 0.010000 Sess: 2
64.1
55.800000000000004
25.799999999999997
{8: 65, 2: 53, 9: 71, 7: 87, 3: 69, 1: 56, 6: 69, 5: 78, 0: 71, 4: 22, 10: 51, 12: 54, 11: 49, 17: 87, 16: 85, 13: 69, 18: 57, 15: 66, 19: 24, 14: 16, 29: 22, 20: 28, 22: 18, 27: 24, 23: 72, 21: 40, 24: 1, 28: 42, 26: 10, 25: 1}

Epoch: [7 | 70] LR: 0.010000 Sess: 2
64.0
53.2
33.7
{8: 95, 2: 66, 5: 78, 9: 85, 7: 52, 3: 20, 1: 71, 6: 62, 0: 76, 4: 35, 11: 20, 17: 68, 10: 67, 13: 71, 18: 66, 14: 51, 16: 38, 19: 54, 15: 58, 12: 39, 21: 54, 27: 17, 20: 57, 22: 33, 26: 20, 28: 46, 24: 30, 23: 69, 25: 6, 29: 5}

Epoch: [8 | 70] LR: 0.010000 Sess: 2
55.7
62.49999999999999
35.199999999999996
{8: 70, 5: 68, 2: 16, 9: 69, 7: 81, 3: 45, 1: 77, 6: 65, 4: 35, 0: 31, 10: 74, 12: 62, 11: 68, 17: 94, 13: 81, 18: 63, 14: 44, 19: 55, 16: 46, 15: 38, 29: 49, 27: 11, 21: 62, 20: 53, 26: 19, 23: 77, 22: 30, 24: 8, 25: 7, 28: 36}

Epoch: [9 | 70] LR: 0.010000 Sess: 2
63.00000000000001
52.199999999999996
39.3
{8: 77, 2: 73, 9: 77, 7: 80, 3: 27, 1: 82, 6: 45, 5: 52, 0: 85, 4: 32, 12: 56, 17: 93, 14: 67, 10: 35, 13: 77, 16: 26, 19: 50, 18: 44, 15: 63, 11: 11, 29: 34, 25: 23, 21: 66, 27: 19, 20: 47, 22: 58, 28: 49, 26: 16, 23: 77, 24: 4}

Epoch: [10 | 70] LR: 0.010000 Sess: 2
64.3
54.900000000000006
37.6
{8: 84, 2: 71, 5: 65, 9: 56, 7: 40, 3: 25, 1: 81, 6: 70, 4: 66, 0: 85, 12: 51, 11: 46, 17: 71, 13: 80, 18: 62, 16: 71, 19: 66, 14: 35, 10: 25, 15: 42, 24: 28, 29: 35, 21: 69, 20: 62, 27: 12, 22: 26, 23: 88, 25: 15, 28: 29, 26: 12}

Epoch: [11 | 70] LR: 0.010000 Sess: 2
54.900000000000006
50.199999999999996
37.50000000000001
{8: 52, 5: 55, 2: 65, 9: 75, 7: 85, 1: 87, 0: 68, 6: 40, 4: 12, 3: 10, 12: 69, 17: 81, 14: 68, 10: 48, 13: 66, 16: 39, 19: 48, 18: 33, 15: 35, 11: 15, 29: 59, 21: 65, 27: 11, 20: 61, 28: 58, 23: 63, 22: 32, 26: 16, 25: 9, 24: 1}

Epoch: [12 | 70] LR: 0.010000 Sess: 2
65.0
54.9
41.8
{8: 84, 5: 61, 2: 25, 9: 74, 0: 94, 1: 69, 6: 78, 7: 50, 3: 53, 4: 62, 10: 47, 12: 51, 11: 42, 17: 95, 14: 51, 13: 71, 18: 65, 16: 23, 19: 35, 15: 69, 29: 31, 27: 22, 21: 58, 20: 68, 28: 63, 24: 40, 23: 74, 22: 43, 25: 14, 26: 5}

Epoch: [13 | 70] LR: 0.010000 Sess: 2
67.9
49.0
46.10000000000001
{8: 73, 2: 64, 5: 60, 9: 89, 7: 71, 3: 68, 1: 84, 6: 59, 4: 45, 0: 66, 12: 71, 17: 80, 10: 49, 13: 59, 18: 40, 14: 41, 16: 41, 19: 39, 11: 33, 15: 37, 24: 41, 29: 40, 25: 13, 21: 40, 27: 58, 20: 48, 28: 55, 26: 38, 23: 90, 22: 38}

Epoch: [14 | 70] LR: 0.010000 Sess: 2
57.800000000000004
58.5
48.9
{8: 53, 2: 63, 9: 63, 7: 67, 1: 85, 6: 66, 5: 59, 4: 38, 0: 63, 3: 21, 12: 65, 11: 53, 17: 47, 10: 58, 13: 65, 14: 65, 16: 64, 19: 73, 18: 51, 15: 44, 24: 41, 29: 28, 25: 14, 21: 68, 20: 66, 27: 43, 28: 64, 22: 48, 23: 91, 26: 26}

Epoch: [15 | 70] LR: 0.010000 Sess: 2
61.9
60.29999999999999
40.4
{8: 75, 5: 68, 9: 62, 7: 69, 0: 69, 3: 45, 1: 81, 6: 73, 4: 67, 2: 10, 10: 64, 12: 61, 11: 75, 17: 55, 14: 54, 13: 79, 16: 74, 19: 63, 18: 55, 15: 23, 29: 29, 21: 70, 27: 12, 20: 66, 28: 65, 24: 21, 23: 88, 22: 28, 25: 10, 26: 15}

Epoch: [16 | 70] LR: 0.010000 Sess: 2
58.599999999999994
53.900000000000006
44.3
{8: 63, 5: 71, 9: 63, 7: 58, 0: 96, 1: 59, 6: 40, 4: 88, 3: 13, 2: 35, 12: 80, 11: 49, 17: 60, 14: 69, 10: 46, 13: 55, 16: 58, 19: 46, 18: 21, 15: 55, 29: 45, 25: 15, 21: 71, 20: 60, 22: 38, 27: 11, 24: 40, 23: 88, 28: 61, 26: 14}

Epoch: [17 | 70] LR: 0.010000 Sess: 2
64.9
57.10000000000001
48.699999999999996
{8: 77, 5: 71, 9: 68, 7: 51, 3: 53, 1: 82, 6: 71, 4: 55, 0: 80, 2: 41, 10: 54, 12: 48, 11: 62, 17: 77, 14: 42, 13: 80, 18: 74, 16: 68, 15: 40, 19: 26, 24: 51, 29: 50, 21: 83, 27: 19, 20: 62, 22: 41, 28: 55, 23: 87, 25: 9, 26: 30}

Epoch: [18 | 70] LR: 0.010000 Sess: 2
59.9
60.5
46.9
{8: 80, 5: 83, 9: 74, 7: 68, 1: 85, 4: 54, 6: 71, 2: 18, 0: 45, 3: 21, 12: 53, 11: 90, 17: 90, 10: 56, 13: 57, 18: 52, 14: 47, 16: 45, 19: 63, 15: 52, 29: 40, 25: 17, 21: 71, 27: 38, 20: 50, 22: 42, 28: 77, 26: 38, 24: 15, 23: 81}

Epoch: [19 | 70] LR: 0.010000 Sess: 2
57.599999999999994
59.1
49.70000000000001
{8: 73, 2: 51, 5: 69, 9: 83, 7: 50, 1: 59, 6: 44, 4: 58, 0: 73, 3: 16, 12: 65, 11: 63, 17: 64, 14: 71, 10: 47, 13: 76, 18: 52, 16: 44, 19: 49, 15: 60, 29: 42, 21: 85, 20: 53, 28: 64, 27: 16, 24: 74, 23: 83, 22: 47, 25: 12, 26: 21}

Epoch: [20 | 70] LR: 0.010000 Sess: 2
59.599999999999994
59.00000000000001
55.599999999999994
{8: 88, 2: 60, 9: 72, 7: 36, 1: 81, 6: 61, 4: 68, 5: 51, 0: 67, 3: 12, 12: 67, 11: 52, 17: 74, 10: 33, 13: 68, 18: 71, 16: 71, 19: 62, 14: 46, 15: 46, 24: 63, 29: 33, 25: 28, 21: 67, 20: 82, 27: 30, 28: 77, 23: 81, 22: 51, 26: 44}

Epoch: [21 | 70] LR: 0.002000 Sess: 2
67.0
67.7
54.900000000000006
{8: 82, 5: 73, 2: 51, 9: 70, 7: 66, 1: 90, 6: 81, 4: 57, 3: 42, 0: 58, 12: 67, 11: 67, 17: 83, 10: 67, 13: 84, 18: 58, 14: 61, 16: 74, 19: 58, 15: 58, 29: 50, 21: 82, 27: 42, 20: 69, 28: 75, 24: 37, 23: 91, 22: 46, 25: 18, 26: 39}

Epoch: [22 | 70] LR: 0.002000 Sess: 2
68.2
65.5
58.699999999999996
{8: 83, 2: 57, 5: 74, 9: 76, 7: 61, 1: 93, 6: 75, 4: 57, 3: 42, 0: 64, 10: 65, 12: 61, 11: 65, 17: 82, 13: 77, 18: 63, 14: 60, 16: 61, 19: 64, 15: 57, 29: 54, 21: 82, 27: 45, 20: 75, 28: 76, 26: 38, 24: 45, 23: 92, 22: 56, 25: 24}

Epoch: [23 | 70] LR: 0.002000 Sess: 2
69.2
65.80000000000001
57.5
{8: 78, 5: 83, 2: 57, 9: 80, 7: 64, 1: 88, 6: 76, 4: 61, 0: 68, 3: 37, 10: 67, 12: 66, 11: 67, 17: 82, 13: 79, 18: 54, 14: 60, 16: 52, 19: 65, 15: 66, 29: 53, 21: 82, 27: 41, 20: 71, 28: 81, 24: 50, 23: 94, 22: 54, 25: 16, 26: 33}

Epoch: [24 | 70] LR: 0.002000 Sess: 2
68.4
65.10000000000001
59.0
{8: 79, 5: 73, 2: 60, 9: 80, 7: 62, 1: 91, 6: 79, 4: 59, 0: 58, 3: 43, 10: 73, 12: 65, 11: 59, 17: 80, 13: 73, 18: 68, 14: 57, 16: 57, 19: 57, 15: 62, 29: 58, 25: 26, 21: 84, 27: 37, 20: 78, 28: 74, 26: 42, 24: 45, 23: 94, 22: 52}

Epoch: [25 | 70] LR: 0.002000 Sess: 2
68.80000000000001
62.699999999999996
58.4
{8: 81, 5: 82, 2: 54, 9: 83, 7: 62, 1: 91, 6: 64, 4: 63, 0: 55, 3: 53, 12: 66, 11: 60, 17: 83, 10: 65, 13: 80, 18: 60, 14: 64, 16: 50, 19: 49, 15: 50, 29: 53, 25: 20, 21: 84, 27: 36, 20: 76, 28: 80, 24: 49, 23: 94, 22: 52, 26: 40}

Epoch: [26 | 70] LR: 0.002000 Sess: 2
69.5
65.1
60.70000000000001
{8: 85, 5: 76, 2: 55, 9: 80, 7: 59, 3: 46, 1: 89, 6: 79, 4: 64, 0: 62, 12: 63, 11: 69, 17: 84, 10: 57, 13: 82, 18: 54, 14: 58, 16: 65, 19: 61, 15: 58, 29: 59, 25: 21, 21: 83, 27: 47, 20: 75, 28: 72, 26: 46, 24: 54, 23: 95, 22: 55}

Epoch: [27 | 70] LR: 0.002000 Sess: 2
70.9
63.3
58.9
{8: 86, 2: 60, 5: 79, 9: 80, 7: 63, 1: 90, 6: 72, 4: 69, 0: 63, 3: 47, 12: 64, 11: 63, 17: 85, 10: 58, 13: 78, 18: 54, 14: 62, 16: 54, 19: 57, 15: 58, 29: 59, 21: 83, 27: 31, 20: 72, 28: 79, 24: 47, 23: 95, 22: 62, 25: 17, 26: 44}

Epoch: [28 | 70] LR: 0.002000 Sess: 2
69.5
63.79999999999999
61.5
{8: 80, 2: 57, 5: 81, 9: 83, 7: 63, 1: 90, 6: 67, 4: 57, 3: 50, 0: 67, 12: 67, 11: 58, 17: 88, 10: 55, 13: 80, 18: 64, 14: 63, 16: 63, 19: 41, 15: 59, 29: 58, 25: 23, 21: 86, 27: 47, 20: 73, 28: 79, 24: 55, 23: 94, 22: 55, 26: 45}

Epoch: [29 | 70] LR: 0.002000 Sess: 2
69.4
65.10000000000001
59.8
{8: 82, 5: 73, 2: 48, 9: 85, 7: 67, 1: 91, 6: 73, 4: 62, 3: 48, 0: 65, 12: 63, 11: 68, 17: 89, 10: 62, 13: 79, 18: 60, 14: 66, 16: 52, 19: 56, 15: 56, 29: 53, 25: 29, 21: 83, 27: 37, 20: 80, 28: 79, 24: 34, 23: 95, 22: 58, 26: 50}

Epoch: [30 | 70] LR: 0.002000 Sess: 2
69.6
62.900000000000006
60.599999999999994
{8: 80, 5: 82, 2: 50, 9: 85, 7: 60, 1: 89, 6: 76, 4: 67, 3: 53, 0: 54, 12: 61, 11: 64, 17: 82, 10: 62, 13: 76, 18: 64, 14: 65, 16: 59, 19: 46, 15: 50, 24: 59, 29: 53, 25: 28, 21: 84, 27: 39, 20: 76, 28: 76, 23: 93, 22: 54, 26: 44}

Epoch: [31 | 70] LR: 0.002000 Sess: 2
68.6
64.8
61.6
{8: 83, 5: 79, 2: 44, 9: 76, 7: 60, 3: 58, 1: 92, 6: 65, 4: 57, 0: 72, 12: 62, 11: 67, 17: 73, 14: 69, 10: 59, 13: 74, 18: 53, 16: 71, 19: 54, 15: 66, 24: 56, 29: 55, 25: 29, 21: 76, 20: 79, 27: 54, 22: 50, 28: 77, 23: 91, 26: 49}

Epoch: [32 | 70] LR: 0.002000 Sess: 2
69.9
64.60000000000001
61.0
{8: 74, 5: 82, 2: 62, 9: 78, 7: 69, 1: 90, 6: 84, 4: 69, 0: 58, 3: 33, 12: 67, 11: 60, 17: 84, 10: 57, 13: 78, 18: 62, 14: 56, 16: 66, 19: 59, 15: 57, 24: 51, 29: 62, 25: 25, 21: 91, 27: 39, 20: 68, 28: 76, 23: 93, 22: 56, 26: 49}

Epoch: [33 | 70] LR: 0.002000 Sess: 2
68.4
64.2
62.4
{8: 81, 5: 84, 2: 63, 9: 79, 7: 67, 1: 92, 6: 62, 4: 60, 0: 55, 3: 41, 12: 68, 11: 55, 17: 82, 14: 66, 10: 59, 13: 82, 18: 65, 19: 55, 16: 56, 15: 54, 24: 53, 29: 60, 21: 90, 27: 46, 20: 65, 28: 75, 23: 94, 22: 59, 25: 20, 26: 62}

Epoch: [34 | 70] LR: 0.002000 Sess: 2
65.80000000000001
66.80000000000001
63.3
{8: 81, 5: 78, 2: 35, 9: 80, 7: 57, 1: 91, 6: 68, 4: 63, 0: 70, 3: 35, 12: 59, 11: 68, 17: 86, 14: 67, 10: 48, 13: 72, 18: 69, 16: 68, 19: 69, 15: 62, 24: 65, 29: 54, 25: 24, 21: 89, 27: 38, 20: 76, 28: 78, 22: 63, 23: 94, 26: 52}

Epoch: [35 | 70] LR: 0.002000 Sess: 2
66.80000000000001
65.0
61.499999999999986
{8: 77, 5: 84, 2: 32, 9: 81, 7: 66, 1: 94, 6: 66, 4: 68, 0: 58, 3: 42, 12: 60, 11: 78, 17: 86, 10: 62, 13: 80, 18: 55, 14: 60, 16: 61, 19: 57, 15: 51, 24: 59, 29: 58, 25: 18, 21: 84, 27: 33, 20: 73, 28: 79, 23: 91, 22: 61, 26: 59}

Epoch: [36 | 70] LR: 0.002000 Sess: 2
69.4
62.7
62.2
{8: 80, 2: 52, 5: 81, 9: 75, 7: 69, 1: 90, 6: 73, 4: 67, 0: 66, 3: 41, 12: 57, 11: 71, 17: 83, 10: 53, 13: 77, 18: 48, 14: 56, 16: 69, 19: 62, 15: 51, 24: 56, 29: 63, 21: 87, 27: 37, 20: 75, 22: 62, 28: 75, 23: 95, 25: 21, 26: 51}

Epoch: [37 | 70] LR: 0.002000 Sess: 2
71.6
63.0
61.699999999999996
{8: 78, 2: 57, 5: 76, 9: 67, 7: 66, 1: 91, 6: 73, 4: 65, 3: 60, 0: 83, 12: 71, 11: 62, 17: 73, 10: 42, 13: 73, 18: 56, 14: 63, 16: 74, 19: 58, 15: 58, 24: 60, 29: 56, 25: 18, 21: 78, 27: 34, 20: 82, 22: 60, 28: 72, 23: 93, 26: 64}

Epoch: [38 | 70] LR: 0.002000 Sess: 2
70.4
64.3
61.5
{8: 85, 5: 81, 2: 64, 9: 74, 7: 66, 1: 92, 6: 68, 4: 69, 0: 63, 3: 42, 12: 62, 11: 61, 17: 84, 10: 56, 13: 78, 18: 60, 14: 62, 16: 61, 19: 62, 15: 57, 24: 53, 29: 56, 25: 26, 21: 79, 27: 45, 20: 76, 28: 79, 23: 90, 22: 60, 26: 51}

Epoch: [39 | 70] LR: 0.002000 Sess: 2
68.6
60.1
63.300000000000004
{8: 71, 5: 80, 2: 39, 9: 80, 7: 66, 1: 92, 6: 65, 4: 63, 3: 53, 0: 77, 12: 67, 11: 72, 17: 70, 10: 45, 13: 81, 18: 57, 14: 59, 19: 43, 16: 56, 15: 51, 24: 61, 29: 54, 25: 27, 21: 86, 27: 44, 20: 74, 28: 80, 23: 94, 22: 62, 26: 51}

Epoch: [40 | 70] LR: 0.002000 Sess: 2
65.9
64.60000000000001
63.8
{8: 71, 5: 78, 9: 80, 7: 71, 1: 94, 6: 69, 4: 71, 0: 61, 2: 32, 3: 32, 12: 66, 11: 76, 17: 83, 10: 53, 13: 72, 18: 67, 14: 52, 19: 59, 16: 74, 15: 44, 24: 66, 29: 63, 25: 33, 21: 86, 27: 35, 20: 80, 28: 79, 22: 58, 23: 92, 26: 46}

Epoch: [41 | 70] LR: 0.000400 Sess: 2
67.2
64.99999999999999
62.900000000000006
{8: 72, 5: 79, 9: 82, 7: 66, 1: 95, 6: 67, 4: 67, 0: 63, 2: 38, 3: 43, 12: 68, 11: 72, 17: 79, 10: 54, 13: 78, 18: 69, 14: 52, 16: 72, 19: 56, 15: 50, 24: 57, 29: 58, 27: 39, 25: 31, 21: 84, 20: 79, 28: 80, 23: 92, 22: 62, 26: 47}

Epoch: [42 | 70] LR: 0.000400 Sess: 2
67.4
65.3
64.6
{8: 75, 5: 77, 2: 40, 9: 78, 7: 68, 1: 93, 6: 70, 4: 67, 0: 64, 3: 42, 12: 67, 11: 67, 17: 86, 10: 54, 13: 76, 18: 65, 14: 59, 16: 73, 19: 54, 15: 52, 24: 61, 29: 61, 27: 45, 25: 28, 21: 88, 20: 79, 22: 63, 28: 76, 23: 89, 26: 56}

Epoch: [43 | 70] LR: 0.000400 Sess: 2
67.89999999999999
64.40000000000002
65.5
{8: 75, 5: 78, 2: 43, 9: 81, 7: 64, 1: 90, 6: 74, 4: 67, 0: 65, 3: 42, 12: 68, 11: 70, 17: 83, 10: 51, 13: 78, 18: 61, 14: 57, 16: 67, 19: 58, 15: 51, 24: 67, 29: 61, 27: 41, 25: 30, 21: 88, 20: 77, 22: 68, 28: 76, 23: 91, 26: 56}

Epoch: [44 | 70] LR: 0.000400 Sess: 2
68.6
65.4
65.4
{8: 79, 2: 48, 5: 74, 9: 80, 7: 64, 1: 90, 6: 76, 4: 65, 3: 45, 0: 65, 12: 65, 11: 70, 17: 87, 10: 52, 13: 79, 18: 61, 14: 61, 16: 63, 19: 60, 15: 56, 24: 65, 29: 58, 27: 46, 25: 34, 21: 84, 20: 79, 22: 64, 28: 81, 23: 90, 26: 53}

Epoch: [45 | 70] LR: 0.000400 Sess: 2
68.8
64.8
64.2
{8: 71, 5: 79, 2: 42, 9: 81, 7: 65, 1: 91, 6: 71, 4: 68, 3: 45, 0: 75, 12: 65, 11: 72, 17: 84, 10: 48, 13: 75, 18: 66, 14: 57, 16: 69, 19: 57, 15: 55, 24: 67, 29: 57, 25: 27, 21: 88, 27: 42, 20: 78, 28: 77, 22: 62, 23: 93, 26: 51}

Epoch: [46 | 70] LR: 0.000400 Sess: 2
70.2
64.89999999999999
64.0
{8: 80, 5: 81, 2: 43, 9: 79, 7: 66, 1: 88, 6: 67, 4: 70, 0: 80, 3: 48, 12: 67, 11: 70, 17: 85, 10: 44, 13: 76, 18: 65, 14: 59, 16: 72, 19: 56, 15: 55, 24: 66, 29: 58, 25: 26, 21: 89, 27: 41, 20: 78, 28: 79, 23: 90, 22: 62, 26: 51}

Epoch: [47 | 70] LR: 0.000400 Sess: 2
68.3
66.1
63.5
{8: 77, 5: 81, 2: 43, 9: 77, 7: 64, 1: 92, 6: 66, 4: 73, 0: 75, 3: 35, 12: 67, 11: 68, 17: 81, 10: 51, 13: 78, 18: 64, 14: 67, 16: 68, 19: 66, 15: 51, 24: 62, 29: 60, 25: 25, 21: 88, 27: 39, 20: 73, 28: 77, 23: 92, 22: 59, 26: 60}

Epoch: [48 | 70] LR: 0.000400 Sess: 2
68.0
65.60000000000001
64.4
{8: 72, 5: 80, 2: 39, 9: 78, 7: 62, 1: 93, 6: 76, 4: 69, 0: 77, 3: 34, 12: 69, 11: 71, 17: 78, 10: 46, 13: 80, 18: 57, 14: 66, 16: 71, 19: 59, 15: 59, 24: 66, 29: 62, 27: 37, 25: 22, 21: 90, 20: 79, 28: 79, 23: 91, 22: 60, 26: 58}

Epoch: [49 | 70] LR: 0.000400 Sess: 2
68.6
64.9
65.4
{8: 78, 5: 82, 2: 44, 9: 81, 7: 61, 1: 87, 6: 76, 4: 66, 3: 42, 0: 69, 12: 68, 11: 70, 17: 77, 10: 47, 13: 80, 18: 63, 14: 60, 16: 70, 19: 63, 15: 51, 24: 67, 29: 62, 25: 25, 21: 89, 27: 42, 20: 79, 28: 80, 23: 92, 22: 63, 26: 55}

Epoch: [50 | 70] LR: 0.000400 Sess: 2
67.19999999999999
66.10000000000001
64.9
{8: 78, 5: 80, 2: 47, 9: 80, 7: 66, 1: 88, 6: 68, 4: 65, 3: 40, 0: 60, 12: 67, 11: 68, 17: 83, 10: 52, 13: 82, 18: 65, 14: 60, 19: 64, 16: 63, 15: 57, 24: 67, 29: 53, 27: 50, 25: 24, 21: 89, 20: 76, 28: 77, 23: 93, 22: 63, 26: 57}

Epoch: [51 | 70] LR: 0.000400 Sess: 2
68.7
65.10000000000001
65.0
{8: 80, 5: 80, 2: 53, 9: 81, 7: 67, 1: 87, 6: 75, 4: 67, 3: 35, 0: 62, 12: 66, 11: 62, 17: 85, 10: 50, 13: 78, 18: 58, 14: 61, 19: 62, 16: 69, 15: 60, 24: 60, 29: 59, 27: 46, 25: 28, 21: 88, 20: 75, 28: 82, 23: 93, 22: 63, 26: 56}

Epoch: [52 | 70] LR: 0.000400 Sess: 2
69.1
65.80000000000001
64.80000000000001
{8: 79, 5: 78, 2: 42, 9: 82, 7: 65, 1: 88, 6: 78, 4: 68, 3: 44, 0: 67, 12: 67, 11: 71, 17: 87, 10: 53, 13: 85, 18: 67, 14: 56, 19: 54, 16: 60, 15: 58, 24: 65, 29: 61, 25: 26, 21: 89, 27: 45, 20: 81, 28: 77, 23: 93, 22: 59, 26: 52}

Epoch: [53 | 70] LR: 0.000400 Sess: 2
68.10000000000001
64.89999999999999
65.8
{8: 81, 5: 77, 2: 48, 9: 81, 7: 65, 1: 89, 6: 71, 4: 66, 3: 42, 0: 61, 12: 67, 11: 67, 17: 88, 10: 55, 13: 83, 18: 63, 14: 56, 19: 59, 16: 60, 15: 51, 24: 64, 29: 59, 25: 33, 21: 89, 27: 47, 20: 80, 28: 81, 23: 93, 22: 61, 26: 51}

Epoch: [54 | 70] LR: 0.000400 Sess: 2
67.5
65.9
67.2
{8: 80, 5: 78, 2: 43, 9: 81, 7: 53, 1: 89, 6: 76, 4: 63, 3: 46, 0: 66, 12: 66, 11: 72, 17: 87, 10: 53, 13: 82, 18: 60, 14: 59, 19: 59, 16: 62, 15: 59, 24: 75, 29: 57, 27: 41, 25: 35, 21: 91, 20: 80, 28: 79, 23: 94, 22: 61, 26: 59}

Epoch: [55 | 70] LR: 0.000400 Sess: 2
68.8
62.7
66.7
{8: 78, 5: 80, 2: 46, 9: 81, 7: 63, 1: 90, 6: 73, 4: 64, 0: 71, 3: 42, 12: 64, 11: 67, 17: 87, 10: 46, 13: 78, 18: 59, 14: 58, 19: 59, 16: 57, 15: 52, 24: 69, 29: 62, 25: 31, 21: 89, 27: 42, 20: 81, 28: 80, 23: 92, 22: 66, 26: 55}

Epoch: [56 | 70] LR: 0.000400 Sess: 2
68.8
64.7
66.2
{8: 79, 5: 79, 2: 47, 9: 82, 7: 67, 1: 91, 6: 70, 4: 68, 3: 40, 0: 65, 12: 70, 11: 68, 17: 84, 10: 51, 13: 77, 18: 61, 14: 60, 19: 60, 16: 65, 15: 51, 24: 65, 29: 62, 25: 30, 21: 90, 27: 40, 20: 83, 28: 80, 23: 92, 22: 63, 26: 57}

Epoch: [57 | 70] LR: 0.000400 Sess: 2
67.7
65.4
65.9
{8: 79, 5: 75, 2: 40, 9: 81, 7: 57, 1: 91, 6: 69, 4: 66, 3: 45, 0: 74, 12: 66, 11: 72, 17: 84, 10: 46, 13: 81, 18: 61, 14: 66, 16: 74, 19: 53, 15: 51, 24: 74, 29: 60, 25: 30, 21: 89, 27: 37, 20: 83, 22: 61, 28: 76, 23: 93, 26: 56}

Epoch: [58 | 70] LR: 0.000400 Sess: 2
67.3
67.3
65.80000000000001
{8: 78, 5: 78, 2: 38, 9: 82, 7: 60, 1: 86, 6: 72, 4: 66, 3: 44, 0: 69, 12: 71, 11: 73, 17: 87, 10: 46, 13: 79, 18: 65, 14: 69, 16: 74, 19: 55, 15: 54, 24: 68, 29: 62, 25: 30, 21: 87, 27: 37, 20: 81, 28: 77, 22: 67, 23: 92, 26: 57}

Epoch: [59 | 70] LR: 0.000400 Sess: 2
67.0
64.7
66.2
{8: 81, 5: 72, 9: 82, 7: 64, 1: 88, 6: 72, 4: 65, 3: 46, 0: 61, 2: 39, 12: 65, 11: 72, 17: 85, 10: 50, 13: 78, 18: 66, 14: 62, 16: 64, 19: 55, 15: 50, 24: 65, 29: 59, 27: 45, 25: 36, 21: 89, 20: 82, 28: 78, 22: 63, 23: 94, 26: 51}

Epoch: [60 | 70] LR: 0.000400 Sess: 2
68.8
64.1
64.69999999999999
{8: 81, 5: 72, 2: 57, 9: 83, 7: 67, 1: 90, 6: 66, 4: 64, 3: 47, 0: 61, 12: 66, 11: 60, 17: 87, 10: 51, 13: 71, 18: 70, 14: 61, 16: 69, 19: 52, 15: 54, 24: 60, 29: 60, 25: 34, 21: 89, 27: 38, 20: 82, 22: 62, 28: 81, 23: 93, 26: 48}

Epoch: [61 | 70] LR: 0.000080 Sess: 2
69.0
63.70000000000001
64.39999999999999
{8: 79, 5: 74, 2: 53, 9: 84, 7: 66, 1: 89, 6: 71, 4: 65, 3: 49, 0: 60, 12: 68, 11: 62, 17: 85, 10: 49, 13: 81, 18: 68, 14: 56, 19: 51, 16: 65, 15: 52, 24: 53, 29: 61, 27: 49, 25: 28, 21: 89, 20: 83, 28: 81, 23: 92, 22: 60, 26: 48}

Epoch: [62 | 70] LR: 0.000080 Sess: 2
69.30000000000001
63.800000000000004
67.0
{8: 78, 5: 77, 2: 58, 9: 82, 7: 67, 1: 90, 6: 66, 4: 64, 3: 47, 0: 64, 12: 66, 11: 61, 17: 84, 10: 50, 13: 80, 18: 64, 14: 64, 19: 56, 16: 62, 15: 51, 24: 60, 29: 60, 27: 47, 25: 39, 21: 88, 20: 82, 28: 79, 22: 64, 23: 93, 26: 58}

Epoch: [63 | 70] LR: 0.000080 Sess: 2
69.6
64.0
66.0
{8: 80, 5: 74, 2: 59, 9: 84, 7: 65, 1: 88, 6: 72, 4: 63, 3: 48, 0: 63, 12: 67, 11: 61, 17: 84, 10: 48, 13: 76, 18: 69, 14: 60, 19: 56, 16: 67, 15: 52, 24: 61, 29: 60, 25: 33, 21: 89, 27: 46, 20: 83, 28: 78, 23: 93, 22: 62, 26: 55}

Epoch: [64 | 70] LR: 0.000080 Sess: 2
69.50000000000001
63.8
66.69999999999999
{8: 81, 5: 77, 2: 54, 9: 84, 7: 67, 1: 86, 6: 67, 4: 65, 3: 50, 0: 64, 12: 63, 11: 63, 17: 84, 10: 51, 13: 78, 18: 67, 14: 54, 19: 59, 16: 66, 15: 53, 24: 59, 29: 60, 25: 34, 21: 88, 27: 49, 20: 83, 28: 81, 22: 65, 23: 92, 26: 56}

Epoch: [65 | 70] LR: 0.000080 Sess: 2
69.6
64.8
66.6
{8: 80, 5: 76, 2: 49, 9: 83, 7: 63, 1: 88, 6: 75, 4: 65, 3: 50, 0: 67, 12: 67, 11: 68, 17: 85, 10: 50, 13: 82, 18: 64, 14: 63, 19: 57, 16: 62, 15: 50, 24: 61, 29: 62, 27: 49, 25: 30, 21: 89, 20: 83, 28: 78, 23: 92, 22: 63, 26: 59}

Epoch: [66 | 70] LR: 0.000080 Sess: 2
69.1
64.5
65.9
{8: 78, 5: 77, 2: 52, 9: 80, 7: 64, 1: 89, 6: 72, 4: 69, 3: 47, 0: 63, 12: 67, 11: 67, 17: 84, 10: 51, 13: 82, 18: 61, 14: 63, 19: 56, 16: 60, 15: 54, 24: 61, 29: 61, 25: 30, 21: 89, 27: 44, 20: 82, 28: 81, 23: 92, 22: 61, 26: 58}

Epoch: [67 | 70] LR: 0.000080 Sess: 2
68.80000000000001
64.5
66.8
{8: 77, 5: 77, 2: 50, 9: 82, 7: 62, 1: 87, 6: 74, 4: 66, 3: 50, 0: 63, 12: 69, 11: 66, 17: 85, 10: 50, 13: 81, 18: 61, 14: 65, 19: 58, 16: 60, 15: 50, 24: 62, 29: 61, 25: 33, 21: 89, 27: 47, 20: 83, 28: 81, 22: 65, 23: 93, 26: 54}

Epoch: [68 | 70] LR: 0.000080 Sess: 2
68.89999999999999
64.7
66.2
{8: 74, 5: 74, 2: 56, 9: 84, 7: 64, 1: 89, 6: 73, 4: 66, 3: 48, 0: 61, 12: 67, 11: 63, 17: 86, 10: 51, 13: 80, 18: 66, 14: 61, 16: 63, 19: 59, 15: 51, 24: 62, 29: 62, 27: 46, 25: 28, 21: 89, 20: 83, 28: 82, 22: 65, 23: 93, 26: 52}

Epoch: [69 | 70] LR: 0.000080 Sess: 2
68.60000000000001
64.99999999999999
66.10000000000001
{8: 81, 5: 75, 2: 49, 9: 83, 7: 62, 1: 90, 6: 71, 4: 68, 0: 63, 3: 44, 12: 67, 11: 66, 17: 85, 10: 49, 13: 81, 18: 68, 14: 57, 16: 68, 19: 58, 15: 51, 24: 62, 29: 62, 25: 33, 21: 89, 27: 46, 20: 83, 28: 78, 23: 93, 22: 61, 26: 54}

Epoch: [70 | 70] LR: 0.000080 Sess: 2
The PostScript backend does not support transparency; partially transparent artists will be rendered opaque.
The PostScript backend does not support transparency; partially transparent artists will be rendered opaque.
68.30000000000001
64.8
67.00000000000001
{8: 77, 5: 75, 2: 49, 9: 80, 7: 62, 1: 89, 6: 74, 4: 63, 3: 47, 0: 67, 12: 69, 11: 67, 17: 84, 10: 48, 13: 80, 18: 63, 14: 65, 16: 67, 19: 56, 15: 49, 24: 66, 29: 62, 27: 47, 25: 32, 21: 89, 20: 83, 28: 79, 23: 93, 22: 62, 26: 57}
1980
Training meta tasks:	 0
Training meta tasks:	 1
Training meta tasks:	 2
89.1
84.3
88.10000000000001
{0: 93, 1: 97, 2: 87, 3: 92, 4: 83, 5: 93, 6: 84, 7: 84, 8: 88, 9: 90, 10: 82, 11: 88, 12: 84, 13: 85, 14: 86, 15: 76, 16: 87, 17: 95, 18: 84, 19: 76, 20: 90, 21: 100, 22: 85, 23: 96, 24: 93, 25: 77, 26: 83, 27: 86, 28: 89, 29: 82}
Files already downloaded and verified
Truth: apple
Predicted: apple
Truth: aquarium_fish
Predicted: aquarium_fish
Truth: baby
Predicted: baby
Truth: bear
Predicted: camel
Truth: beaver
Predicted: chimpanzee
Truth: bed
Predicted: bowl
Truth: bee
Predicted: bee
Truth: beetle
Predicted: crab
Truth: bicycle
Predicted: bicycle
Truth: bottle
Predicted: bottle
3
[10, 10, 10, 10, 10, 10, 10, 10, 10, 10]
{'min_class': 30, 'max_class': 40, 'task': 3, 'max_task': 10, 'n_train_data': 6980, 'n_test_data': 4000}
{0: 1000, 1: 1000, 2: 1000, 3: 1000}

Epoch: [1 | 70] LR: 0.010000 Sess: 3
60.900000000000006
60.2
60.89999999999999
2.3
{8: 81, 5: 71, 2: 42, 9: 82, 7: 61, 1: 83, 6: 58, 4: 61, 0: 54, 3: 16, 12: 62, 11: 70, 17: 81, 14: 60, 10: 58, 13: 75, 18: 56, 19: 44, 16: 60, 15: 36, 24: 54, 29: 48, 25: 13, 21: 95, 20: 87, 27: 52, 22: 64, 28: 63, 23: 85, 26: 48, 32: 6, 37: 2, 30: 2, 31: 3, 36: 2, 33: 2, 34: 2, 39: 1, 38: 3}

Epoch: [2 | 70] LR: 0.010000 Sess: 3
57.3
54.400000000000006
52.900000000000006
2.2
{8: 51, 5: 86, 9: 70, 7: 49, 0: 82, 1: 66, 6: 54, 3: 38, 4: 47, 2: 30, 12: 63, 11: 66, 17: 56, 14: 60, 10: 47, 13: 65, 18: 68, 16: 75, 19: 37, 15: 7, 29: 60, 21: 83, 27: 32, 20: 71, 28: 63, 24: 53, 22: 54, 23: 80, 25: 6, 26: 27, 37: 6, 33: 5, 35: 1, 31: 2, 36: 3, 32: 3, 34: 1, 38: 1}

Epoch: [3 | 70] LR: 0.010000 Sess: 3
54.6
52.49999999999999
54.10000000000001
4.7
{8: 51, 5: 78, 9: 73, 7: 22, 1: 51, 6: 56, 4: 45, 3: 51, 0: 76, 2: 43, 12: 77, 17: 60, 14: 75, 10: 48, 13: 61, 18: 33, 11: 61, 16: 48, 15: 37, 19: 25, 24: 88, 27: 46, 25: 16, 21: 80, 20: 75, 28: 75, 22: 40, 23: 83, 29: 12, 26: 26, 36: 2, 39: 7, 32: 7, 37: 16, 30: 8, 31: 2, 34: 3, 33: 2}

Epoch: [4 | 70] LR: 0.010000 Sess: 3
56.10000000000001
47.1
43.300000000000004
8.5
{8: 57, 2: 43, 5: 44, 9: 87, 7: 67, 0: 95, 1: 53, 6: 43, 3: 46, 4: 26, 12: 51, 17: 60, 14: 58, 10: 32, 13: 68, 19: 45, 16: 37, 11: 37, 18: 45, 15: 38, 29: 41, 25: 21, 21: 70, 22: 48, 20: 49, 28: 58, 27: 29, 23: 86, 24: 3, 26: 28, 30: 16, 33: 31, 37: 7, 32: 12, 39: 4, 31: 1, 36: 10, 38: 3, 35: 1}

Epoch: [5 | 70] LR: 0.010000 Sess: 3
60.7
55.800000000000004
53.5
10.4
{8: 36, 5: 63, 2: 69, 9: 75, 7: 71, 0: 90, 1: 73, 6: 57, 4: 59, 3: 14, 12: 64, 17: 75, 10: 41, 13: 81, 18: 58, 14: 42, 16: 57, 19: 59, 11: 27, 15: 54, 29: 39, 25: 16, 21: 74, 27: 32, 20: 70, 22: 61, 26: 42, 28: 78, 24: 39, 23: 84, 36: 9, 30: 25, 33: 25, 37: 11, 39: 8, 31: 5, 32: 13, 38: 6, 34: 2}

Epoch: [6 | 70] LR: 0.010000 Sess: 3
62.2
54.9
49.79999999999999
18.4
{8: 71, 2: 60, 9: 78, 7: 75, 1: 70, 6: 61, 5: 62, 3: 47, 0: 73, 4: 25, 12: 52, 11: 46, 17: 80, 10: 56, 13: 74, 14: 61, 19: 43, 18: 37, 16: 52, 15: 48, 29: 24, 27: 38, 25: 15, 20: 86, 22: 49, 28: 75, 23: 87, 21: 54, 26: 58, 24: 12, 38: 10, 36: 23, 30: 52, 33: 29, 39: 21, 34: 7, 37: 22, 32: 15, 31: 4, 35: 1}

Epoch: [7 | 70] LR: 0.010000 Sess: 3
54.69999999999999
42.5
47.4
19.400000000000002
{8: 59, 5: 45, 6: 72, 9: 70, 7: 34, 0: 87, 1: 88, 4: 29, 2: 39, 3: 24, 11: 24, 17: 72, 10: 10, 13: 71, 14: 60, 19: 21, 16: 65, 15: 60, 12: 22, 18: 20, 29: 36, 25: 25, 21: 88, 20: 67, 27: 26, 22: 49, 28: 60, 24: 25, 23: 75, 26: 23, 36: 19, 37: 27, 30: 49, 32: 15, 39: 10, 33: 33, 35: 14, 31: 7, 38: 17, 34: 3}

Epoch: [8 | 70] LR: 0.010000 Sess: 3
60.400000000000006
48.9
38.400000000000006
14.2
{8: 70, 2: 32, 5: 73, 9: 62, 7: 86, 1: 60, 6: 47, 4: 68, 0: 87, 3: 19, 12: 22, 11: 65, 17: 74, 14: 35, 10: 26, 13: 72, 16: 40, 15: 69, 18: 47, 19: 39, 25: 12, 21: 38, 20: 58, 22: 56, 29: 10, 28: 67, 23: 92, 27: 13, 26: 37, 24: 1, 38: 26, 36: 15, 37: 22, 30: 35, 39: 9, 33: 28, 32: 5, 31: 1, 34: 1}

Epoch: [9 | 70] LR: 0.010000 Sess: 3
56.3
51.00000000000001
52.2
20.200000000000003
{8: 62, 5: 65, 9: 72, 7: 26, 1: 75, 6: 52, 4: 44, 0: 93, 3: 38, 2: 36, 11: 56, 17: 67, 10: 39, 18: 65, 16: 75, 19: 52, 13: 44, 14: 49, 15: 44, 12: 19, 24: 70, 29: 43, 25: 20, 20: 75, 28: 77, 23: 89, 22: 23, 21: 79, 26: 42, 27: 4, 39: 28, 36: 28, 30: 47, 33: 19, 37: 36, 34: 9, 32: 12, 31: 5, 38: 13, 35: 5}

Epoch: [10 | 70] LR: 0.010000 Sess: 3
55.300000000000004
48.5
50.199999999999996
21.5
{8: 60, 9: 79, 7: 47, 1: 87, 6: 68, 5: 47, 3: 56, 4: 25, 0: 58, 2: 26, 11: 69, 17: 85, 10: 35, 18: 77, 14: 59, 19: 33, 13: 41, 16: 47, 12: 25, 15: 14, 24: 33, 29: 59, 25: 39, 21: 71, 20: 69, 28: 79, 27: 13, 23: 74, 22: 33, 26: 32, 37: 45, 36: 38, 39: 23, 30: 51, 32: 25, 33: 15, 34: 5, 38: 13}

Epoch: [11 | 70] LR: 0.010000 Sess: 3
49.5
51.9
51.900000000000006
20.3
{8: 43, 2: 16, 5: 52, 9: 70, 7: 42, 0: 88, 1: 69, 6: 62, 3: 27, 4: 26, 12: 58, 11: 87, 14: 45, 10: 42, 13: 64, 18: 68, 16: 41, 19: 39, 17: 39, 15: 36, 29: 59, 25: 31, 21: 90, 20: 68, 28: 69, 23: 82, 22: 56, 27: 6, 24: 51, 26: 7, 36: 18, 39: 40, 30: 64, 32: 12, 33: 17, 34: 9, 37: 35, 31: 3, 38: 5}

Epoch: [12 | 70] LR: 0.010000 Sess: 3
56.699999999999996
49.099999999999994
44.400000000000006
26.0
{8: 63, 5: 71, 9: 70, 1: 83, 6: 77, 7: 33, 2: 47, 0: 77, 4: 21, 3: 25, 12: 39, 11: 35, 17: 66, 14: 76, 10: 48, 16: 37, 19: 38, 13: 47, 18: 53, 15: 52, 29: 40, 25: 9, 21: 80, 20: 80, 28: 57, 24: 39, 23: 52, 22: 33, 27: 12, 26: 42, 39: 29, 36: 20, 37: 45, 30: 54, 32: 2, 33: 59, 34: 6, 31: 21, 38: 20, 35: 4}

Epoch: [13 | 70] LR: 0.010000 Sess: 3
60.800000000000004
49.60000000000001
51.900000000000006
23.599999999999998
{8: 64, 2: 63, 5: 68, 9: 77, 7: 52, 1: 74, 6: 33, 4: 65, 0: 79, 3: 33, 12: 54, 11: 25, 17: 66, 14: 43, 10: 39, 13: 85, 18: 56, 19: 12, 16: 47, 15: 69, 24: 64, 29: 52, 25: 21, 21: 78, 20: 75, 27: 40, 23: 76, 22: 26, 28: 61, 26: 26, 39: 35, 36: 19, 30: 74, 33: 35, 37: 25, 38: 17, 31: 6, 32: 14, 34: 11}

Epoch: [14 | 70] LR: 0.010000 Sess: 3
55.599999999999994
57.900000000000006
44.9
25.6
{8: 55, 9: 73, 7: 53, 1: 84, 6: 66, 4: 57, 3: 24, 0: 40, 5: 65, 2: 39, 10: 68, 12: 60, 11: 52, 17: 71, 13: 69, 14: 51, 16: 48, 19: 58, 18: 37, 15: 65, 29: 25, 21: 44, 27: 20, 20: 66, 28: 64, 24: 34, 22: 58, 23: 85, 25: 9, 26: 44, 36: 31, 39: 38, 37: 41, 32: 12, 33: 37, 38: 15, 30: 54, 35: 7, 31: 15, 34: 6}

Epoch: [15 | 70] LR: 0.010000 Sess: 3
55.8
42.699999999999996
50.9
22.900000000000002
{8: 71, 9: 89, 1: 61, 7: 30, 4: 55, 5: 33, 6: 46, 3: 36, 0: 83, 2: 54, 12: 12, 11: 39, 17: 95, 14: 62, 10: 49, 18: 62, 16: 37, 19: 44, 13: 18, 15: 9, 24: 75, 29: 47, 21: 87, 27: 24, 20: 58, 28: 54, 23: 81, 22: 37, 25: 16, 26: 30, 37: 26, 36: 33, 39: 42, 32: 11, 30: 42, 33: 47, 34: 2, 31: 13, 35: 2, 38: 11}

Epoch: [16 | 70] LR: 0.010000 Sess: 3
57.2
45.800000000000004
48.5
23.099999999999998
{2: 81, 9: 67, 1: 75, 6: 51, 8: 39, 7: 59, 4: 41, 3: 40, 5: 48, 0: 71, 12: 77, 11: 10, 17: 74, 14: 52, 10: 59, 18: 56, 19: 21, 13: 49, 15: 45, 16: 15, 29: 38, 25: 20, 21: 67, 20: 74, 28: 76, 23: 66, 22: 48, 24: 50, 27: 21, 26: 25, 32: 21, 36: 12, 39: 44, 37: 26, 30: 35, 33: 46, 31: 12, 34: 18, 38: 16, 35: 1}

Epoch: [17 | 70] LR: 0.010000 Sess: 3
51.8
54.7
45.1
29.399999999999995
{8: 59, 5: 88, 9: 44, 7: 60, 3: 24, 1: 80, 6: 55, 4: 31, 0: 53, 2: 24, 11: 78, 17: 66, 14: 64, 10: 52, 18: 61, 19: 27, 13: 67, 16: 45, 15: 45, 12: 42, 29: 46, 27: 40, 21: 76, 20: 30, 28: 46, 23: 93, 22: 48, 24: 32, 25: 10, 26: 30, 39: 59, 32: 22, 36: 36, 37: 37, 30: 57, 33: 37, 34: 22, 38: 16, 31: 7, 35: 1}

Epoch: [18 | 70] LR: 0.010000 Sess: 3
62.2
50.8
49.50000000000001
29.8
{8: 76, 9: 56, 7: 52, 1: 77, 6: 68, 5: 71, 4: 56, 3: 45, 0: 92, 2: 29, 12: 64, 11: 67, 17: 36, 10: 54, 13: 55, 18: 59, 14: 51, 16: 61, 19: 38, 15: 23, 29: 46, 25: 19, 21: 54, 20: 66, 28: 64, 24: 66, 23: 87, 22: 41, 27: 16, 26: 36, 37: 80, 36: 35, 38: 15, 39: 53, 32: 10, 33: 51, 31: 13, 30: 37, 35: 2, 34: 2}

Epoch: [19 | 70] LR: 0.010000 Sess: 3
50.99999999999999
48.900000000000006
53.2
35.9
{8: 79, 5: 51, 9: 65, 1: 73, 3: 24, 6: 50, 4: 48, 0: 74, 2: 27, 7: 19, 12: 61, 17: 57, 14: 81, 10: 52, 18: 57, 13: 40, 16: 37, 15: 56, 19: 28, 11: 20, 29: 57, 25: 15, 21: 83, 20: 74, 27: 16, 28: 68, 23: 95, 22: 48, 24: 54, 26: 22, 37: 51, 38: 22, 39: 53, 32: 21, 36: 36, 33: 74, 31: 17, 30: 54, 34: 9, 35: 22}

Epoch: [20 | 70] LR: 0.010000 Sess: 3
47.4
48.199999999999996
47.6
35.1
{8: 61, 2: 58, 9: 34, 7: 44, 1: 66, 6: 50, 0: 49, 4: 41, 5: 43, 3: 28, 10: 48, 12: 61, 11: 51, 17: 64, 14: 51, 19: 38, 13: 43, 18: 52, 16: 42, 15: 32, 29: 48, 25: 44, 27: 18, 20: 57, 28: 67, 23: 71, 22: 62, 24: 62, 21: 36, 26: 11, 37: 64, 36: 32, 39: 70, 30: 64, 32: 23, 33: 39, 31: 26, 38: 29, 34: 4}

Epoch: [21 | 70] LR: 0.002000 Sess: 3
56.60000000000001
54.99999999999999
60.099999999999994
41.0
{8: 75, 9: 67, 7: 52, 1: 82, 6: 56, 5: 61, 3: 40, 4: 45, 2: 49, 0: 39, 12: 59, 11: 60, 17: 49, 14: 63, 10: 50, 13: 67, 19: 38, 18: 49, 16: 70, 15: 45, 29: 49, 27: 42, 25: 34, 21: 75, 20: 74, 22: 59, 28: 69, 23: 91, 24: 64, 26: 44, 37: 64, 36: 53, 39: 65, 32: 33, 30: 74, 33: 47, 34: 22, 31: 20, 38: 30, 35: 2}

Epoch: [22 | 70] LR: 0.002000 Sess: 3
59.400000000000006
56.2
59.9
44.199999999999996
{8: 80, 5: 64, 9: 59, 7: 61, 1: 82, 6: 57, 3: 37, 0: 63, 4: 48, 2: 43, 12: 68, 11: 67, 17: 48, 14: 60, 10: 49, 13: 58, 18: 55, 19: 47, 16: 67, 15: 43, 29: 52, 27: 39, 25: 44, 21: 80, 20: 71, 22: 60, 28: 71, 23: 87, 26: 44, 24: 51, 37: 66, 36: 61, 34: 33, 38: 33, 39: 63, 32: 39, 30: 74, 33: 54, 31: 15, 35: 4}

Epoch: [23 | 70] LR: 0.002000 Sess: 3
60.49999999999999
52.900000000000006
61.79999999999999
43.300000000000004
{8: 76, 9: 63, 7: 63, 1: 73, 6: 68, 5: 67, 3: 45, 4: 47, 0: 58, 2: 45, 12: 63, 11: 59, 17: 36, 10: 46, 13: 66, 18: 58, 14: 47, 19: 42, 16: 63, 15: 49, 29: 49, 25: 43, 21: 80, 27: 40, 20: 65, 22: 70, 28: 74, 23: 90, 24: 59, 26: 48, 37: 73, 36: 57, 34: 19, 38: 32, 39: 67, 32: 34, 30: 77, 33: 52, 31: 19, 35: 3}

Epoch: [24 | 70] LR: 0.002000 Sess: 3
61.5
55.7
61.4
44.300000000000004
{8: 78, 5: 68, 9: 65, 7: 50, 3: 41, 1: 84, 6: 63, 4: 54, 0: 67, 2: 45, 12: 63, 11: 52, 17: 46, 14: 59, 10: 52, 13: 58, 18: 64, 16: 68, 19: 42, 15: 53, 24: 71, 29: 61, 25: 42, 21: 78, 27: 39, 20: 67, 28: 68, 23: 93, 22: 59, 26: 36, 37: 67, 36: 53, 38: 38, 39: 66, 32: 36, 30: 74, 33: 56, 34: 29, 31: 16, 35: 8}

Epoch: [25 | 70] LR: 0.002000 Sess: 3
62.6
54.9
57.79999999999999
43.5
{8: 80, 5: 76, 9: 67, 7: 52, 1: 84, 6: 55, 4: 67, 3: 37, 0: 64, 2: 44, 12: 53, 11: 63, 17: 46, 14: 66, 10: 52, 13: 64, 18: 60, 19: 48, 16: 54, 15: 43, 29: 53, 25: 38, 21: 74, 27: 32, 20: 64, 28: 64, 24: 68, 23: 87, 22: 55, 26: 43, 36: 50, 38: 30, 39: 69, 32: 38, 37: 66, 30: 73, 33: 47, 31: 20, 34: 36, 35: 6}

Epoch: [26 | 70] LR: 0.002000 Sess: 3
61.6
53.6
59.6
45.2
{8: 81, 9: 61, 7: 50, 3: 41, 1: 80, 6: 65, 4: 49, 5: 70, 0: 65, 2: 54, 12: 58, 11: 49, 17: 44, 14: 54, 10: 55, 18: 66, 19: 42, 13: 49, 16: 64, 15: 55, 29: 46, 27: 43, 25: 35, 21: 73, 20: 70, 28: 69, 23: 87, 22: 54, 24: 70, 26: 49, 37: 72, 36: 60, 38: 42, 39: 69, 32: 29, 30: 74, 33: 47, 31: 26, 34: 30, 35: 3}

Epoch: [27 | 70] LR: 0.002000 Sess: 3
63.39999999999999
55.0
59.900000000000006
44.6
{8: 74, 9: 69, 7: 60, 3: 44, 1: 83, 6: 63, 4: 59, 5: 67, 0: 60, 2: 55, 12: 61, 11: 47, 17: 50, 14: 53, 10: 56, 13: 62, 18: 63, 19: 40, 16: 62, 15: 56, 29: 52, 25: 42, 21: 74, 27: 42, 20: 72, 28: 69, 24: 66, 23: 94, 22: 49, 26: 39, 37: 72, 36: 56, 38: 34, 39: 70, 32: 31, 30: 71, 33: 49, 31: 23, 34: 36, 35: 4}

Epoch: [28 | 70] LR: 0.002000 Sess: 3
62.1
56.199999999999996
61.89999999999999
44.900000000000006
{8: 83, 9: 69, 7: 57, 1: 85, 6: 63, 4: 47, 3: 32, 5: 62, 0: 74, 2: 49, 12: 62, 11: 57, 17: 54, 14: 55, 10: 53, 18: 56, 19: 46, 13: 59, 16: 65, 15: 55, 29: 49, 25: 38, 21: 88, 20: 80, 27: 37, 22: 57, 28: 70, 26: 43, 24: 65, 23: 92, 37: 67, 36: 49, 38: 37, 39: 66, 32: 36, 30: 76, 33: 57, 34: 33, 31: 20, 35: 8}

Epoch: [29 | 70] LR: 0.002000 Sess: 3
65.8
55.5
58.199999999999996
44.7
{8: 87, 5: 78, 9: 68, 7: 68, 3: 52, 1: 80, 6: 65, 4: 48, 2: 58, 0: 54, 12: 57, 11: 42, 17: 54, 14: 58, 10: 56, 18: 63, 19: 45, 13: 58, 16: 67, 15: 55, 29: 55, 25: 33, 27: 42, 20: 75, 22: 60, 28: 70, 23: 86, 21: 72, 24: 46, 26: 43, 37: 67, 36: 56, 34: 29, 38: 37, 39: 66, 32: 34, 30: 79, 33: 59, 31: 13, 35: 7}

Epoch: [30 | 70] LR: 0.002000 Sess: 3
63.2
55.400000000000006
57.900000000000006
45.099999999999994
{8: 76, 5: 69, 9: 69, 7: 52, 1: 81, 6: 72, 4: 37, 3: 39, 0: 78, 2: 59, 12: 61, 11: 32, 17: 61, 14: 72, 10: 52, 13: 65, 18: 61, 19: 33, 16: 62, 15: 55, 29: 52, 25: 33, 27: 35, 20: 75, 22: 60, 28: 66, 24: 62, 23: 91, 21: 73, 26: 32, 37: 68, 36: 65, 38: 39, 39: 64, 32: 32, 30: 73, 31: 20, 33: 52, 34: 31, 35: 7}

Epoch: [31 | 70] LR: 0.002000 Sess: 3
58.7
57.8
60.6
46.2
{8: 84, 5: 57, 9: 70, 7: 56, 3: 46, 1: 83, 6: 58, 4: 38, 0: 63, 2: 32, 12: 64, 11: 66, 17: 58, 14: 61, 10: 53, 13: 71, 19: 37, 18: 58, 16: 66, 15: 44, 29: 48, 27: 47, 25: 36, 21: 82, 20: 73, 22: 61, 28: 70, 24: 64, 23: 87, 26: 38, 37: 69, 36: 65, 38: 32, 39: 71, 32: 35, 30: 76, 33: 59, 34: 35, 31: 13, 35: 7}

Epoch: [32 | 70] LR: 0.002000 Sess: 3
60.7
58.89999999999999
56.50000000000001
43.800000000000004
{8: 81, 9: 68, 7: 56, 3: 49, 1: 76, 6: 54, 4: 48, 5: 52, 0: 68, 2: 55, 12: 66, 11: 47, 17: 57, 14: 67, 10: 65, 13: 70, 18: 63, 16: 68, 19: 38, 15: 48, 29: 37, 25: 41, 21: 74, 27: 31, 20: 65, 28: 70, 24: 62, 23: 86, 22: 47, 26: 52, 37: 65, 36: 40, 38: 42, 39: 67, 32: 35, 30: 75, 33: 57, 31: 18, 34: 35, 35: 4}

Epoch: [33 | 70] LR: 0.002000 Sess: 3
60.9
54.300000000000004
61.599999999999994
44.80000000000001
{8: 87, 9: 74, 7: 49, 1: 83, 6: 49, 5: 51, 4: 50, 3: 39, 0: 72, 2: 55, 12: 75, 11: 44, 17: 40, 14: 55, 10: 48, 13: 68, 18: 64, 16: 66, 19: 51, 15: 32, 29: 53, 25: 44, 21: 86, 20: 70, 27: 45, 22: 54, 28: 74, 23: 85, 24: 72, 26: 33, 37: 75, 36: 56, 38: 31, 39: 68, 32: 39, 30: 71, 33: 54, 31: 13, 34: 34, 35: 7}

Epoch: [34 | 70] LR: 0.002000 Sess: 3
61.3
56.800000000000004
59.199999999999996
47.6
{8: 86, 9: 64, 7: 57, 1: 83, 6: 60, 5: 58, 3: 32, 4: 47, 2: 50, 0: 76, 12: 48, 11: 60, 17: 52, 14: 65, 10: 51, 13: 63, 18: 65, 16: 74, 19: 25, 15: 65, 29: 43, 25: 36, 21: 81, 27: 32, 20: 72, 28: 73, 23: 89, 22: 52, 24: 63, 26: 51, 37: 74, 36: 50, 38: 36, 39: 76, 32: 30, 30: 77, 33: 54, 31: 31, 34: 39, 35: 9}

Epoch: [35 | 70] LR: 0.002000 Sess: 3
64.8
52.00000000000001
61.099999999999994
45.300000000000004
{8: 79, 5: 83, 9: 66, 7: 51, 3: 40, 1: 80, 6: 56, 4: 62, 2: 55, 0: 76, 12: 56, 11: 43, 17: 48, 14: 64, 10: 39, 13: 65, 18: 67, 16: 70, 19: 30, 15: 38, 29: 56, 25: 25, 21: 76, 27: 44, 20: 69, 22: 64, 28: 69, 23: 88, 24: 69, 26: 51, 32: 44, 37: 66, 36: 51, 34: 41, 38: 24, 39: 66, 30: 69, 33: 58, 31: 28, 35: 6}

Epoch: [36 | 70] LR: 0.002000 Sess: 3
60.699999999999996
55.800000000000004
59.60000000000001
44.4
{8: 79, 5: 72, 9: 64, 7: 60, 1: 77, 6: 66, 3: 26, 4: 51, 2: 48, 0: 64, 10: 60, 12: 49, 11: 62, 17: 63, 14: 48, 18: 61, 16: 67, 19: 49, 13: 45, 15: 54, 24: 72, 29: 57, 27: 50, 25: 27, 21: 76, 20: 60, 22: 56, 28: 68, 26: 41, 23: 89, 37: 68, 36: 42, 34: 39, 38: 40, 39: 71, 32: 32, 30: 81, 33: 50, 31: 15, 35: 6}

Epoch: [37 | 70] LR: 0.002000 Sess: 3
61.4
56.3
59.5
50.7
{8: 79, 9: 66, 7: 59, 1: 81, 6: 68, 5: 63, 3: 37, 4: 45, 2: 44, 0: 72, 10: 47, 12: 49, 11: 65, 17: 67, 14: 55, 13: 57, 18: 59, 19: 43, 16: 73, 15: 48, 29: 57, 25: 43, 21: 77, 27: 47, 20: 66, 22: 53, 28: 69, 26: 33, 23: 92, 24: 58, 37: 69, 36: 64, 34: 35, 38: 47, 39: 71, 32: 42, 30: 80, 33: 57, 31: 33, 35: 9}

Epoch: [38 | 70] LR: 0.002000 Sess: 3
63.7
50.6
61.9
48.8
{8: 82, 5: 64, 9: 73, 7: 53, 1: 79, 6: 76, 4: 52, 3: 31, 2: 56, 0: 71, 12: 79, 11: 41, 17: 24, 14: 66, 10: 41, 16: 72, 19: 30, 13: 54, 18: 47, 15: 52, 29: 56, 25: 30, 21: 83, 27: 37, 20: 72, 22: 59, 28: 79, 24: 66, 23: 94, 26: 43, 37: 66, 36: 62, 34: 39, 38: 34, 39: 68, 32: 40, 30: 75, 33: 71, 31: 23, 35: 10}

Epoch: [39 | 70] LR: 0.002000 Sess: 3
63.699999999999996
52.49999999999999
62.2
49.1
{8: 80, 9: 74, 7: 60, 1: 79, 6: 72, 5: 55, 4: 57, 0: 86, 2: 48, 3: 26, 10: 50, 12: 54, 11: 46, 17: 39, 14: 59, 19: 40, 13: 59, 18: 59, 16: 65, 15: 54, 29: 62, 25: 58, 21: 86, 27: 35, 20: 65, 28: 62, 23: 91, 22: 51, 24: 70, 26: 42, 37: 67, 36: 63, 38: 31, 39: 74, 32: 40, 30: 83, 33: 67, 31: 18, 34: 36, 35: 12}

Epoch: [40 | 70] LR: 0.002000 Sess: 3
56.00000000000001
59.20000000000001
61.0
46.400000000000006
{8: 81, 9: 78, 7: 47, 3: 34, 1: 73, 6: 57, 5: 56, 4: 33, 0: 75, 2: 26, 10: 54, 12: 67, 11: 58, 17: 50, 14: 71, 16: 67, 19: 56, 13: 57, 18: 58, 15: 54, 29: 58, 25: 34, 21: 78, 27: 39, 20: 64, 28: 77, 26: 47, 24: 70, 23: 89, 22: 54, 38: 41, 37: 69, 36: 62, 34: 28, 39: 75, 32: 29, 30: 79, 33: 56, 35: 15, 31: 10}

Epoch: [41 | 70] LR: 0.000400 Sess: 3
60.29999999999999
56.699999999999996
61.1
47.0
{8: 78, 9: 78, 7: 49, 3: 39, 1: 81, 6: 64, 5: 64, 4: 47, 0: 69, 2: 34, 10: 54, 12: 58, 11: 60, 17: 48, 14: 67, 16: 68, 19: 54, 13: 54, 18: 58, 15: 46, 29: 57, 25: 38, 21: 82, 27: 40, 20: 65, 22: 52, 28: 73, 26: 46, 24: 68, 23: 90, 32: 38, 37: 71, 36: 58, 34: 30, 38: 36, 39: 71, 30: 77, 33: 59, 31: 19, 35: 11}

Epoch: [42 | 70] LR: 0.000400 Sess: 3
61.1
58.900000000000006
60.6
48.099999999999994
{8: 81, 9: 78, 7: 58, 3: 34, 1: 83, 6: 66, 5: 66, 4: 38, 0: 76, 2: 31, 10: 49, 12: 62, 11: 69, 17: 51, 14: 58, 16: 75, 19: 52, 13: 57, 18: 58, 15: 58, 29: 57, 25: 35, 21: 79, 27: 39, 20: 67, 22: 53, 28: 73, 26: 48, 24: 67, 23: 88, 37: 68, 36: 68, 34: 34, 38: 37, 39: 73, 32: 37, 30: 79, 33: 60, 31: 18, 35: 7}

Epoch: [43 | 70] LR: 0.000400 Sess: 3
62.099999999999994
56.9
59.8
47.800000000000004
{8: 78, 9: 81, 7: 54, 3: 34, 1: 86, 6: 65, 5: 68, 0: 83, 4: 49, 2: 23, 10: 48, 12: 58, 11: 69, 17: 50, 14: 61, 16: 73, 19: 46, 13: 58, 18: 59, 15: 47, 24: 73, 29: 58, 25: 38, 21: 77, 27: 32, 20: 67, 22: 53, 28: 70, 26: 40, 23: 90, 37: 68, 39: 73, 32: 40, 36: 63, 30: 76, 33: 61, 31: 19, 34: 33, 38: 36, 35: 9}

Epoch: [44 | 70] LR: 0.000400 Sess: 3
62.300000000000004
58.3
61.3
48.8
{8: 82, 9: 76, 7: 59, 3: 33, 1: 81, 6: 64, 5: 65, 0: 88, 4: 45, 2: 30, 10: 46, 12: 65, 11: 72, 17: 44, 14: 66, 19: 58, 13: 56, 18: 56, 16: 71, 15: 49, 24: 72, 29: 55, 25: 41, 21: 77, 27: 42, 20: 67, 28: 71, 26: 48, 23: 87, 22: 53, 37: 71, 36: 66, 34: 40, 38: 34, 39: 71, 32: 43, 30: 76, 33: 56, 31: 22, 35: 9}

Epoch: [45 | 70] LR: 0.000400 Sess: 3
62.1
57.5
62.099999999999994
49.3
{8: 83, 9: 79, 7: 49, 3: 37, 1: 84, 6: 73, 5: 60, 0: 88, 4: 42, 2: 26, 12: 69, 11: 72, 17: 43, 14: 67, 10: 42, 16: 71, 19: 52, 13: 56, 18: 57, 15: 46, 24: 74, 29: 59, 25: 39, 21: 80, 27: 39, 20: 69, 22: 55, 28: 71, 26: 48, 23: 87, 37: 70, 36: 71, 34: 34, 38: 38, 39: 72, 32: 41, 30: 78, 33: 61, 31: 20, 35: 8}

Epoch: [46 | 70] LR: 0.000400 Sess: 3
64.0
55.49999999999999
60.2
48.70000000000001
{8: 80, 9: 77, 7: 55, 3: 40, 1: 82, 6: 67, 5: 68, 0: 88, 4: 42, 2: 41, 10: 45, 12: 52, 11: 62, 17: 55, 14: 63, 16: 68, 19: 44, 13: 58, 18: 58, 15: 50, 24: 73, 29: 55, 25: 43, 21: 77, 27: 41, 20: 69, 22: 53, 28: 66, 23: 88, 26: 37, 37: 69, 36: 63, 34: 32, 38: 37, 39: 71, 32: 51, 30: 78, 33: 58, 31: 20, 35: 8}

Epoch: [47 | 70] LR: 0.000400 Sess: 3
63.3
57.699999999999996
62.300000000000004
50.599999999999994
{8: 82, 9: 76, 7: 55, 3: 36, 1: 85, 6: 73, 5: 59, 0: 84, 4: 44, 2: 39, 12: 72, 11: 63, 17: 49, 14: 69, 10: 43, 16: 72, 19: 46, 13: 54, 18: 61, 15: 48, 24: 72, 29: 51, 25: 48, 21: 88, 27: 37, 20: 69, 22: 54, 28: 75, 26: 43, 23: 86, 37: 68, 36: 65, 34: 37, 38: 43, 39: 72, 32: 48, 30: 82, 33: 60, 31: 22, 35: 9}

Epoch: [48 | 70] LR: 0.000400 Sess: 3
63.400000000000006
56.1
61.099999999999994
49.2
{8: 77, 5: 66, 9: 75, 7: 57, 3: 36, 1: 84, 6: 72, 0: 88, 4: 40, 2: 39, 12: 67, 11: 60, 17: 50, 14: 59, 10: 44, 13: 62, 16: 67, 19: 44, 18: 56, 15: 52, 24: 71, 29: 53, 25: 41, 21: 77, 27: 39, 20: 69, 22: 55, 28: 73, 26: 41, 23: 92, 37: 67, 36: 69, 38: 40, 39: 71, 32: 43, 30: 79, 33: 61, 31: 20, 34: 33, 35: 9}

Epoch: [49 | 70] LR: 0.000400 Sess: 3
61.9
56.60000000000001
61.50000000000001
51.599999999999994
{8: 78, 9: 74, 7: 55, 3: 35, 1: 83, 6: 71, 5: 62, 4: 42, 0: 86, 2: 33, 12: 70, 11: 61, 17: 51, 14: 58, 10: 45, 19: 47, 13: 58, 18: 59, 16: 68, 15: 49, 24: 70, 29: 54, 25: 40, 21: 82, 27: 33, 20: 70, 22: 57, 28: 72, 26: 47, 23: 90, 32: 45, 37: 68, 36: 71, 38: 39, 39: 72, 30: 79, 33: 61, 31: 26, 34: 42, 35: 13}

Epoch: [50 | 70] LR: 0.000400 Sess: 3
61.099999999999994
56.2
63.40000000000001
48.9
{8: 78, 9: 74, 7: 54, 3: 36, 1: 83, 6: 72, 5: 61, 4: 43, 0: 79, 2: 31, 10: 48, 12: 67, 11: 66, 17: 45, 14: 54, 13: 63, 19: 53, 18: 58, 16: 64, 15: 44, 24: 77, 29: 59, 25: 42, 21: 79, 27: 36, 20: 68, 22: 57, 28: 77, 26: 50, 23: 89, 37: 72, 36: 60, 34: 32, 38: 41, 39: 70, 32: 41, 30: 80, 33: 62, 31: 20, 35: 11}

Epoch: [51 | 70] LR: 0.000400 Sess: 3
62.6
55.00000000000001
61.9
50.6
{8: 79, 5: 71, 9: 75, 7: 50, 3: 31, 1: 82, 6: 70, 4: 45, 0: 81, 2: 42, 12: 66, 11: 57, 17: 47, 14: 55, 10: 45, 16: 67, 19: 45, 13: 58, 18: 59, 15: 51, 24: 78, 29: 54, 25: 38, 21: 77, 27: 42, 20: 65, 22: 56, 28: 67, 26: 50, 23: 92, 37: 71, 36: 63, 38: 40, 39: 71, 32: 44, 30: 76, 33: 63, 31: 24, 34: 41, 35: 13}

Epoch: [52 | 70] LR: 0.000400 Sess: 3
63.300000000000004
55.5
62.400000000000006
48.800000000000004
{8: 78, 9: 71, 7: 58, 3: 42, 1: 81, 6: 70, 5: 68, 4: 40, 0: 82, 2: 43, 12: 62, 11: 54, 17: 47, 14: 53, 10: 44, 13: 64, 18: 64, 19: 45, 16: 66, 15: 56, 29: 55, 25: 41, 21: 80, 27: 45, 20: 65, 22: 56, 28: 69, 26: 51, 23: 92, 24: 70, 32: 41, 37: 70, 36: 66, 38: 40, 39: 71, 30: 81, 33: 59, 31: 17, 34: 32, 35: 11}

Epoch: [53 | 70] LR: 0.000400 Sess: 3
62.3
59.09999999999999
62.2
49.400000000000006
{8: 81, 9: 73, 7: 49, 3: 35, 1: 88, 6: 70, 5: 71, 4: 42, 0: 76, 2: 38, 12: 62, 11: 67, 17: 53, 14: 61, 10: 46, 18: 64, 16: 73, 19: 48, 13: 62, 15: 55, 24: 76, 29: 53, 25: 35, 21: 83, 27: 40, 20: 68, 22: 55, 28: 74, 26: 47, 23: 91, 37: 68, 36: 64, 38: 42, 39: 68, 32: 41, 30: 78, 33: 65, 31: 16, 34: 41, 35: 11}

Epoch: [54 | 70] LR: 0.000400 Sess: 3
62.5
56.0
62.699999999999996
49.6
{8: 81, 9: 69, 7: 60, 3: 37, 1: 86, 6: 68, 5: 65, 4: 38, 0: 75, 2: 46, 10: 48, 12: 69, 11: 58, 17: 43, 14: 55, 16: 73, 19: 47, 13: 53, 18: 61, 15: 53, 29: 56, 25: 42, 21: 81, 27: 38, 20: 67, 22: 58, 28: 73, 26: 53, 24: 69, 23: 90, 37: 70, 36: 60, 34: 40, 38: 42, 39: 74, 32: 40, 30: 80, 33: 62, 31: 16, 35: 12}

Epoch: [55 | 70] LR: 0.000400 Sess: 3
60.800000000000004
58.5
62.199999999999996
49.5
{8: 82, 9: 76, 7: 54, 3: 37, 1: 85, 6: 66, 5: 60, 4: 39, 0: 68, 2: 41, 10: 54, 12: 66, 11: 60, 17: 53, 14: 63, 18: 63, 16: 70, 19: 47, 13: 57, 15: 52, 24: 75, 29: 50, 25: 43, 21: 84, 27: 46, 20: 71, 22: 50, 28: 74, 26: 41, 23: 88, 32: 40, 37: 68, 36: 60, 34: 41, 38: 39, 39: 71, 30: 82, 33: 65, 31: 18, 35: 11}

Epoch: [56 | 70] LR: 0.000400 Sess: 3
61.1
60.0
61.99999999999999
49.400000000000006
{8: 78, 9: 78, 7: 56, 3: 36, 1: 88, 6: 62, 5: 61, 0: 80, 4: 41, 2: 31, 12: 67, 11: 70, 17: 53, 14: 61, 10: 48, 18: 62, 16: 71, 19: 44, 13: 57, 15: 67, 24: 74, 29: 47, 25: 38, 21: 80, 27: 48, 20: 72, 22: 50, 28: 74, 26: 44, 23: 93, 37: 67, 36: 64, 34: 40, 38: 37, 39: 71, 32: 48, 30: 83, 33: 59, 31: 18, 35: 7}

Epoch: [57 | 70] LR: 0.000400 Sess: 3
62.0
57.4
61.8
51.5
{8: 82, 5: 65, 9: 74, 7: 55, 3: 37, 1: 88, 6: 67, 4: 44, 0: 72, 2: 36, 12: 67, 11: 64, 17: 47, 14: 61, 10: 46, 18: 60, 16: 73, 19: 36, 13: 60, 15: 60, 24: 73, 29: 48, 25: 44, 21: 82, 27: 46, 20: 70, 22: 55, 28: 68, 26: 41, 23: 91, 37: 71, 36: 65, 34: 43, 38: 41, 39: 72, 32: 47, 30: 76, 33: 67, 31: 23, 35: 10}

Epoch: [58 | 70] LR: 0.000400 Sess: 3
61.7
58.5
62.1
50.199999999999996
{8: 80, 9: 74, 7: 55, 3: 39, 1: 87, 6: 67, 5: 61, 4: 51, 0: 77, 2: 26, 10: 45, 12: 62, 11: 77, 17: 48, 14: 63, 13: 66, 18: 62, 16: 70, 19: 41, 15: 51, 29: 54, 25: 40, 21: 85, 27: 40, 20: 71, 22: 54, 28: 75, 26: 40, 24: 75, 23: 87, 37: 71, 38: 38, 39: 73, 32: 50, 36: 60, 30: 82, 33: 67, 31: 19, 34: 36, 35: 6}

Epoch: [59 | 70] LR: 0.000400 Sess: 3
59.4
59.300000000000004
61.699999999999996
50.6
{8: 78, 9: 74, 7: 57, 1: 87, 6: 60, 5: 62, 4: 47, 3: 35, 0: 73, 2: 21, 10: 51, 12: 61, 11: 78, 17: 47, 14: 64, 13: 68, 18: 64, 16: 71, 19: 40, 15: 49, 29: 56, 25: 40, 21: 86, 27: 42, 20: 71, 22: 51, 28: 73, 26: 40, 24: 71, 23: 87, 37: 72, 38: 41, 39: 74, 32: 46, 36: 58, 30: 83, 33: 63, 31: 21, 34: 42, 35: 6}

Epoch: [60 | 70] LR: 0.000400 Sess: 3
62.6
58.9
60.2
52.0
{8: 80, 9: 69, 7: 51, 3: 36, 1: 85, 6: 69, 5: 67, 4: 54, 0: 82, 2: 33, 10: 48, 12: 63, 11: 75, 17: 43, 14: 60, 13: 66, 18: 63, 16: 72, 19: 41, 15: 58, 29: 49, 25: 35, 21: 82, 27: 42, 20: 72, 22: 52, 28: 71, 26: 41, 24: 74, 23: 84, 37: 72, 36: 67, 34: 44, 38: 39, 39: 74, 32: 42, 30: 78, 33: 71, 31: 27, 35: 6}

Epoch: [61 | 70] LR: 0.000080 Sess: 3
63.1
57.599999999999994
59.5
51.6
{8: 80, 9: 73, 7: 57, 3: 38, 1: 87, 6: 65, 5: 67, 4: 53, 0: 83, 2: 28, 10: 49, 12: 60, 11: 74, 17: 43, 14: 62, 13: 62, 18: 63, 16: 70, 19: 41, 15: 52, 29: 52, 25: 33, 21: 80, 27: 31, 20: 70, 22: 54, 28: 70, 26: 42, 24: 73, 23: 90, 37: 75, 36: 64, 34: 43, 38: 39, 39: 73, 32: 44, 30: 79, 33: 69, 31: 24, 35: 6}

Epoch: [62 | 70] LR: 0.000080 Sess: 3
63.60000000000001
58.9
60.100000000000016
50.599999999999994
{8: 81, 9: 71, 7: 58, 3: 37, 1: 87, 6: 64, 5: 66, 4: 58, 0: 78, 2: 36, 10: 51, 12: 66, 11: 70, 17: 48, 14: 60, 13: 63, 18: 61, 16: 73, 19: 43, 15: 54, 29: 51, 25: 41, 21: 80, 27: 31, 20: 68, 22: 50, 28: 72, 26: 47, 24: 72, 23: 89, 37: 68, 36: 62, 34: 41, 38: 39, 39: 72, 32: 46, 30: 82, 33: 66, 31: 25, 35: 5}

Epoch: [63 | 70] LR: 0.000080 Sess: 3
64.00000000000001
56.9
59.400000000000006
50.0
{8: 83, 5: 71, 9: 74, 7: 55, 3: 41, 1: 87, 6: 67, 4: 51, 0: 80, 2: 31, 10: 47, 12: 64, 11: 72, 17: 40, 14: 54, 13: 62, 18: 64, 16: 74, 19: 40, 15: 52, 29: 52, 25: 28, 21: 79, 27: 40, 20: 67, 22: 55, 28: 74, 26: 42, 23: 86, 24: 71, 37: 73, 36: 65, 34: 38, 38: 39, 39: 74, 32: 41, 30: 80, 33: 64, 31: 20, 35: 6}

Epoch: [64 | 70] LR: 0.000080 Sess: 3
63.0
56.1
59.900000000000006
52.49999999999999
{8: 82, 9: 75, 7: 55, 3: 41, 1: 88, 6: 63, 5: 65, 4: 49, 0: 78, 2: 34, 12: 60, 11: 69, 17: 46, 14: 65, 10: 44, 18: 58, 16: 72, 19: 36, 13: 61, 15: 50, 29: 57, 25: 36, 21: 77, 27: 32, 20: 69, 22: 55, 28: 74, 26: 41, 23: 88, 24: 70, 32: 45, 37: 74, 36: 65, 34: 45, 38: 40, 39: 73, 30: 80, 33: 71, 31: 23, 35: 9}

Epoch: [65 | 70] LR: 0.000080 Sess: 3
63.3
56.99999999999999
60.4
52.699999999999996
{8: 82, 9: 74, 7: 54, 3: 39, 1: 87, 6: 65, 5: 66, 4: 50, 0: 83, 2: 33, 12: 65, 11: 72, 17: 44, 14: 61, 10: 43, 18: 61, 16: 74, 19: 38, 13: 59, 15: 53, 29: 50, 25: 37, 21: 81, 27: 34, 20: 71, 22: 56, 28: 70, 26: 43, 24: 73, 23: 89, 37: 74, 36: 72, 34: 45, 38: 37, 39: 73, 32: 45, 30: 79, 33: 70, 31: 26, 35: 6}

Epoch: [66 | 70] LR: 0.000080 Sess: 3
62.49999999999999
57.79999999999999
59.7
50.89999999999999
{8: 82, 9: 73, 7: 54, 3: 39, 1: 85, 6: 63, 5: 65, 4: 48, 0: 85, 2: 31, 10: 49, 12: 65, 11: 73, 17: 43, 14: 60, 13: 59, 18: 63, 16: 69, 19: 40, 15: 57, 24: 72, 29: 42, 25: 42, 21: 74, 27: 42, 20: 66, 22: 49, 28: 71, 26: 49, 23: 90, 37: 73, 36: 65, 34: 40, 38: 38, 39: 73, 32: 43, 30: 79, 33: 67, 31: 25, 35: 6}

Epoch: [67 | 70] LR: 0.000080 Sess: 3
63.1
57.8
60.300000000000004
51.3
{8: 81, 9: 75, 7: 52, 3: 43, 1: 86, 6: 63, 5: 65, 4: 49, 0: 84, 2: 33, 10: 47, 12: 62, 11: 75, 17: 44, 14: 60, 13: 64, 18: 58, 16: 71, 19: 43, 15: 54, 24: 74, 29: 47, 25: 39, 21: 79, 27: 37, 20: 69, 22: 51, 28: 69, 26: 45, 23: 93, 37: 70, 36: 68, 34: 39, 38: 40, 39: 73, 32: 45, 30: 80, 33: 68, 31: 26, 35: 4}

Epoch: [68 | 70] LR: 0.000080 Sess: 3
63.50000000000001
56.900000000000006
60.7
53.099999999999994
{8: 81, 5: 69, 9: 75, 7: 53, 3: 42, 1: 87, 6: 68, 4: 48, 0: 79, 2: 33, 10: 44, 12: 71, 11: 73, 17: 42, 14: 58, 18: 60, 16: 72, 19: 35, 13: 61, 15: 53, 29: 52, 25: 31, 21: 81, 27: 41, 20: 72, 22: 52, 28: 74, 26: 44, 23: 90, 24: 70, 37: 71, 36: 66, 34: 51, 38: 39, 39: 73, 32: 44, 30: 84, 33: 69, 31: 26, 35: 8}

Epoch: [69 | 70] LR: 0.000080 Sess: 3
62.3
58.1
60.49999999999999
50.30000000000001
{8: 83, 9: 73, 7: 56, 3: 39, 1: 87, 6: 61, 5: 63, 4: 46, 0: 79, 2: 36, 10: 48, 12: 71, 11: 74, 17: 46, 14: 60, 13: 55, 18: 62, 16: 72, 19: 40, 15: 53, 29: 53, 25: 38, 21: 81, 27: 36, 20: 70, 22: 54, 28: 71, 26: 43, 23: 89, 24: 70, 37: 71, 36: 62, 34: 41, 38: 36, 39: 75, 32: 42, 30: 79, 33: 66, 31: 25, 35: 6}

Epoch: [70 | 70] LR: 0.000080 Sess: 3
The PostScript backend does not support transparency; partially transparent artists will be rendered opaque.
The PostScript backend does not support transparency; partially transparent artists will be rendered opaque.
63.6
56.7
61.3
52.4
{8: 81, 5: 70, 9: 74, 7: 54, 3: 41, 1: 86, 6: 71, 4: 44, 0: 83, 2: 32, 10: 44, 12: 68, 11: 73, 17: 45, 14: 62, 13: 60, 18: 60, 16: 69, 19: 37, 15: 49, 29: 54, 25: 32, 21: 79, 27: 42, 20: 69, 22: 55, 28: 73, 26: 44, 24: 75, 23: 90, 37: 74, 36: 67, 34: 45, 38: 40, 39: 74, 32: 44, 30: 79, 33: 67, 31: 26, 35: 8}
2000
Training meta tasks:	 0
Training meta tasks:	 1
Training meta tasks:	 2
Training meta tasks:	 3
