{'checkpoint': 'results/cifar100/meta_svhn_T5_42', 'savepoint': 'models/cifar100/meta_svhn_T5_42', 'data_path': '../Datasets/SVHN/', 'num_class': 10, 'class_per_task': 2, 'num_task': 5, 'test_samples_per_class': 1000, 'dataset': 'svhn', 'optimizer': 'radam', 'epochs': 20, 'lr': 0.01, 'train_batch': 256, 'test_batch': 256, 'workers': 16, 'sess': 0, 'schedule': [5, 10, 15], 'gamma': 0.2, 'random_classes': False, 'validation': 0, 'memory': 2000, 'mu': 1, 'beta': 1.0, 'r': 1}
  Total params: 1.23M 
Using downloaded and verified file: ../Datasets/SVHN/train_32x32.mat
Using downloaded and verified file: ../Datasets/SVHN/test_32x32.mat
0
[2, 2, 2, 2, 2]
{'min_class': 0, 'max_class': 2, 'task': 0, 'max_task': 5, 'n_train_data': 18809, 'n_test_data': 6843}
{0: 6843}

Epoch: [1 | 20] LR: 0.010000 Sess: 0
/home/abanyi17/iTAML-master/radam.py:45: UserWarning: This overload of addcmul_ is deprecated:
	addcmul_(Number value, Tensor tensor1, Tensor tensor2)
Consider using one of the following signatures instead:
	addcmul_(Tensor tensor1, Tensor tensor2, *, Number value) (Triggered internally at  ../torch/csrc/utils/python_arg_parser.cpp:1050.)
  exp_avg_sq.mul_(beta2).addcmul_(1 - beta2, grad, grad)
94.92912465293
{1: 5020, 0: 1476}

Epoch: [2 | 20] LR: 0.010000 Sess: 0
96.94578401285986
{1: 5076, 0: 1558}

Epoch: [3 | 20] LR: 0.010000 Sess: 0
97.82259243022065
{1: 5004, 0: 1690}

Epoch: [4 | 20] LR: 0.010000 Sess: 0
97.5741633786351
{1: 4964, 0: 1713}

Epoch: [5 | 20] LR: 0.010000 Sess: 0
96.08358906912173
{1: 4858, 0: 1717}

Epoch: [6 | 20] LR: 0.002000 Sess: 0
98.40713137512788
{1: 5022, 0: 1712}

Epoch: [7 | 20] LR: 0.002000 Sess: 0
98.3048370597691
{1: 5014, 0: 1713}

Epoch: [8 | 20] LR: 0.002000 Sess: 0
98.07102148180623
{1: 4994, 0: 1717}

Epoch: [9 | 20] LR: 0.002000 Sess: 0
98.64094695309076
{1: 5050, 0: 1700}

Epoch: [10 | 20] LR: 0.002000 Sess: 0
98.27561011252374
{1: 5043, 0: 1682}

Epoch: [11 | 20] LR: 0.000400 Sess: 0
98.59710653222271
{1: 5050, 0: 1697}

Epoch: [12 | 20] LR: 0.000400 Sess: 0
98.7578547420722
{1: 5044, 0: 1714}

Epoch: [13 | 20] LR: 0.000400 Sess: 0
98.64094695309075
{1: 5039, 0: 1711}

Epoch: [14 | 20] LR: 0.000400 Sess: 0
98.81630863656291
{1: 5052, 0: 1710}

Epoch: [15 | 20] LR: 0.000400 Sess: 0
98.80169516294023
{1: 5046, 0: 1715}

Epoch: [16 | 20] LR: 0.000080 Sess: 0
98.77246821569487
{1: 5052, 0: 1707}

Epoch: [17 | 20] LR: 0.000080 Sess: 0
98.78708168931755
{1: 5051, 0: 1709}

Epoch: [18 | 20] LR: 0.000080 Sess: 0
98.69940084758147
{1: 5039, 0: 1715}

Epoch: [19 | 20] LR: 0.000080 Sess: 0
98.80169516294023
{1: 5052, 0: 1709}

Epoch: [20 | 20] LR: 0.000080 Sess: 0
The PostScript backend does not support transparency; partially transparent artists will be rendered opaque.
The PostScript backend does not support transparency; partially transparent artists will be rendered opaque.
98.84553558380827
{1: 5051, 0: 1713}
2000
Training meta tasks:	 0
98.84553558380827
{0: 1713, 1: 5051}
tensor([1, 1, 0, 0, 0, 1, 1, 1, 1, 1, 0, 1, 1, 1, 0, 1, 1, 0, 1, 1, 0, 1, 1, 0,
        0, 1, 1, 0, 1, 1, 1, 1, 1, 1, 0, 0, 1, 1, 1, 1, 1, 1, 1, 1, 1, 1, 1, 0,
        1, 1, 0, 1, 1, 1, 0, 0, 1, 1, 0, 1, 1, 0, 1, 1, 1, 1, 1, 1, 0, 1, 0, 1,
        1, 1, 0, 1, 1, 1, 1, 0, 1, 1, 1, 1, 0, 1, 1, 1, 1, 1, 1, 1, 1, 1, 0, 1,
        0, 1, 0, 1, 1, 1, 1, 1, 1, 1, 1, 1, 1, 1, 1, 1, 0, 1, 1, 1, 0, 1, 0, 1,
        1, 1, 1, 1, 1, 1, 0, 1, 1, 1, 1, 1, 0, 1, 1, 1, 1, 1, 1, 1, 0, 0, 1, 1,
        1, 0, 1, 0, 1, 1, 1, 1, 0, 0, 0, 1, 1, 1, 1, 1, 1, 1, 1, 1, 1, 1, 1, 1,
        1, 1, 1, 1, 1, 1, 0, 0, 0, 1, 0, 0, 1, 1, 1, 0, 1, 0, 1, 1, 1, 1, 1, 1,
        1, 0, 0, 0, 0, 0, 1, 0, 1, 1, 0, 1, 1, 1, 1, 0, 1, 1, 1, 1, 1, 0, 1, 1,
        0, 1, 1, 0, 0, 0, 1, 1, 1, 1, 1, 1, 1, 1, 1, 1, 1, 1, 1, 1, 1, 1, 1, 1,
        0, 1, 1, 1, 1, 1, 1, 1, 1, 1, 1, 1, 1, 0, 1, 1])
[0, 2]
Truth: 1
Predicted: 1
Truth: 0
Predicted: 0
1
[2, 2, 2, 2, 2]
{'min_class': 2, 'max_class': 4, 'task': 1, 'max_task': 5, 'n_train_data': 21082, 'n_test_data': 13874}
{0: 6843, 1: 7031}

Epoch: [1 | 20] LR: 0.010000 Sess: 1
81.04632471138389
64.27250746693215
{0: 1626, 1: 3920, 2: 3647, 3: 872}

Epoch: [2 | 20] LR: 0.010000 Sess: 1
77.2906619903551
35.101692504622385
{0: 435, 1: 4854, 3: 2003, 2: 465}

Epoch: [3 | 20] LR: 0.010000 Sess: 1
95.2213941253836
75.30934433224293
{0: 1618, 1: 4898, 2: 3634, 3: 1661}

Epoch: [4 | 20] LR: 0.010000 Sess: 1
94.60762823323104
58.640307210923055
{0: 1494, 1: 4980, 2: 2815, 3: 1308}

Epoch: [5 | 20] LR: 0.010000 Sess: 1
71.13838959520677
77.25785805717537
{0: 1701, 1: 3167, 3: 1540, 2: 3892}

Epoch: [6 | 20] LR: 0.002000 Sess: 1
94.18383749817332
81.70957189588964
{0: 1695, 1: 4750, 3: 2160, 2: 3585}

Epoch: [7 | 20] LR: 0.002000 Sess: 1
95.51366359783721
84.49722656805575
{0: 1708, 1: 4828, 3: 2256, 2: 3685}

Epoch: [8 | 20] LR: 0.002000 Sess: 1
95.71825222855473
80.51486275067558
{0: 1669, 1: 4881, 3: 1969, 2: 3692}

Epoch: [9 | 20] LR: 0.002000 Sess: 1
94.1253836036826
85.74882662494667
{0: 1706, 1: 4735, 3: 2398, 2: 3631}

Epoch: [10 | 20] LR: 0.002000 Sess: 1
96.93117053923717
84.36922201678281
{0: 1701, 1: 4932, 3: 2219, 2: 3713}

Epoch: [11 | 20] LR: 0.000400 Sess: 1
96.05436212187638
83.54430379746836
{0: 1711, 1: 4862, 3: 2233, 2: 3641}

Epoch: [12 | 20] LR: 0.000400 Sess: 1
95.83516001753617
86.09017209500782
{0: 1714, 1: 4844, 3: 2299, 2: 3754}

Epoch: [13 | 20] LR: 0.000400 Sess: 1
95.68902528130937
85.57815388991608
{0: 1710, 1: 4838, 3: 2323, 2: 3694}

Epoch: [14 | 20] LR: 0.000400 Sess: 1
96.20049685810318
85.19414023609728
{0: 1709, 1: 4874, 3: 2269, 2: 3721}

Epoch: [15 | 20] LR: 0.000400 Sess: 1
95.7474791758001
86.10439482292703
{0: 1712, 1: 4840, 3: 2347, 2: 3707}

Epoch: [16 | 20] LR: 0.000080 Sess: 1
95.79131959666813
86.07594936708861
{0: 1711, 1: 4844, 3: 2326, 2: 3726}

Epoch: [17 | 20] LR: 0.000080 Sess: 1
95.77670612304544
86.47418574882661
{0: 1712, 1: 4842, 3: 2343, 2: 3737}

Epoch: [18 | 20] LR: 0.000080 Sess: 1
95.74747917580008
86.41729483714975
{0: 1713, 1: 4839, 3: 2316, 2: 3760}

Epoch: [19 | 20] LR: 0.000080 Sess: 1
96.03974864825369
86.41729483714977
{0: 1708, 1: 4864, 3: 2377, 2: 3699}

Epoch: [20 | 20] LR: 0.000080 Sess: 1
The PostScript backend does not support transparency; partially transparent artists will be rendered opaque.
The PostScript backend does not support transparency; partially transparent artists will be rendered opaque.
96.15665643723513
85.80571753662352
{0: 1708, 1: 4872, 3: 2348, 2: 3685}
2000
Training meta tasks:	 0
Training meta tasks:	 1
97.91027327195674
93.10197695918077
{0: 1715, 1: 4985, 2: 3778, 3: 2768}
tensor([1, 1, 0, 0, 0, 1, 1, 1, 1, 1, 0, 1, 1, 1, 0, 1, 1, 0, 1, 1, 0, 1, 1, 0,
        0, 1, 1, 0, 1, 1, 1, 1, 1, 1, 0, 0, 1, 1, 1, 1, 1, 1, 1, 1, 1, 1, 1, 0,
        1, 1, 0, 1, 1, 1, 0, 0, 1, 1, 0, 1, 1, 0, 1, 1, 1, 1, 1, 1, 0, 1, 0, 1,
        1, 1, 0, 1, 1, 1, 1, 0, 1, 1, 1, 1, 0, 1, 1, 1, 1, 1, 1, 1, 1, 1, 0, 1,
        0, 1, 0, 1, 1, 1, 1, 1, 1, 1, 1, 1, 1, 1, 1, 1, 0, 1, 1, 1, 0, 1, 0, 1,
        1, 1, 1, 1, 1, 1, 0, 1, 1, 1, 1, 1, 0, 1, 1, 1, 1, 1, 1, 1, 0, 0, 1, 1,
        1, 0, 1, 0, 1, 1, 1, 1, 0, 0, 0, 1, 1, 1, 1, 1, 1, 1, 1, 1, 1, 1, 1, 1,
        1, 1, 1, 1, 1, 1, 0, 0, 0, 1, 0, 0, 1, 1, 1, 0, 1, 0, 1, 1, 1, 1, 1, 1,
        1, 0, 0, 0, 0, 0, 1, 0, 1, 1, 0, 1, 1, 1, 1, 0, 1, 1, 1, 1, 1, 0, 1, 1,
        0, 1, 1, 0, 0, 0, 1, 1, 1, 1, 1, 1, 1, 1, 1, 1, 1, 1, 1, 1, 1, 1, 1, 1,
        0, 1, 1, 1, 1, 1, 1, 1, 1, 1, 1, 1, 1, 0, 1, 1])
[0, 2]
Truth: 1
Predicted: 0
Truth: 0
Predicted: 1
2
[2, 2, 2, 2, 2]
{'min_class': 4, 'max_class': 6, 'task': 2, 'max_task': 5, 'n_train_data': 16340, 'n_test_data': 18781}
{0: 6843, 1: 7031, 2: 4907}

Epoch: [1 | 20] LR: 0.010000 Sess: 2
89.7121145696332
67.79974399089745
38.903607091909514
{0: 1589, 1: 4550, 3: 1846, 2: 2921, 5: 1128, 4: 781}

Epoch: [2 | 20] LR: 0.010000 Sess: 2
91.97720298114862
52.353861470630065
44.56898308538822
{0: 1473, 1: 4821, 2: 2616, 3: 1065, 5: 1564, 4: 623}

Epoch: [3 | 20] LR: 0.010000 Sess: 2
71.57679380388718
58.93898449722657
71.1228856735276
{0: 1709, 1: 3189, 3: 795, 2: 3349, 5: 2009, 4: 1481}

Epoch: [4 | 20] LR: 0.010000 Sess: 2
61.01125237468947
68.65310766605035
54.79926635418789
{0: 1655, 1: 2520, 3: 1894, 2: 2933, 5: 1671, 4: 1018}

Epoch: [5 | 20] LR: 0.010000 Sess: 2
87.9438842612889
71.22742141942825
77.01243122070511
{0: 1683, 1: 4335, 3: 1632, 2: 3376, 5: 1968, 4: 1811}

Epoch: [6 | 20] LR: 0.002000 Sess: 2
89.14218909834867
75.43734888351585
79.5598125127369
{0: 1689, 1: 4411, 3: 2016, 2: 3288, 5: 2089, 4: 1815}

Epoch: [7 | 20] LR: 0.002000 Sess: 2
90.39894782989916
73.24704878395676
82.57591196250254
{0: 1647, 1: 4539, 3: 1648, 2: 3502, 5: 2112, 4: 1940}

Epoch: [8 | 20] LR: 0.002000 Sess: 2
92.5032880315651
65.22543023751956
81.35316894232729
{0: 1643, 1: 4687, 3: 1385, 2: 3201, 5: 2183, 4: 1809}

Epoch: [9 | 20] LR: 0.002000 Sess: 2
94.40303960251353
70.08960318589105
76.58447116364377
{0: 1647, 1: 4813, 3: 1591, 2: 3337, 5: 2137, 4: 1621}

Epoch: [10 | 20] LR: 0.002000 Sess: 2
89.5659798334064
66.13568482434931
81.8830242510699
{0: 1664, 1: 4465, 3: 1331, 2: 3319, 5: 2207, 4: 1811}

Epoch: [11 | 20] LR: 0.000400 Sess: 2
91.7726143504311
71.92433508746977
82.47401671082127
{0: 1674, 1: 4606, 3: 1720, 2: 3337, 5: 2175, 4: 1872}

Epoch: [12 | 20] LR: 0.000400 Sess: 2
94.2569048662867
69.05134404778838
76.42143876095375
{0: 1603, 1: 4847, 3: 1634, 2: 3221, 5: 2101, 4: 1649}

Epoch: [13 | 20] LR: 0.000400 Sess: 2
92.85401139850943
75.13867159721235
82.1479519054412
{0: 1665, 1: 4689, 3: 1941, 2: 3342, 5: 2146, 4: 1885}

Epoch: [14 | 20] LR: 0.000400 Sess: 2
93.19012129183108
75.79291708149623
80.92520888526596
{0: 1657, 1: 4720, 3: 1947, 2: 3382, 5: 2133, 4: 1838}

Epoch: [15 | 20] LR: 0.000400 Sess: 2
93.29241560718982
75.83558526525388
82.20908905644997
{0: 1671, 1: 4713, 3: 1808, 2: 3524, 5: 2146, 4: 1888}

Epoch: [16 | 20] LR: 0.000080 Sess: 2
93.77466023673827
75.56535343478879
81.45506419400856
{0: 1674, 1: 4743, 3: 1765, 2: 3548, 5: 2136, 4: 1861}

Epoch: [17 | 20] LR: 0.000080 Sess: 2
92.82478445126407
76.88806713127578
81.27165274098226
{0: 1677, 1: 4675, 3: 1969, 2: 3437, 5: 2131, 4: 1857}

Epoch: [18 | 20] LR: 0.000080 Sess: 2
93.42393686979395
76.84539894751813
80.41573262685958
{0: 1674, 1: 4719, 3: 1930, 2: 3473, 5: 2145, 4: 1801}

Epoch: [19 | 20] LR: 0.000080 Sess: 2
93.35086950168056
77.51386715972123
80.98634603627471
{0: 1671, 1: 4717, 3: 2008, 2: 3442, 5: 2129, 4: 1845}

Epoch: [20 | 20] LR: 0.000080 Sess: 2
The PostScript backend does not support transparency; partially transparent artists will be rendered opaque.
The PostScript backend does not support transparency; partially transparent artists will be rendered opaque.
93.26318865994446
77.31474896885223
79.82474016710822
{0: 1673, 1: 4709, 3: 1975, 2: 3461, 5: 2141, 4: 1776}
1998
Training meta tasks:	 0
Training meta tasks:	 1
Training meta tasks:	 2
98.50942569048662
95.8896316313469
97.53413490931322
{0: 1715, 1: 5026, 2: 3922, 3: 2820, 4: 2515, 5: 2271}
tensor([1, 1, 0, 0, 0, 1, 1, 1, 1, 1, 0, 1, 1, 1, 0, 1, 1, 0, 1, 1, 0, 1, 1, 0,
        0, 1, 1, 0, 1, 1, 1, 1, 1, 1, 0, 0, 1, 1, 1, 1, 1, 1, 1, 1, 1, 1, 1, 0,
        1, 1, 0, 1, 1, 1, 0, 0, 1, 1, 0, 1, 1, 0, 1, 1, 1, 1, 1, 1, 0, 1, 0, 1,
        1, 1, 0, 1, 1, 1, 1, 0, 1, 1, 1, 1, 0, 1, 1, 1, 1, 1, 1, 1, 1, 1, 0, 1,
        0, 1, 0, 1, 1, 1, 1, 1, 1, 1, 1, 1, 1, 1, 1, 1, 0, 1, 1, 1, 0, 1, 0, 1,
        1, 1, 1, 1, 1, 1, 0, 1, 1, 1, 1, 1, 0, 1, 1, 1, 1, 1, 1, 1, 0, 0, 1, 1,
        1, 0, 1, 0, 1, 1, 1, 1, 0, 0, 0, 1, 1, 1, 1, 1, 1, 1, 1, 1, 1, 1, 1, 1,
        1, 1, 1, 1, 1, 1, 0, 0, 0, 1, 0, 0, 1, 1, 1, 0, 1, 0, 1, 1, 1, 1, 1, 1,
        1, 0, 0, 0, 0, 0, 1, 0, 1, 1, 0, 1, 1, 1, 1, 0, 1, 1, 1, 1, 1, 0, 1, 1,
        0, 1, 1, 0, 0, 0, 1, 1, 1, 1, 1, 1, 1, 1, 1, 1, 1, 1, 1, 1, 1, 1, 1, 1,
        0, 1, 1, 1, 1, 1, 1, 1, 1, 1, 1, 1, 1, 0, 1, 1])
[0, 2]
Truth: 1
Predicted: 0
Truth: 0
Predicted: 1
3
[2, 2, 2, 2, 2]
{'min_class': 6, 'max_class': 8, 'task': 3, 'max_task': 5, 'n_train_data': 13320, 'n_test_data': 22777}
{0: 6843, 1: 7031, 2: 4907, 3: 3996}

Epoch: [1 | 20] LR: 0.010000 Sess: 3
88.14847289200642
69.37846678993031
79.53943346240065
0.050050050050050046
{0: 1581, 1: 4451, 3: 1868, 2: 3010, 5: 2102, 4: 1801, 6: 2}

Epoch: [2 | 20] LR: 0.010000 Sess: 3
88.95221394125383
39.31161996871
48.074179743223965
12.337337337337337
{0: 1124, 1: 4963, 2: 2606, 3: 158, 5: 1644, 4: 715, 6: 493}

Epoch: [3 | 20] LR: 0.010000 Sess: 3
78.06517609235715
66.32058028729911
69.71673120032607
41.31631631631632
{0: 1297, 1: 4045, 3: 1007, 2: 3656, 5: 1233, 4: 2188, 6: 1651}

Epoch: [4 | 20] LR: 0.010000 Sess: 3
74.92327926348092
15.175650689802305
26.370491135113106
8.583583583583584
{1: 5003, 0: 124, 3: 894, 2: 173, 4: 942, 5: 352, 6: 337, 7: 6}

Epoch: [5 | 20] LR: 0.010000 Sess: 3
54.21598714014321
73.53150334234107
48.60403505196658
25.275275275275273
{0: 1526, 1: 2184, 3: 2456, 2: 2714, 4: 2013, 5: 372, 7: 558, 6: 452}

Epoch: [6 | 20] LR: 0.002000 Sess: 3
85.47420721905598
73.34660787939126
67.7399633177094
32.28228228228228
{0: 1493, 1: 4356, 3: 2222, 2: 2935, 5: 1822, 4: 1502, 6: 563, 7: 727}

Epoch: [7 | 20] LR: 0.002000 Sess: 3
84.30512932924157
76.3333807424264
74.52618707968207
45.0950950950951
{0: 1537, 1: 4232, 3: 2187, 2: 3180, 5: 1853, 4: 1804, 6: 992, 7: 810}

Epoch: [8 | 20] LR: 0.002000 Sess: 3
84.08592722490135
75.8640307210923
72.71245159975545
38.63863863863864
{0: 1532, 1: 4222, 3: 2195, 2: 3139, 5: 1818, 4: 1750, 7: 920, 6: 624}

Epoch: [9 | 20] LR: 0.002000 Sess: 3
83.326026596522
75.84980799317309
76.58447116364377
38.38838838838839
{0: 1397, 1: 4305, 3: 2225, 2: 3108, 5: 1839, 4: 1919, 6: 777, 7: 757}

Epoch: [10 | 20] LR: 0.002000 Sess: 3
85.05041648399826
69.43535770160717
72.08070103933156
38.06306306306306
{0: 1410, 1: 4410, 3: 1766, 2: 3116, 5: 1672, 4: 1865, 6: 1242, 7: 279}

Epoch: [11 | 20] LR: 0.000400 Sess: 3
87.02323542306007
74.15730337078652
71.93804768697778
38.33833833833834
{0: 1517, 1: 4438, 3: 2100, 2: 3114, 5: 1955, 4: 1575, 6: 757, 7: 775}

Epoch: [12 | 20] LR: 0.000400 Sess: 3
79.81879292707877
77.03029441046792
77.90910943550031
42.14214214214214
{0: 1554, 1: 3908, 3: 2245, 2: 3171, 5: 1849, 4: 1974, 6: 804, 7: 880}

Epoch: [13 | 20] LR: 0.000400 Sess: 3
77.58293146280872
78.5379035699047
80.15080497248829
47.52252252252252
{0: 1574, 1: 3735, 3: 2173, 2: 3349, 5: 1800, 4: 2133, 6: 853, 7: 1046}

Epoch: [14 | 20] LR: 0.000400 Sess: 3
79.89186029519217
77.44275352012517
78.8057876502955
44.969969969969966
{0: 1583, 1: 3884, 3: 2247, 2: 3198, 5: 1935, 4: 1932, 6: 691, 7: 1106}

Epoch: [15 | 20] LR: 0.000400 Sess: 3
82.1423352330849
78.1396671881667
78.19441614020786
45.270270270270274
{0: 1508, 1: 4113, 3: 2175, 2: 3319, 5: 1950, 4: 1887, 6: 1021, 7: 788}

Epoch: [16 | 20] LR: 0.000080 Sess: 3
82.27385649568902
79.33437633338075
78.92806195231302
47.4974974974975
{0: 1514, 1: 4116, 3: 2195, 2: 3383, 5: 1969, 4: 1904, 6: 951, 7: 947}

Epoch: [17 | 20] LR: 0.000080 Sess: 3
80.72482829168493
77.58498079931731
80.11004687181577
44.66966966966967
{0: 1548, 1: 3976, 3: 2162, 2: 3293, 5: 1857, 4: 2074, 6: 840, 7: 945}

Epoch: [18 | 20] LR: 0.000080 Sess: 3
79.64343124360661
76.85962167543735
80.47686977786836
47.22222222222222
{0: 1541, 1: 3909, 3: 2110, 2: 3294, 5: 1833, 4: 2116, 6: 991, 7: 896}

Epoch: [19 | 20] LR: 0.000080 Sess: 3
82.11310828583953
76.98762622671028
80.0081516201345
41.991991991991995
{0: 1526, 1: 4093, 3: 2190, 2: 3223, 5: 1986, 4: 1940, 6: 828, 7: 850}

Epoch: [20 | 20] LR: 0.000080 Sess: 3
The PostScript backend does not support transparency; partially transparent artists will be rendered opaque.
The PostScript backend does not support transparency; partially transparent artists will be rendered opaque.
79.21964050854889
78.2392262836012
81.37354799266353
46.82182182182182
{0: 1566, 1: 3855, 3: 2165, 2: 3336, 5: 1874, 4: 2119, 6: 824, 7: 1047}
2000
Training meta tasks:	 0
Training meta tasks:	 1
Training meta tasks:	 2
Training meta tasks:	 3
98.37790442788253
95.84696344758925
98.59384552679845
98.82382382382383
{0: 1697, 1: 5035, 2: 3957, 3: 2782, 4: 2480, 5: 2358, 6: 1960, 7: 1989}
tensor([1, 1, 0, 0, 0, 1, 1, 1, 1, 1, 0, 1, 1, 1, 0, 1, 1, 0, 1, 1, 0, 1, 1, 0,
        0, 1, 1, 0, 1, 1, 1, 1, 1, 1, 0, 0, 1, 1, 1, 1, 1, 1, 1, 1, 1, 1, 1, 0,
        1, 1, 0, 1, 1, 1, 0, 0, 1, 1, 0, 1, 1, 0, 1, 1, 1, 1, 1, 1, 0, 1, 0, 1,
        1, 1, 0, 1, 1, 1, 1, 0, 1, 1, 1, 1, 0, 1, 1, 1, 1, 1, 1, 1, 1, 1, 0, 1,
        0, 1, 0, 1, 1, 1, 1, 1, 1, 1, 1, 1, 1, 1, 1, 1, 0, 1, 1, 1, 0, 1, 0, 1,
        1, 1, 1, 1, 1, 1, 0, 1, 1, 1, 1, 1, 0, 1, 1, 1, 1, 1, 1, 1, 0, 0, 1, 1,
        1, 0, 1, 0, 1, 1, 1, 1, 0, 0, 0, 1, 1, 1, 1, 1, 1, 1, 1, 1, 1, 1, 1, 1,
        1, 1, 1, 1, 1, 1, 0, 0, 0, 1, 0, 0, 1, 1, 1, 0, 1, 0, 1, 1, 1, 1, 1, 1,
        1, 0, 0, 0, 0, 0, 1, 0, 1, 1, 0, 1, 1, 1, 1, 0, 1, 1, 1, 1, 1, 0, 1, 1,
        0, 1, 1, 0, 0, 0, 1, 1, 1, 1, 1, 1, 1, 1, 1, 1, 1, 1, 1, 1, 1, 1, 1, 1,
        0, 1, 1, 1, 1, 1, 1, 1, 1, 1, 1, 1, 1, 0, 1, 1])
[0, 2]
Truth: 1
Predicted: 0
Truth: 0
Predicted: 1
4
[2, 2, 2, 2, 2]
{'min_class': 8, 'max_class': 10, 'task': 4, 'max_task': 5, 'n_train_data': 11704, 'n_test_data': 26032}
{0: 6843, 1: 7031, 2: 4907, 3: 3996, 4: 3255}

Epoch: [1 | 20] LR: 0.010000 Sess: 4
76.28233231039017
57.829611719527804
53.576523334012634
37.86286286286286
21.351766513056837
{1: 4230, 0: 990, 3: 2080, 2: 1986, 5: 1618, 4: 1011, 7: 1376, 6: 137, 9: 695}

Epoch: [2 | 20] LR: 0.010000 Sess: 4
48.64825368990209
35.059024320864744
56.103525575708176
52.727727727727725
31.797235023041477
{0: 1524, 1: 1805, 3: 2134, 2: 331, 5: 2070, 4: 683, 7: 1887, 6: 220, 9: 1010, 8: 25}

Epoch: [3 | 20] LR: 0.010000 Sess: 4
86.27794826830338
60.631489119613136
66.49684124719788
77.62762762762762
47.281105990783416
{0: 1590, 1: 4314, 3: 1824, 2: 2439, 5: 1467, 4: 1796, 6: 1453, 7: 1649, 9: 979, 8: 560}

Epoch: [4 | 20] LR: 0.010000 Sess: 4
79.89186029519217
50.33423410610155
56.67413898512329
42.96796796796797
40.03072196620584
{0: 1354, 1: 4113, 2: 1701, 3: 1838, 5: 1461, 4: 1320, 7: 1565, 6: 152, 9: 1033, 8: 270}

Epoch: [5 | 20] LR: 0.010000 Sess: 4
86.3364021627941
43.066420139382735
54.77888730385163
50.27527527527528
46.75883256528418
{0: 1149, 1: 4759, 2: 2364, 3: 664, 5: 1618, 4: 1070, 6: 929, 7: 1080, 9: 521, 8: 1001}

Epoch: [6 | 20] LR: 0.002000 Sess: 4
89.492912465293
60.588820935855495
62.66557978398207
49.74974974974975
43.62519201228879
{0: 1507, 1: 4617, 3: 1724, 2: 2536, 5: 1342, 4: 1733, 6: 515, 7: 1473, 9: 980, 8: 440}

Epoch: [7 | 20] LR: 0.002000 Sess: 4
88.23615373374251
58.782534490115204
67.02669655594049
54.67967967967968
44.60829493087557
{0: 1601, 1: 4437, 3: 1689, 2: 2444, 5: 1971, 4: 1318, 6: 579, 7: 1606, 9: 1115, 8: 337}

Epoch: [8 | 20] LR: 0.002000 Sess: 4
85.50343416630133
64.69918930450861
69.390666394946
55.430430430430434
44.5468509984639
{0: 1595, 1: 4256, 2: 2683, 3: 1866, 5: 1857, 4: 1548, 6: 608, 7: 1607, 9: 1155, 8: 295}

Epoch: [9 | 20] LR: 0.002000 Sess: 4
77.9628817769984
61.81197553690798
73.73140411656817
52.77777777777778
45.22273425499232
{0: 1617, 1: 3718, 3: 2030, 2: 2316, 5: 1871, 4: 1747, 6: 347, 7: 1762, 9: 1250, 8: 222}

Epoch: [10 | 20] LR: 0.002000 Sess: 4
83.73520385795703
54.842838856492676
77.70531893213777
52.82782782782783
41.59754224270353
{0: 1559, 1: 4171, 3: 1919, 2: 1937, 5: 1875, 4: 1938, 6: 369, 7: 1742, 9: 1025, 8: 329}

Epoch: [11 | 20] LR: 0.000400 Sess: 4
81.60163670904575
58.99587540890343
78.23517424088038
54.25425425425425
43.102918586789556
{0: 1605, 1: 3979, 3: 1919, 2: 2229, 5: 2003, 4: 1836, 6: 399, 7: 1769, 9: 1197, 8: 206}

Epoch: [12 | 20] LR: 0.000400 Sess: 4
79.8626333479468
60.10524818660218
79.31526390870184
56.33133133133133
41.874039938556066
{0: 1613, 1: 3852, 3: 1910, 2: 2316, 5: 2020, 4: 1872, 6: 432, 7: 1819, 9: 1166, 8: 197}

Epoch: [13 | 20] LR: 0.000400 Sess: 4
77.78752009352623
56.16555255297966
79.84511921744446
55.55555555555556
40.06144393241168
{0: 1623, 1: 3700, 3: 1991, 2: 1958, 5: 1947, 4: 1971, 6: 370, 7: 1850, 9: 1082, 8: 222}

Epoch: [14 | 20] LR: 0.000400 Sess: 4
81.73315797164986
55.44019342909969
79.23374770735684
56.60660660660661
39.96927803379417
{0: 1599, 1: 3994, 3: 1869, 2: 2029, 5: 1982, 4: 1906, 6: 457, 7: 1805, 9: 1028, 8: 273}

Epoch: [15 | 20] LR: 0.000400 Sess: 4
80.05260850504166
54.54416157018916
79.05033625433055
55.530530530530534
40.06144393241168
{0: 1614, 1: 3864, 3: 1857, 2: 1978, 5: 2005, 4: 1874, 6: 426, 7: 1793, 9: 1033, 8: 271}

Epoch: [16 | 20] LR: 0.000080 Sess: 4
76.6330556773345
54.65794339354288
79.86549826778071
54.854854854854864
41.0752688172043
{0: 1624, 1: 3620, 3: 1927, 2: 1916, 5: 2007, 4: 1912, 6: 376, 7: 1816, 9: 1124, 8: 213}

Epoch: [17 | 20] LR: 0.000080 Sess: 4
76.07774367967266
54.686388849381316
80.06928877114326
55.18018018018019
40.76804915514593
{0: 1622, 1: 3584, 3: 1929, 2: 1916, 5: 1992, 4: 1937, 6: 392, 7: 1813, 9: 1107, 8: 220}

Epoch: [18 | 20] LR: 0.000080 Sess: 4
77.49525062107263
54.003697909258996
80.13042592215203
55.70570570570571
41.628264208909364
{0: 1608, 1: 3695, 3: 1849, 2: 1948, 5: 2028, 4: 1904, 6: 385, 7: 1841, 9: 1124, 8: 231}

Epoch: [19 | 20] LR: 0.000080 Sess: 4
78.57664766915096
54.842838856492676
78.52048094558793
54.17917917917918
40.76804915514593
{0: 1607, 1: 3770, 3: 1907, 2: 1949, 5: 1992, 4: 1861, 6: 361, 7: 1804, 9: 1099, 8: 228}

Epoch: [20 | 20] LR: 0.000080 Sess: 4
The PostScript backend does not support transparency; partially transparent artists will be rendered opaque.
The PostScript backend does not support transparency; partially transparent artists will be rendered opaque.
82.49305860002923
56.02332527378751
77.44039127776645
54.27927927927928
42.54992319508449
{0: 1580, 1: 4065, 3: 1884, 2: 2055, 5: 2002, 4: 1798, 6: 398, 7: 1771, 9: 1189, 8: 196}
2000
Training meta tasks:	 0
Training meta tasks:	 1
Training meta tasks:	 2
Training meta tasks:	 3
Training meta tasks:	 4
98.52403916410931
93.35798606172665
98.18626452007337
98.7987987987988
97.75729646697388
{0: 1719, 1: 5023, 2: 3978, 3: 2586, 4: 2481, 5: 2337, 6: 1955, 7: 1993, 8: 1611, 9: 1571}
tensor([1, 1, 0, 0, 0, 1, 1, 1, 1, 1, 0, 1, 1, 1, 0, 1, 1, 0, 1, 1, 0, 1, 1, 0,
        0, 1, 1, 0, 1, 1, 1, 1, 1, 1, 0, 0, 1, 1, 1, 1, 1, 1, 1, 1, 1, 1, 1, 0,
        1, 1, 0, 1, 1, 1, 0, 0, 1, 1, 0, 1, 1, 0, 1, 1, 1, 1, 1, 1, 0, 1, 0, 1,
        1, 1, 0, 1, 1, 1, 1, 0, 1, 1, 1, 1, 0, 1, 1, 1, 1, 1, 1, 1, 1, 1, 0, 1,
        0, 1, 0, 1, 1, 1, 1, 1, 1, 1, 1, 1, 1, 1, 1, 1, 0, 1, 1, 1, 0, 1, 0, 1,
        1, 1, 1, 1, 1, 1, 0, 1, 1, 1, 1, 1, 0, 1, 1, 1, 1, 1, 1, 1, 0, 0, 1, 1,
        1, 0, 1, 0, 1, 1, 1, 1, 0, 0, 0, 1, 1, 1, 1, 1, 1, 1, 1, 1, 1, 1, 1, 1,
        1, 1, 1, 1, 1, 1, 0, 0, 0, 1, 0, 0, 1, 1, 1, 0, 1, 0, 1, 1, 1, 1, 1, 1,
        1, 0, 0, 0, 0, 0, 1, 0, 1, 1, 0, 1, 1, 1, 1, 0, 1, 1, 1, 1, 1, 0, 1, 1,
        0, 1, 1, 0, 0, 0, 1, 1, 1, 1, 1, 1, 1, 1, 1, 1, 1, 1, 1, 1, 1, 1, 1, 1,
        0, 1, 1, 1, 1, 1, 1, 1, 1, 1, 1, 1, 1, 0, 1, 1])
[0, 2]
Truth: 1
Predicted: 0
Truth: 0
Predicted: 1
